#
# There is insufficient memory for the Java Runtime Environment to continue.
# Native memory allocation (mmap) failed to map 5767168 bytes for committing reserved memory.
# Possible reasons:
#   The system is out of physical RAM or swap space
#   In 32 bit mode, the process size limit was hit
# Possible solutions:
#   Reduce memory load on the system
#   Increase physical memory or swap space
#   Check if swap backing store is full
#   Use 64 bit Java on a 64 bit OS
#   Decrease Java heap size (-Xmx/-Xms)
#   Decrease number of Java threads
#   Decrease Java thread stack sizes (-Xss)
#   Set larger code cache with -XX:ReservedCodeCacheSize=
# This output file may be truncated or incomplete.
#
#  Out of Memory Error (os_linux.cpp:2640), pid=13830, tid=0x00007f4d11526700
#
# JRE version: OpenJDK Runtime Environment (8.0_152-b01) (build 1.8.0_152-release-915-b01)
# Java VM: OpenJDK 64-Bit Server VM (25.152-b01 mixed mode linux-amd64 compressed oops)
# Failed to write core dump. Core dumps have been disabled. To enable core dumping, try "ulimit -c unlimited" before starting Java again
#

---------------  T H R E A D  ---------------

Current thread (0x00007f4d28074000):  VMThread [stack: 0x00007f4d11426000,0x00007f4d11527000] [id=13836]

Stack: [0x00007f4d11426000,0x00007f4d11527000],  sp=0x00007f4d115254a0,  free space=1021k
Native frames: (J=compiled Java code, j=interpreted, Vv=VM code, C=native code)
V  [libjvm.so+0x9eb15d]  VMError::report_and_die()+0x15d
V  [libjvm.so+0x4b8eaa]  report_vm_out_of_memory(char const*, int, unsigned long, VMErrorType, char const*)+0x8a
V  [libjvm.so+0x851370]  os::pd_commit_memory(char*, unsigned long, unsigned long, bool)+0xf0
V  [libjvm.so+0x84be8f]  os::commit_memory(char*, unsigned long, unsigned long, bool)+0x1f
V  [libjvm.so+0x8c261b]  PSVirtualSpace::expand_by(unsigned long)+0x5b
V  [libjvm.so+0x8c3290]  PSYoungGen::resize_generation(unsigned long, unsigned long)+0xb0
V  [libjvm.so+0x8c35ab]  PSYoungGen::resize(unsigned long, unsigned long)+0x1b
V  [libjvm.so+0x8bfc9c]  PSScavenge::invoke_no_policy()+0xdac
V  [libjvm.so+0x8b97a0]  PSParallelCompact::invoke(bool)+0x40
V  [libjvm.so+0x448a93]  CollectedHeap::collect_as_vm_thread(GCCause::Cause)+0x143
V  [libjvm.so+0x9ec5a1]  VM_CollectForMetadataAllocation::doit()+0x141
V  [libjvm.so+0x9f1197]  VM_Operation::evaluate()+0x47
V  [libjvm.so+0x9efb78]  VMThread::evaluate_operation(VM_Operation*)+0x2c8
V  [libjvm.so+0x9efff9]  VMThread::loop()+0x219
V  [libjvm.so+0x9f0442]  VMThread::run()+0x72
V  [libjvm.so+0x84e792]  java_start(Thread*)+0xf2

VM_Operation (0x00007f4ce78e80a0): CollectForMetadataAllocation, mode: safepoint, requested by thread 0x00007f4cdc007000


---------------  P R O C E S S  ---------------

Java Threads: ( => current thread )
  0x00007f4d14046000 JavaThread "process reaper" daemon [_thread_blocked, id=13872, stack(0x00007f4ce41ed000,0x00007f4ce4226000)]
  0x00007f4d0c04d800 JavaThread "process reaper" daemon [_thread_blocked, id=13871, stack(0x00007f4ce4226000,0x00007f4ce425f000)]
  0x00007f4cd0da9800 JavaThread "Memory manager" [_thread_blocked, id=13860, stack(0x00007f4ce5478000,0x00007f4ce5579000)]
  0x00007f4cd0270800 JavaThread "build operations Thread 2" [_thread_blocked, id=13859, stack(0x00007f4ce5f3f000,0x00007f4ce6040000)]
  0x00007f4cd026e000 JavaThread "build operations" [_thread_blocked, id=13858, stack(0x00007f4ce6040000,0x00007f4ce6141000)]
  0x00007f4cd0adf800 JavaThread "Cache worker for Artifact transforms cache (/home/yx/.gradle/caches/transforms-1)" [_thread_blocked, id=13857, stack(0x00007f4ce6341000,0x00007f4ce6442000)]
  0x00007f4cd02ec800 JavaThread "Cache worker for file hash cache (/home/yx/cse586/GroupMessenger1-Maddas/.gradle/4.1/fileHashes)" [_thread_blocked, id=13856, stack(0x00007f4ce70ea000,0x00007f4ce71eb000)]
  0x00007f4cd0157000 JavaThread "File lock request listener" [_thread_in_native, id=13855, stack(0x00007f4ce71eb000,0x00007f4ce72ec000)]
  0x00007f4cd0134800 JavaThread "Cache worker for file hash cache (/home/yx/.gradle/caches/4.1/fileHashes)" [_thread_blocked, id=13854, stack(0x00007f4ce72ec000,0x00007f4ce73ed000)]
  0x00007f4cd0031800 JavaThread "Stdin handler" [_thread_blocked, id=13853, stack(0x00007f4ce75ed000,0x00007f4ce76ee000)]
  0x00007f4cd0025800 JavaThread "Asynchronous log dispatcher for DefaultDaemonConnection: socket connection from /127.0.0.1:40531 to /127.0.0.1:43760" [_thread_blocked, id=13852, stack(0x00007f4ce76ee000,0x00007f4ce77ef000)]
  0x00007f4cdc007000 JavaThread "Daemon worker" [_thread_blocked, id=13849, stack(0x00007f4ce77ef000,0x00007f4ce78f0000)]
  0x00007f4cdc004000 JavaThread "Cancel handler" [_thread_blocked, id=13848, stack(0x00007f4ce78f0000,0x00007f4ce79f1000)]
  0x00007f4cdc005800 JavaThread "Handler for socket connection from /127.0.0.1:40531 to /127.0.0.1:43760" [_thread_in_native, id=13847, stack(0x00007f4ce79f1000,0x00007f4ce7af2000)]
  0x00007f4ce003d800 JavaThread "Daemon" [_thread_blocked, id=13846, stack(0x00007f4ce7af2000,0x00007f4ce7bf3000)]
  0x00007f4d28c7c000 JavaThread "Daemon periodic checks" [_thread_blocked, id=13845, stack(0x00007f4ce7bf3000,0x00007f4ce7cf4000)]
  0x00007f4d28c5a000 JavaThread "Incoming local TCP Connector on port 40531" [_thread_in_native, id=13844, stack(0x00007f4ce7cfb000,0x00007f4ce7dfc000)]
  0x00007f4d280ba800 JavaThread "Service Thread" daemon [_thread_blocked, id=13842, stack(0x00007f4d10461000,0x00007f4d10562000)]
  0x00007f4d280b7800 JavaThread "C1 CompilerThread1" daemon [_thread_blocked, id=13841, stack(0x00007f4d10562000,0x00007f4d10663000)]
  0x00007f4d280b4800 JavaThread "C2 CompilerThread0" daemon [_thread_blocked, id=13840, stack(0x00007f4d10663000,0x00007f4d10764000)]
  0x00007f4d280b3800 JavaThread "Signal Dispatcher" daemon [_thread_blocked, id=13839, stack(0x00007f4d10764000,0x00007f4d10865000)]
  0x00007f4d28080000 JavaThread "Finalizer" daemon [_thread_blocked, id=13838, stack(0x00007f4d11224000,0x00007f4d11325000)]
  0x00007f4d2807b800 JavaThread "Reference Handler" daemon [_thread_blocked, id=13837, stack(0x00007f4d11325000,0x00007f4d11426000)]
  0x00007f4d2800a800 JavaThread "main" [_thread_blocked, id=13833, stack(0x00007f4d2f225000,0x00007f4d2f326000)]

Other Threads:
=>0x00007f4d28074000 VMThread [stack: 0x00007f4d11426000,0x00007f4d11527000] [id=13836]
  0x00007f4d280bd000 WatcherThread [stack: 0x00007f4d10360000,0x00007f4d10461000] [id=13843]

VM state:at safepoint (normal execution)

VM Mutex/Monitor currently owned by a thread:  ([mutex/lock_event])
[0x00007f4d28006e80] Threads_lock - owner thread: 0x00007f4d28074000
[0x00007f4d28007380] Heap_lock - owner thread: 0x00007f4cdc007000

Heap:
 PSYoungGen      total 112640K, used 14319K [0x00000000eab00000, 0x00000000f3d80000, 0x0000000100000000)
  eden space 98304K, 0% used [0x00000000eab00000,0x00000000eab00000,0x00000000f0b00000)
  from space 14336K, 99% used [0x00000000f2f80000,0x00000000f3d7bec0,0x00000000f3d80000)
  to   space 11264K, 0% used [0x00000000f0b00000,0x00000000f0b00000,0x00000000f1600000)
 ParOldGen       total 53760K, used 25118K [0x00000000c0000000, 0x00000000c3480000, 0x00000000eab00000)
  object space 53760K, 46% used [0x00000000c0000000,0x00000000c1887830,0x00000000c3480000)
 Metaspace       used 56934K, capacity 58898K, committed 59028K, reserved 1099776K
  class space    used 7649K, capacity 8079K, committed 8192K, reserved 1048576K

Card table byte_map: [0x00007f4d18dff000,0x00007f4d19000000] byte_map_base: 0x00007f4d187ff000

Marking Bits: (ParMarkBitMap*) 0x00007f4d2e6ee3e0
 Begin Bits: [0x00007f4d12000000, 0x00007f4d13000000)
 End Bits:   [0x00007f4d13000000, 0x00007f4d14000000)

Polling page: 0x00007f4d2f342000

CodeCache: size=245760Kb used=16548Kb max_used=16559Kb free=229211Kb
 bounds [0x00007f4d19000000, 0x00007f4d1a040000, 0x00007f4d28000000]
 total_blobs=6344 nmethods=5558 adapters=699
 compilation: enabled

Compilation events (10 events):
Event: 32.491 Thread 0x00007f4d280b4800 nmethod 6343 0x00007f4d1a03a690 code [0x00007f4d1a03a7e0, 0x00007f4d1a03a878]
Event: 32.491 Thread 0x00007f4d280b4800 6467       4       java.lang.StringBuilder::append (6 bytes)
Event: 32.492 Thread 0x00007f4d280b4800 nmethod 6467 0x00007f4d19778ed0 code [0x00007f4d19779020, 0x00007f4d197790a8]
Event: 32.492 Thread 0x00007f4d280b4800 6417       4       com.google.protobuf.DescriptorProtos$FieldDescriptorProto$Label::forNumber (42 bytes)
Event: 32.493 Thread 0x00007f4d280b4800 nmethod 6417 0x00007f4d1a03a990 code [0x00007f4d1a03aae0, 0x00007f4d1a03ab58]
Event: 32.493 Thread 0x00007f4d280b4800 6413       4       java.util.TreeMap$PrivateEntryIterator::hasNext (13 bytes)
Event: 32.493 Thread 0x00007f4d280b4800 nmethod 6413 0x00007f4d1a03abd0 code [0x00007f4d1a03ad20, 0x00007f4d1a03ad98]
Event: 32.493 Thread 0x00007f4d280b4800 6406       4       java.lang.String::<init> (10 bytes)
Event: 32.493 Thread 0x00007f4d280b4800 nmethod 6406 0x00007f4d1a03ae10 code [0x00007f4d1a03af60, 0x00007f4d1a03afd8]
Event: 32.549 Thread 0x00007f4d280b4800 6468       4       java.net.URLStreamHandler::equals (45 bytes)

GC Heap History (10 events):
Event: 5.389 GC heap after
Heap after GC invocations=11 (full 1):
 PSYoungGen      total 87552K, used 7280K [0x00000000eab00000, 0x00000000f0b80000, 0x0000000100000000)
  eden space 79872K, 0% used [0x00000000eab00000,0x00000000eab00000,0x00000000ef900000)
  from space 7680K, 94% used [0x00000000f0400000,0x00000000f0b1c3b0,0x00000000f0b80000)
  to   space 9216K, 0% used [0x00000000ef980000,0x00000000ef980000,0x00000000f0280000)
 ParOldGen       total 34816K, used 8809K [0x00000000c0000000, 0x00000000c2200000, 0x00000000eab00000)
  object space 34816K, 25% used [0x00000000c0000000,0x00000000c089a5a0,0x00000000c2200000)
 Metaspace       used 29721K, capacity 30212K, committed 30464K, reserved 1075200K
  class space    used 4058K, capacity 4233K, committed 4352K, reserved 1048576K
}
Event: 7.364 GC heap before
{Heap before GC invocations=12 (full 1):
 PSYoungGen      total 87552K, used 61287K [0x00000000eab00000, 0x00000000f0b80000, 0x0000000100000000)
  eden space 79872K, 67% used [0x00000000eab00000,0x00000000edfbd8f8,0x00000000ef900000)
  from space 7680K, 94% used [0x00000000f0400000,0x00000000f0b1c3b0,0x00000000f0b80000)
  to   space 9216K, 0% used [0x00000000ef980000,0x00000000ef980000,0x00000000f0280000)
 ParOldGen       total 34816K, used 8809K [0x00000000c0000000, 0x00000000c2200000, 0x00000000eab00000)
  object space 34816K, 25% used [0x00000000c0000000,0x00000000c089a5a0,0x00000000c2200000)
 Metaspace       used 34583K, capacity 35206K, committed 35416K, reserved 1079296K
  class space    used 4693K, capacity 4906K, committed 4992K, reserved 1048576K
Event: 7.403 GC heap after
Heap after GC invocations=12 (full 1):
 PSYoungGen      total 89600K, used 9190K [0x00000000eab00000, 0x00000000f2000000, 0x0000000100000000)
  eden space 80384K, 0% used [0x00000000eab00000,0x00000000eab00000,0x00000000ef980000)
  from space 9216K, 99% used [0x00000000ef980000,0x00000000f02798f0,0x00000000f0280000)
  to   space 10240K, 0% used [0x00000000f1600000,0x00000000f1600000,0x00000000f2000000)
 ParOldGen       total 34816K, used 8861K [0x00000000c0000000, 0x00000000c2200000, 0x00000000eab00000)
  object space 34816K, 25% used [0x00000000c0000000,0x00000000c08a7678,0x00000000c2200000)
 Metaspace       used 34583K, capacity 35206K, committed 35416K, reserved 1079296K
  class space    used 4693K, capacity 4906K, committed 4992K, reserved 1048576K
}
Event: 7.404 GC heap before
{Heap before GC invocations=13 (full 2):
 PSYoungGen      total 89600K, used 9190K [0x00000000eab00000, 0x00000000f2000000, 0x0000000100000000)
  eden space 80384K, 0% used [0x00000000eab00000,0x00000000eab00000,0x00000000ef980000)
  from space 9216K, 99% used [0x00000000ef980000,0x00000000f02798f0,0x00000000f0280000)
  to   space 10240K, 0% used [0x00000000f1600000,0x00000000f1600000,0x00000000f2000000)
 ParOldGen       total 34816K, used 8861K [0x00000000c0000000, 0x00000000c2200000, 0x00000000eab00000)
  object space 34816K, 25% used [0x00000000c0000000,0x00000000c08a7678,0x00000000c2200000)
 Metaspace       used 34583K, capacity 35206K, committed 35416K, reserved 1079296K
  class space    used 4693K, capacity 4906K, committed 4992K, reserved 1048576K
Event: 7.650 GC heap after
Heap after GC invocations=13 (full 2):
 PSYoungGen      total 89600K, used 0K [0x00000000eab00000, 0x00000000f2000000, 0x0000000100000000)
  eden space 80384K, 0% used [0x00000000eab00000,0x00000000eab00000,0x00000000ef980000)
  from space 9216K, 0% used [0x00000000ef980000,0x00000000ef980000,0x00000000f0280000)
  to   space 10240K, 0% used [0x00000000f1600000,0x00000000f1600000,0x00000000f2000000)
 ParOldGen       total 53760K, used 15593K [0x00000000c0000000, 0x00000000c3480000, 0x00000000eab00000)
  object space 53760K, 29% used [0x00000000c0000000,0x00000000c0f3a418,0x00000000c3480000)
 Metaspace       used 34583K, capacity 35206K, committed 35416K, reserved 1079296K
  class space    used 4693K, capacity 4906K, committed 4992K, reserved 1048576K
}
Event: 9.406 GC heap before
{Heap before GC invocations=14 (full 2):
 PSYoungGen      total 89600K, used 80384K [0x00000000eab00000, 0x00000000f2000000, 0x0000000100000000)
  eden space 80384K, 100% used [0x00000000eab00000,0x00000000ef980000,0x00000000ef980000)
  from space 9216K, 0% used [0x00000000ef980000,0x00000000ef980000,0x00000000f0280000)
  to   space 10240K, 0% used [0x00000000f1600000,0x00000000f1600000,0x00000000f2000000)
 ParOldGen       total 53760K, used 15593K [0x00000000c0000000, 0x00000000c3480000, 0x00000000eab00000)
  object space 53760K, 29% used [0x00000000c0000000,0x00000000c0f3a418,0x00000000c3480000)
 Metaspace       used 40054K, capacity 40626K, committed 40920K, reserved 1085440K
  class space    used 5329K, capacity 5548K, committed 5632K, reserved 1048576K
Event: 9.422 GC heap after
Heap after GC invocations=14 (full 2):
 PSYoungGen      total 108544K, used 8884K [0x00000000eab00000, 0x00000000f2280000, 0x0000000100000000)
  eden space 98304K, 0% used [0x00000000eab00000,0x00000000eab00000,0x00000000f0b00000)
  from space 10240K, 86% used [0x00000000f1600000,0x00000000f1ead1a0,0x00000000f2000000)
  to   space 11264K, 0% used [0x00000000f0b00000,0x00000000f0b00000,0x00000000f1600000)
 ParOldGen       total 53760K, used 15601K [0x00000000c0000000, 0x00000000c3480000, 0x00000000eab00000)
  object space 53760K, 29% used [0x00000000c0000000,0x00000000c0f3c418,0x00000000c3480000)
 Metaspace       used 40054K, capacity 40626K, committed 40920K, reserved 1085440K
  class space    used 5329K, capacity 5548K, committed 5632K, reserved 1048576K
}
Event: 13.558 GC heap before
{Heap before GC invocations=15 (full 2):
 PSYoungGen      total 108544K, used 107188K [0x00000000eab00000, 0x00000000f2280000, 0x0000000100000000)
  eden space 98304K, 100% used [0x00000000eab00000,0x00000000f0b00000,0x00000000f0b00000)
  from space 10240K, 86% used [0x00000000f1600000,0x00000000f1ead1a0,0x00000000f2000000)
  to   space 11264K, 0% used [0x00000000f0b00000,0x00000000f0b00000,0x00000000f1600000)
 ParOldGen       total 53760K, used 15601K [0x00000000c0000000, 0x00000000c3480000, 0x00000000eab00000)
  object space 53760K, 29% used [0x00000000c0000000,0x00000000c0f3c418,0x00000000c3480000)
 Metaspace       used 48948K, capacity 50282K, committed 50520K, reserved 1093632K
  class space    used 6604K, capacity 6991K, committed 7040K, reserved 1048576K
Event: 13.707 GC heap after
Heap after GC invocations=15 (full 2):
 PSYoungGen      total 109568K, used 11251K [0x00000000eab00000, 0x00000000f3d80000, 0x0000000100000000)
  eden space 98304K, 0% used [0x00000000eab00000,0x00000000eab00000,0x00000000f0b00000)
  from space 11264K, 99% used [0x00000000f0b00000,0x00000000f15fcf90,0x00000000f1600000)
  to   space 14336K, 0% used [0x00000000f2f80000,0x00000000f2f80000,0x00000000f3d80000)
 ParOldGen       total 53760K, used 19212K [0x00000000c0000000, 0x00000000c3480000, 0x00000000eab00000)
  object space 53760K, 35% used [0x00000000c0000000,0x00000000c12c3160,0x00000000c3480000)
 Metaspace       used 48948K, capacity 50282K, committed 50520K, reserved 1093632K
  class space    used 6604K, capacity 6991K, committed 7040K, reserved 1048576K
}
Event: 32.746 GC heap before
{Heap before GC invocations=16 (full 2):
 PSYoungGen      total 109568K, used 100723K [0x00000000eab00000, 0x00000000f3d80000, 0x0000000100000000)
  eden space 98304K, 91% used [0x00000000eab00000,0x00000000f025ff58,0x00000000f0b00000)
  from space 11264K, 99% used [0x00000000f0b00000,0x00000000f15fcf90,0x00000000f1600000)
  to   space 14336K, 0% used [0x00000000f2f80000,0x00000000f2f80000,0x00000000f3d80000)
 ParOldGen       total 53760K, used 19212K [0x00000000c0000000, 0x00000000c3480000, 0x00000000eab00000)
  object space 53760K, 35% used [0x00000000c0000000,0x00000000c12c3160,0x00000000c3480000)
 Metaspace       used 56934K, capacity 58898K, committed 59028K, reserved 1099776K
  class space    used 7649K, capacity 8079K, committed 8192K, reserved 1048576K

Deoptimization events (10 events):
Event: 21.922 Thread 0x00007f4cd0c83800 Uncommon trap: reason=unstable_if action=reinterpret pc=0x00007f4d19c8505c method=java.util.regex.Pattern$Curly.match0(Ljava/util/regex/Matcher;IILjava/lang/CharSequence;)Z @ 5
Event: 21.956 Thread 0x00007f4cd054e000 Uncommon trap: reason=unstable_if action=reinterpret pc=0x00007f4d19fad93c method=java.util.HashMap$HashIterator.<init>(Ljava/util/HashMap;)V @ 45
Event: 22.058 Thread 0x00007f4cd054e000 Uncommon trap: reason=unstable_if action=reinterpret pc=0x00007f4d192ce708 method=java.lang.String.regionMatches(ZILjava/lang/String;II)Z @ 102
Event: 25.409 Thread 0x00007f4cdc007000 Uncommon trap: reason=unstable_if action=reinterpret pc=0x00007f4d1944b0a4 method=com.sun.org.apache.xerces.internal.dom.NamedNodeMapImpl.findNamePoint(Ljava/lang/String;I)I @ 69
Event: 29.030 Thread 0x00007f4cdc007000 Uncommon trap: reason=class_check action=maybe_recompile pc=0x00007f4d19ca4768 method=java.lang.AbstractStringBuilder.append(Ljava/lang/CharSequence;)Ljava/lang/AbstractStringBuilder; @ 26
Event: 29.031 Thread 0x00007f4cdc007000 Uncommon trap: reason=class_check action=maybe_recompile pc=0x00007f4d19c93730 method=java.lang.AbstractStringBuilder.append(Ljava/lang/CharSequence;II)Ljava/lang/AbstractStringBuilder; @ 18
Event: 31.366 Thread 0x00007f4cd054e000 Uncommon trap: reason=class_check action=maybe_recompile pc=0x00007f4d19ca4768 method=java.lang.AbstractStringBuilder.append(Ljava/lang/CharSequence;)Ljava/lang/AbstractStringBuilder; @ 26
Event: 31.366 Thread 0x00007f4cd054e000 Uncommon trap: reason=class_check action=maybe_recompile pc=0x00007f4d19c93730 method=java.lang.AbstractStringBuilder.append(Ljava/lang/CharSequence;II)Ljava/lang/AbstractStringBuilder; @ 18
Event: 32.449 Thread 0x00007f4cdc007000 Uncommon trap: reason=unstable_if action=reinterpret pc=0x00007f4d19652b58 method=sun.nio.cs.UTF_8$Encoder.encodeArrayLoop(Ljava/nio/CharBuffer;Ljava/nio/ByteBuffer;)Ljava/nio/charset/CoderResult; @ 113
Event: 32.467 Thread 0x00007f4cdc007000 Uncommon trap: reason=unstable_if action=reinterpret pc=0x00007f4d19acfe84 method=java.nio.Buffer.limit(I)Ljava/nio/Buffer; @ 33

Classes redefined (0 events):
No events

Internal exceptions (10 events):
Event: 26.274 Thread 0x00007f4d0406f800 Exception <a 'java/lang/NoSuchMethodError': java.lang.Object.lambda$negate$1(Ljava/lang/Object;)Z> (0x00000000ee792020) thrown at [/ssd/Android/AOSP-openjdk-git/jdk8u/hotspot/src/share/vm/interpreter/linkResolver.cpp, line 584]
Event: 28.126 Thread 0x00007f4cd0da9800 Exception <a 'java/io/IOException'> (0x00000000ebd960f0) thrown at [/ssd/Android/AOSP-openjdk-git/jdk8u/hotspot/src/share/vm/prims/jni.cpp, line 709]
Event: 28.958 Thread 0x00007f4cd054e000 Exception <a 'sun/nio/fs/UnixException'> (0x00000000eeb20ea8) thrown at [/ssd/Android/AOSP-openjdk-git/jdk8u/hotspot/src/share/vm/prims/jni.cpp, line 709]
Event: 28.958 Thread 0x00007f4cd054e000 Exception <a 'sun/nio/fs/UnixException'> (0x00000000eeb21af8) thrown at [/ssd/Android/AOSP-openjdk-git/jdk8u/hotspot/src/share/vm/prims/jni.cpp, line 709]
Event: 29.084 Thread 0x00007f4cdc007000 Exception <a 'sun/nio/fs/UnixException'> (0x00000000ee53f700) thrown at [/ssd/Android/AOSP-openjdk-git/jdk8u/hotspot/src/share/vm/prims/jni.cpp, line 709]
Event: 29.084 Thread 0x00007f4cdc007000 Exception <a 'sun/nio/fs/UnixException'> (0x00000000ee540ec8) thrown at [/ssd/Android/AOSP-openjdk-git/jdk8u/hotspot/src/share/vm/prims/jni.cpp, line 709]
Event: 29.085 Thread 0x00007f4cdc007000 Exception <a 'sun/nio/fs/UnixException'> (0x00000000ee5426a8) thrown at [/ssd/Android/AOSP-openjdk-git/jdk8u/hotspot/src/share/vm/prims/jni.cpp, line 709]
Event: 29.085 Thread 0x00007f4cdc007000 Exception <a 'sun/nio/fs/UnixException'> (0x00000000ee543b88) thrown at [/ssd/Android/AOSP-openjdk-git/jdk8u/hotspot/src/share/vm/prims/jni.cpp, line 709]
Event: 31.383 Thread 0x00007f4cd054e000 Exception <a 'sun/nio/fs/UnixException'> (0x00000000ef4f7938) thrown at [/ssd/Android/AOSP-openjdk-git/jdk8u/hotspot/src/share/vm/prims/jni.cpp, line 709]
Event: 32.072 Thread 0x00007f4cdc007000 Exception <a 'sun/nio/fs/UnixException'> (0x00000000ef602ce0) thrown at [/ssd/Android/AOSP-openjdk-git/jdk8u/hotspot/src/share/vm/prims/jni.cpp, line 709]

Events (10 events):
Event: 32.736 loading class com/google/wireless/android/sdk/stats/LLDBFrontendDetails done
Event: 32.737 loading class com/google/wireless/android/sdk/stats/FirebaseErrorDetails
Event: 32.737 loading class com/google/wireless/android/sdk/stats/FirebaseErrorDetails done
Event: 32.740 loading class com/google/wireless/android/sdk/stats/GfxTracingDetails
Event: 32.740 loading class com/google/wireless/android/sdk/stats/GfxTracingDetails done
Event: 32.741 loading class com/google/wireless/android/sdk/stats/TestRecorderDetails
Event: 32.741 loading class com/google/wireless/android/sdk/stats/TestRecorderDetails done
Event: 32.742 loading class com/google/wireless/android/sdk/stats/UIActionStats
Event: 32.742 loading class com/google/wireless/android/sdk/stats/UIActionStats done
Event: 32.745 Executing VM operation: CollectForMetadataAllocation


Dynamic libraries:
00400000-00401000 r-xp 00000000 08:01 4981087                            /home/yx/android-studio/jre/bin/java
00600000-00601000 r--p 00000000 08:01 4981087                            /home/yx/android-studio/jre/bin/java
00601000-00602000 rw-p 00001000 08:01 4981087                            /home/yx/android-studio/jre/bin/java
01b9f000-01bc0000 rw-p 00000000 00:00 0                                  [heap]
c0000000-c3480000 rw-p 00000000 00:00 0 
c3480000-eab00000 ---p 00000000 00:00 0 
eab00000-f3d80000 rw-p 00000000 00:00 0 
f4300000-100000000 ---p 00000000 00:00 0 
100000000-100800000 rw-p 00000000 00:00 0 
100800000-140000000 ---p 00000000 00:00 0 
7f4cd0000000-7f4cd128b000 rw-p 00000000 00:00 0 
7f4cd128b000-7f4cd4000000 ---p 00000000 00:00 0 
7f4cd76fb000-7f4cd78aa000 rw-p 00000000 00:00 0 
7f4cd78aa000-7f4cd78fe000 ---p 00000000 00:00 0 
7f4cd78fe000-7f4cd7bfc000 rw-p 00000000 00:00 0 
7f4cd7bfc000-7f4cd7bff000 ---p 00000000 00:00 0 
7f4cd7bff000-7f4cd7cfd000 rw-p 00000000 00:00 0 
7f4cd7cfd000-7f4cd7d00000 ---p 00000000 00:00 0 
7f4cd7d00000-7f4cd7dfe000 rw-p 00000000 00:00 0 
7f4cd7dfe000-7f4cd7e01000 ---p 00000000 00:00 0 
7f4cd7e01000-7f4cd7eff000 rw-p 00000000 00:00 0 
7f4cd7eff000-7f4cd7f02000 ---p 00000000 00:00 0 
7f4cd7f02000-7f4cd8000000 rw-p 00000000 00:00 0 
7f4cd8000000-7f4cd8021000 rw-p 00000000 00:00 0 
7f4cd8021000-7f4cdc000000 ---p 00000000 00:00 0 
7f4cdc000000-7f4cdc290000 rw-p 00000000 00:00 0 
7f4cdc290000-7f4ce0000000 ---p 00000000 00:00 0 
7f4ce0000000-7f4ce00a0000 rw-p 00000000 00:00 0 
7f4ce00a0000-7f4ce4000000 ---p 00000000 00:00 0 
7f4ce40ec000-7f4ce40ef000 ---p 00000000 00:00 0 
7f4ce40ef000-7f4ce41ed000 rw-p 00000000 00:00 0 
7f4ce41ed000-7f4ce41f0000 ---p 00000000 00:00 0 
7f4ce41f0000-7f4ce4226000 rw-p 00000000 00:00 0 
7f4ce4226000-7f4ce4229000 ---p 00000000 00:00 0 
7f4ce4229000-7f4ce425f000 rw-p 00000000 00:00 0 
7f4ce425f000-7f4ce4262000 ---p 00000000 00:00 0 
7f4ce4262000-7f4ce4360000 rw-p 00000000 00:00 0 
7f4ce4360000-7f4ce4363000 ---p 00000000 00:00 0 
7f4ce4363000-7f4ce4461000 rw-p 00000000 00:00 0 
7f4ce4461000-7f4ce4464000 ---p 00000000 00:00 0 
7f4ce4464000-7f4ce4562000 rw-p 00000000 00:00 0 
7f4ce4562000-7f4ce4565000 ---p 00000000 00:00 0 
7f4ce4565000-7f4ce4863000 rw-p 00000000 00:00 0 
7f4ce4863000-7f4ce4a63000 rw-p 00000000 00:00 0 
7f4ce4a63000-7f4ce4c63000 rw-p 00000000 00:00 0 
7f4ce4c63000-7f4ce4e63000 rw-p 00000000 00:00 0 
7f4ce4e63000-7f4ce4e75000 r--s 00345000 08:01 4981015                    /home/yx/android-studio/jre/jre/lib/resources.jar
7f4ce4e75000-7f4ce5075000 rw-p 00000000 00:00 0 
7f4ce5075000-7f4ce5275000 rw-p 00000000 00:00 0 
7f4ce5275000-7f4ce5278000 r--s 00015000 08:01 4980937                    /home/yx/android-studio/jre/jre/lib/jce.jar
7f4ce5278000-7f4ce5478000 rw-p 00000000 00:00 0 
7f4ce5478000-7f4ce547b000 ---p 00000000 00:00 0 
7f4ce547b000-7f4ce5779000 rw-p 00000000 00:00 0 
7f4ce5779000-7f4ce596f000 rw-p 00000000 00:00 0 
7f4ce596f000-7f4ce5979000 ---p 00000000 00:00 0 
7f4ce5979000-7f4ce5984000 r--s 00081000 08:01 2362796                    /home/yx/.gradle/caches/jars-3/fc6e889a0f45cc9752787eb60f920103/trove4j-20160824.jar
7f4ce5984000-7f4ce5a07000 r--s 00758000 08:01 267711                     /home/yx/.gradle/caches/modules-2/files-2.1/com.android.tools.external.com-intellij/intellij-core/26.0.1/a373ed549821cb9a932b87c79792790f6d018727/intellij-core-26.0.1.jar
7f4ce5a07000-7f4ce5a0d000 r--s 00033000 08:01 2362794                    /home/yx/.gradle/caches/jars-3/f96c897d327ea500d64fe3af2833bd50/commons-codec-1.6.jar
7f4ce5a0d000-7f4ce5a0f000 r--s 0000d000 08:01 2234438                    /home/yx/.gradle/caches/jars-3/ccc849edcf9fccd61ed937bf93ffe896/commons-logging-1.1.1.jar
7f4ce5a0f000-7f4ce5a15000 r--s 00032000 08:01 2234436                    /home/yx/.gradle/caches/jars-3/72e344059d1923829968d0d38b0c3c72/httpcore-4.2.5.jar
7f4ce5a15000-7f4ce5a16000 r--s 00004000 08:01 2234434                    /home/yx/.gradle/caches/jars-3/3a4299d1ce3e273e7c03a9ccf5a1e333/annotations-12.0.jar
7f4ce5a16000-7f4ce5a17000 r--s 00000000 08:01 2234432                    /home/yx/.gradle/caches/jars-3/0e2fbc3b8c56d2975eca90c524790c13/animal-sniffer-annotations-1.14.jar
7f4ce5a17000-7f4ce5a19000 r--s 00001000 08:01 2234430                    /home/yx/.gradle/caches/jars-3/ad41f8f3ac67c0323ce9eb1c20c8dc3f/j2objc-annotations-1.1.jar
7f4ce5a19000-7f4ce5a1a000 r--s 00002000 08:01 2234428                    /home/yx/.gradle/caches/jars-3/9edb0f46b907c34c4718edabde6c791c/error_prone_annotations-2.0.18.jar
7f4ce5a1a000-7f4ce5a1d000 r--s 00006000 08:01 2234426                    /home/yx/.gradle/caches/jars-3/b58a9bc3bbba42132e4abc0bacae8da1/jsr305-1.3.9.jar
7f4ce5a1d000-7f4ce5a1e000 r--s 0000a000 08:01 2234424                    /home/yx/.gradle/caches/jars-3/5b8b36ed61fe92731031cca3c9b3a0b3/kxml2-2.3.0.jar
7f4ce5a1e000-7f4ce5a20000 r--s 00005000 08:01 2234422                    /home/yx/.gradle/caches/jars-3/f10e1e1978816198f2eb1189c974b440/httpmime-4.1.jar
7f4ce5a20000-7f4ce5a2a000 r--s 00061000 08:01 2234420                    /home/yx/.gradle/caches/jars-3/bc4b2527f35dc983f759e8f85f3f8d52/httpclient-4.2.6.jar
7f4ce5a2a000-7f4ce5a33000 r--s 00064000 08:01 2234418                    /home/yx/.gradle/caches/jars-3/fc37c717528c2a0d27f3e3621835f781/commons-compress-1.12.jar
7f4ce5a33000-7f4ce5a38000 r--s 0002e000 08:01 2234416                    /home/yx/.gradle/caches/jars-3/c5bcda7f6f4809e9c92270f99e51f154/gson-2.3.jar
7f4ce5a38000-7f4ce5a48000 r--s 000d6000 08:01 2234414                    /home/yx/.gradle/caches/jars-3/dbdb8caed2514263a34702cc763c6785/proguard-base-5.3.3.jar
7f4ce5a48000-7f4ce5a4a000 r--s 00003000 08:01 2234412                    /home/yx/.gradle/caches/jars-3/01ab8600ebbfdcaf9b89b45c2b992e82/annotations-13.0.jar
7f4ce5a4a000-7f4ce5a4b000 r--s 00001000 08:01 267710                     /home/yx/.gradle/caches/modules-2/files-2.1/com.android.tools/annotations/26.0.1/29012758503f56c7dc0714eda494f7f140fd3db8/annotations-26.0.1.jar
7f4ce5a4b000-7f4ce5a4e000 r--s 00033000 08:01 2234410                    /home/yx/.gradle/caches/jars-3/0ce03714647bf7bd3c78634c20ddbf38/juniversalchardet-1.0.3.jar
7f4ce5a4e000-7f4ce5a52000 r--s 0002a000 08:01 2234408                    /home/yx/.gradle/caches/jars-3/9849af6d4b0409ba64061601342f385d/commons-io-2.4.jar
7f4ce5a52000-7f4ce5a69000 r--s 00154000 08:01 2234406                    /home/yx/.gradle/caches/jars-3/57adf9abd30c921d4ea1dfdcfe7b9efd/antlr4-4.5.3.jar
7f4ce5a69000-7f4ce5a6a000 r--s 00003000 08:01 267709                     /home/yx/.gradle/caches/modules-2/files-2.1/com.android.databinding/baseLibrary/3.0.1/cc0483d84342e82c261aeb5fd0ef2f876b587489/baseLibrary-3.0.1.jar
7f4ce5a6a000-7f4ce5a9a000 r--s 00245000 08:01 2234404                    /home/yx/.gradle/caches/jars-3/8e27cdebb49ba2f804f9403d90aaaac5/guava-22.0.jar
7f4ce5a9a000-7f4ce5aa2000 r--s 000a8000 08:01 2234402                    /home/yx/.gradle/caches/jars-3/6cc57ce9ec0d90186f781694264d61bc/lombok-ast-0.2.3.jar
7f4ce5aa2000-7f4ce5aa6000 r--s 0002f000 08:01 2234400                    /home/yx/.gradle/caches/jars-3/505fcc8c47da308b2f1262f0ff3c65f1/jimfs-1.1.jar
7f4ce5aa6000-7f4ce5ab9000 r--s 00241000 08:01 2234398                    /home/yx/.gradle/caches/jars-3/d8dc71eb6d91c966c45f7b594129e14a/ecj-4.6.1.jar
7f4ce5ab9000-7f4ce5aba000 r--s 00003000 08:01 2234396                    /home/yx/.gradle/caches/jars-3/fdb8f5ebd6a086c4818336712b830716/json-simple-1.1.jar
7f4ce5aba000-7f4ce5bdf000 r--s 00f5d000 08:01 2234394                    /home/yx/.gradle/caches/jars-3/dfd566a90e18a0aa75879c33e0731ab8/fastutil-7.2.0.jar
7f4ce5bdf000-7f4ce5c2a000 r--s 002ff000 08:01 2234392                    /home/yx/.gradle/caches/jars-3/d3d44e9a7fcb4a86fb40775c385dd3d0/bcprov-jdk15on-1.56.jar
7f4ce5c2a000-7f4ce5c3b000 r--s 00097000 08:01 2234390                    /home/yx/.gradle/caches/jars-3/59ebb77d99c5ca0e24bb23272e0329dd/bcpkix-jdk15on-1.56.jar
7f4ce5c3b000-7f4ce5c3d000 r--s 00002000 08:01 2234388                    /home/yx/.gradle/caches/jars-3/f268e5e8fc83bb846ac355d6a16b1f30/javawriter-2.5.0.jar
7f4ce5c3d000-7f4ce5c42000 r--s 0003b000 08:01 267708                     /home/yx/.gradle/caches/modules-2/files-2.1/com.android.tools.build/apksig/3.0.1/535b9323a1bd47e3a9c860d11f4e11a80db13f2b/apksig-3.0.1.jar
7f4ce5c42000-7f4ce5c45000 r--s 00024000 08:01 267707                     /home/yx/.gradle/caches/modules-2/files-2.1/com.android.tools/common/26.0.1/38e362a43a905b6745d609bea37faddb0c5bffab/common-26.0.1.jar
7f4ce5c45000-7f4ce5c47000 r--s 00006000 08:01 267706                     /home/yx/.gradle/caches/modules-2/files-2.1/com.android.tools/dvlib/26.0.1/46f3eeaf812811374b4ea2c49ad52687a7ff6a87/dvlib-26.0.1.jar
7f4ce5c47000-7f4ce5c4a000 r--s 00014000 08:01 267704                     /home/yx/.gradle/caches/modules-2/files-2.1/com.android.tools.layoutlib/layoutlib-api/26.0.1/4eb1f46803873ff996f2457d1dd64c5c305818d8/layoutlib-api-26.0.1.jar
7f4ce5c4a000-7f4ce5c4f000 r--s 0004d000 08:01 267705                     /home/yx/.gradle/caches/modules-2/files-2.1/com.android.tools.ddms/ddmlib/26.0.1/d4bcdb3a578812688ccc34f1359702601fea955d/ddmlib-26.0.1.jar
7f4ce5c4f000-7f4ce5c50000 r--s 00003000 08:01 267701                     /home/yx/.gradle/caches/modules-2/files-2.1/com.android.tools.build/builder-test-api/3.0.1/5f084a2888a7f638c4c89c3278760345b1fb4c8/builder-test-api-3.0.1.jar
7f4ce5c50000-7f4ce5c53000 r--s 00007000 08:01 267702                     /home/yx/.gradle/caches/modules-2/files-2.1/com.android.tools.build/builder-model/3.0.1/e9de7e34339a8eb90fda30ac6bf580d5f2c4f282/builder-model-3.0.1.jar
7f4ce5c53000-7f4ce5c62000 r--s 00130000 08:01 2234386                    /home/yx/.gradle/caches/jars-3/72ba1443c6adcea1f6ba21e12f0bb0fc/protobuf-java-3.0.0.jar
7f4ce5c62000-7f4ce5c75000 r--s 001a8000 08:01 267700                     /home/yx/.gradle/caches/modules-2/files-2.1/com.android.tools.analytics-library/protos/26.0.1/7719e7ed7498e25ec555bdfcb7a4de0e88a47ea/protos-26.0.1.jar
7f4ce5c75000-7f4ce5c76000 r--s 00005000 08:01 267699                     /home/yx/.gradle/caches/modules-2/files-2.1/com.android.tools.analytics-library/shared/26.0.1/5cfc3811c2fd6cddfce2ec1bb5fbbec87e0fc462/shared-26.0.1.jar
7f4ce5c76000-7f4ce5c78000 r--s 00004000 08:01 267698                     /home/yx/.gradle/caches/modules-2/files-2.1/com.android.tools.analytics-library/tracker/26.0.1/15f0c0560c8a97700651d2dd5219937baa80c166/tracker-26.0.1.jar
7f4ce5c78000-7f4ce5c7a000 r--s 00002000 08:01 2234384                    /home/yx/.gradle/caches/jars-3/e91624d2ed1c3b55eec9fd768ed13c1d/proguard-gradle-5.3.3.jar
7f4ce5c7a000-7f4ce5c7c000 r--s 0000f000 08:01 2234382                    /home/yx/.gradle/caches/jars-3/96760c32d36a5d7066e3ccf088bfd362/jopt-simple-4.9.jar
7f4ce5c7c000-7f4ce5c80000 r--s 0001e000 08:01 2234380                    /home/yx/.gradle/caches/jars-3/0d3e95aba631209a078aeec58a76633d/org.jacoco.core-0.7.4.201502262128.jar
7f4ce5c80000-7f4ce5c83000 r--s 00020000 08:01 2234378                    /home/yx/.gradle/caches/jars-3/c72fc284d34f39eab57a4e3ba83405e9/org.jacoco.report-0.7.4.201502262128.jar
7f4ce5c83000-7f4ce5c85000 r--s 0000c000 08:01 4990626                    /home/yx/.gradle/caches/jars-3/9b0a36633c92c6e87e62c81734593183/asm-5.1.jar
7f4ce5c85000-7f4ce5c87000 r--s 00006000 08:01 4990624                    /home/yx/.gradle/caches/jars-3/50c8a7da333c41693b2b7ce95b6d9d89/asm-tree-5.1.jar
7f4ce5c87000-7f4ce5c88000 r--s 0000a000 08:01 4854402                    /home/yx/.gradle/caches/jars-3/c4f1f1d5a624f981d35a78d181e2c418/asm-util-5.1.jar
7f4ce5c88000-7f4ce5c8a000 r--s 0000a000 08:01 4854400                    /home/yx/.gradle/caches/jars-3/d37aa405961c464c627b1efe5def81b8/asm-commons-5.1.jar
7f4ce5c8a000-7f4ce5c8b000 r--s 00004000 08:01 4854398                    /home/yx/.gradle/caches/jars-3/2b2689d10a4425b1cb2d0654db2ea088/asm-analysis-5.1.jar
7f4ce5c8b000-7f4ce5c8c000 r--s 00000000 08:01 4854396                    /home/yx/.gradle/caches/jars-3/5206138fb8a6b2ffbd31e140916c2100/transform-api-2.0.0-deprecated-use-gradle-api.jar
7f4ce5c8c000-7f4ce5c9b000 r--s 000c8000 08:01 4854394                    /home/yx/.gradle/caches/jars-3/af931fae44e009148423077fa09abbd1/kotlin-stdlib-1.1.3-2.jar
7f4ce5c9b000-7f4ce5ccd000 r--s 0021b000 08:01 4854392                    /home/yx/.gradle/caches/jars-3/24b2127528a18b338af82ff7ea236d45/kotlin-reflect-1.1.3-2.jar
7f4ce5ccd000-7f4ce5cd3000 r--s 00030000 08:01 267697                     /home/yx/.gradle/caches/modules-2/files-2.1/com.android.tools/repository/26.0.1/bc0dfe02af8d075f6b7ad63a202ed4c63a6a647d/repository-26.0.1.jar
7f4ce5cd3000-7f4ce5cde000 r--s 0009b000 08:01 267696                     /home/yx/.gradle/caches/modules-2/files-2.1/com.android.tools/sdklib/26.0.1/bdb4723f8e3791f1d3911b1f191acf25840f352a/sdklib-26.0.1.jar
7f4ce5cde000-7f4ce5ced000 r--s 000da000 08:01 267695                     /home/yx/.gradle/caches/modules-2/files-2.1/com.android.tools/sdk-common/26.0.1/9ddd2fa552e7b49548c421c0be4e65dc9a245f69/sdk-common-26.0.1.jar
7f4ce5ced000-7f4ce5cf1000 r--s 00023000 08:01 267694                     /home/yx/.gradle/caches/modules-2/files-2.1/com.android.tools.build/manifest-merger/26.0.1/700cbb1ed4066f48d4970f5669c44a51bd03142/manifest-merger-26.0.1.jar
7f4ce5cf1000-7f4ce5cf5000 r--s 0002e000 08:01 267693                     /home/yx/.gradle/caches/modules-2/files-2.1/com.android.databinding/compilerCommon/3.0.1/7f51b3e1636063e491131a0b0436512131cb1bdc/compilerCommon-3.0.1.jar
7f4ce5cf5000-7f4ce5cf7000 r--s 00003000 08:01 267692                     /home/yx/.gradle/caches/modules-2/files-2.1/com.android.tools.build/gradle-api/3.0.1/92640ae3c543aa3faee7b954ce641d03949d4401/gradle-api-3.0.1.jar
7f4ce5cf7000-7f4ce5d06000 r--s 000cb000 08:01 267691                     /home/yx/.gradle/caches/modules-2/files-2.1/com.android.tools.external.org-jetbrains/uast/26.0.1/663906c592ce867fa2e9bcbffbe2130397078132/uast-26.0.1.jar
7f4ce5d06000-7f4ce5d0f000 r--s 000ff000 08:01 267689                     /home/yx/.gradle/caches/modules-2/files-2.1/com.android.tools.lint/lint-checks/26.0.1/a5df32c64598e190808accaa03820fb9db9f8201/lint-checks-26.0.1.jar
7f4ce5d0f000-7f4ce5d3f000 r--s 01983000 08:01 267686                     /home/yx/.gradle/caches/modules-2/files-2.1/com.android.tools.build/builder/3.0.1/1f896967507729bb35ac727c03d3b9306fe87b7d/builder-3.0.1.jar
7f4ce5d3f000-7f4ce5f3f000 rw-p 00000000 00:00 0 
7f4ce5f3f000-7f4ce5f42000 ---p 00000000 00:00 0 
7f4ce5f42000-7f4ce6040000 rw-p 00000000 00:00 0 
7f4ce6040000-7f4ce6043000 ---p 00000000 00:00 0 
7f4ce6043000-7f4ce6341000 rw-p 00000000 00:00 0 
7f4ce6341000-7f4ce6344000 ---p 00000000 00:00 0 
7f4ce6344000-7f4ce6642000 rw-p 00000000 00:00 0 
7f4ce6642000-7f4ce6842000 rw-p 00000000 00:00 0 
7f4ce6842000-7f4ce6a42000 rw-p 00000000 00:00 0 
7f4ce6a42000-7f4ce6c42000 rw-p 00000000 00:00 0 
7f4ce6c42000-7f4ce6c49000 r--s 0007f000 08:01 267690                     /home/yx/.gradle/caches/modules-2/files-2.1/com.android.tools.lint/lint-api/26.0.1/2d4dd9f4676fbb152e4baf6f6f4cbbb868521832/lint-api-26.0.1.jar
7f4ce6c49000-7f4ce6c4c000 r--s 00039000 08:01 267687                     /home/yx/.gradle/caches/modules-2/files-2.1/com.android.tools.lint/lint/26.0.1/541bfb082a95a3b55d0158d69b067f1d7c623122/lint-26.0.1.jar
7f4ce6c4c000-7f4ce6c6f000 r--s 0020b000 08:01 267685                     /home/yx/.gradle/caches/modules-2/files-2.1/com.android.tools.build/gradle-core/3.0.1/c2945119335b491ca56e4042f7c8c55dccf5c9c2/gradle-core-3.0.1.jar
7f4ce6c6f000-7f4ce6c71000 r--s 0000f000 08:01 267684                     /home/yx/.gradle/caches/modules-2/files-2.1/com.android.tools.build/gradle/3.0.1/cfa107d4db0c11c11f445a11e768adf61c72ce06/gradle-3.0.1.jar
7f4ce6c71000-7f4ce6e71000 rw-p 00000000 00:00 0 
7f4ce6e71000-7f4ce6eea000 r--s 010fd000 08:01 4981103                    /home/yx/android-studio/jre/lib/tools.jar
7f4ce6eea000-7f4ce70ea000 rw-p 00000000 00:00 0 
7f4ce70ea000-7f4ce70ed000 ---p 00000000 00:00 0 
7f4ce70ed000-7f4ce71eb000 rw-p 00000000 00:00 0 
7f4ce71eb000-7f4ce71ee000 ---p 00000000 00:00 0 
7f4ce71ee000-7f4ce72ec000 rw-p 00000000 00:00 0 
7f4ce72ec000-7f4ce72ef000 ---p 00000000 00:00 0 
7f4ce72ef000-7f4ce75ed000 rw-p 00000000 00:00 0 
7f4ce75ed000-7f4ce75f0000 ---p 00000000 00:00 0 
7f4ce75f0000-7f4ce76ee000 rw-p 00000000 00:00 0 
7f4ce76ee000-7f4ce76f1000 ---p 00000000 00:00 0 
7f4ce76f1000-7f4ce77ef000 rw-p 00000000 00:00 0 
7f4ce77ef000-7f4ce77f2000 ---p 00000000 00:00 0 
7f4ce77f2000-7f4ce78f0000 rw-p 00000000 00:00 0 
7f4ce78f0000-7f4ce78f3000 ---p 00000000 00:00 0 
7f4ce78f3000-7f4ce79f1000 rw-p 00000000 00:00 0 
7f4ce79f1000-7f4ce79f4000 ---p 00000000 00:00 0 
7f4ce79f4000-7f4ce7af2000 rw-p 00000000 00:00 0 
7f4ce7af2000-7f4ce7af5000 ---p 00000000 00:00 0 
7f4ce7af5000-7f4ce7bf3000 rw-p 00000000 00:00 0 
7f4ce7bf3000-7f4ce7bf6000 ---p 00000000 00:00 0 
7f4ce7bf6000-7f4ce7cf4000 rw-p 00000000 00:00 0 
7f4ce7cf4000-7f4ce7cfb000 r--s 00000000 08:01 662316                     /usr/lib/x86_64-linux-gnu/gconv/gconv-modules.cache
7f4ce7cfb000-7f4ce7cfe000 ---p 00000000 00:00 0 
7f4ce7cfe000-7f4ce7dfc000 rw-p 00000000 00:00 0 
7f4ce7dfc000-7f4ce7e01000 r--s 0009a000 08:01 4981040                    /home/yx/android-studio/jre/jre/lib/jsse.jar
7f4ce7e01000-7f4ce8001000 rw-p 00000000 00:00 0 
7f4ce8001000-7f4ce800a000 r-xp 00000000 08:01 4980978                    /home/yx/android-studio/jre/jre/lib/amd64/libmanagement.so
7f4ce800a000-7f4ce8209000 ---p 00009000 08:01 4980978                    /home/yx/android-studio/jre/jre/lib/amd64/libmanagement.so
7f4ce8209000-7f4ce820a000 r--p 00008000 08:01 4980978                    /home/yx/android-studio/jre/jre/lib/amd64/libmanagement.so
7f4ce820a000-7f4ce820b000 rw-p 00009000 08:01 4980978                    /home/yx/android-studio/jre/jre/lib/amd64/libmanagement.so
7f4ce820b000-7f4ce820d000 r--s 00007000 08:01 4854064                    /home/yx/.gradle/wrapper/dists/gradle-4.1-all/bzyivzo6n839fup2jbap0tjew/gradle-4.1/lib/plugins/gradle-tooling-api-builders-4.1.jar
7f4ce820d000-7f4ce8210000 r--s 00009000 08:01 4854074                    /home/yx/.gradle/wrapper/dists/gradle-4.1-all/bzyivzo6n839fup2jbap0tjew/gradle-4.1/lib/plugins/gradle-testing-native-4.1.jar
7f4ce8210000-7f4ce8212000 r--s 00009000 08:01 4854147                    /home/yx/.gradle/wrapper/dists/gradle-4.1-all/bzyivzo6n839fup2jbap0tjew/gradle-4.1/lib/plugins/hamcrest-core-1.3.jar
7f4ce8212000-7f4ce8217000 r--s 00040000 08:01 4854142                    /home/yx/.gradle/wrapper/dists/gradle-4.1-all/bzyivzo6n839fup2jbap0tjew/gradle-4.1/lib/plugins/bsh-2.0b4.jar
7f4ce8217000-7f4ce8219000 r--s 00006000 08:01 4854143                    /home/yx/.gradle/wrapper/dists/gradle-4.1-all/bzyivzo6n839fup2jbap0tjew/gradle-4.1/lib/plugins/jcommander-1.12.jar
7f4ce8219000-7f4ce821f000 r--s 00033000 08:01 4854144                    /home/yx/.gradle/wrapper/dists/gradle-4.1-all/bzyivzo6n839fup2jbap0tjew/gradle-4.1/lib/plugins/snakeyaml-1.6.jar
7f4ce821f000-7f4ce8228000 r--s 00089000 08:01 4854102                    /home/yx/.gradle/wrapper/dists/gradle-4.1-all/bzyivzo6n839fup2jbap0tjew/gradle-4.1/lib/plugins/testng-6.3.1.jar
7f4ce8228000-7f4ce8230000 r--s 00045000 08:01 4854103                    /home/yx/.gradle/wrapper/dists/gradle-4.1-all/bzyivzo6n839fup2jbap0tjew/gradle-4.1/lib/plugins/junit-4.12.jar
7f4ce8230000-7f4ce8236000 r--s 0002e000 08:01 4854070                    /home/yx/.gradle/wrapper/dists/gradle-4.1-all/bzyivzo6n839fup2jbap0tjew/gradle-4.1/lib/plugins/gradle-testing-jvm-4.1.jar
7f4ce8236000-7f4ce823a000 r--s 00017000 08:01 4854078                    /home/yx/.gradle/wrapper/dists/gradle-4.1-all/bzyivzo6n839fup2jbap0tjew/gradle-4.1/lib/plugins/gradle-testing-base-4.1.jar
7f4ce823a000-7f4ce8241000 r--s 00038000 08:01 4854098                    /home/yx/.gradle/wrapper/dists/gradle-4.1-all/bzyivzo6n839fup2jbap0tjew/gradle-4.1/lib/plugins/bcpg-jdk15on-1.51.jar
7f4ce8241000-7f4ce8243000 r--s 0000c000 08:01 4854049                    /home/yx/.gradle/wrapper/dists/gradle-4.1-all/bzyivzo6n839fup2jbap0tjew/gradle-4.1/lib/plugins/gradle-signing-4.1.jar
7f4ce8243000-7f4ce8245000 r--s 00007000 08:01 4854055                    /home/yx/.gradle/wrapper/dists/gradle-4.1-all/bzyivzo6n839fup2jbap0tjew/gradle-4.1/lib/plugins/gradle-scala-4.1.jar
7f4ce8245000-7f4ce8246000 r--s 00004000 08:01 4854086                    /home/yx/.gradle/wrapper/dists/gradle-4.1-all/bzyivzo6n839fup2jbap0tjew/gradle-4.1/lib/plugins/gradle-resources-sftp-4.1.jar
7f4ce8246000-7f4ce8256000 r--s 00088000 08:01 4854115                    /home/yx/.gradle/wrapper/dists/gradle-4.1-all/bzyivzo6n839fup2jbap0tjew/gradle-4.1/lib/plugins/joda-time-2.8.2.jar
7f4ce8256000-7f4ce8267000 r--s 0010d000 08:01 4854114                    /home/yx/.gradle/wrapper/dists/gradle-4.1-all/bzyivzo6n839fup2jbap0tjew/gradle-4.1/lib/plugins/jackson-databind-2.6.6.jar
7f4ce8267000-7f4ce826a000 r--s 00009000 08:01 4854113                    /home/yx/.gradle/wrapper/dists/gradle-4.1-all/bzyivzo6n839fup2jbap0tjew/gradle-4.1/lib/plugins/jackson-annotations-2.6.6.jar
7f4ce826a000-7f4ce826e000 r--s 0003c000 08:01 4854112                    /home/yx/.gradle/wrapper/dists/gradle-4.1-all/bzyivzo6n839fup2jbap0tjew/gradle-4.1/lib/plugins/jackson-core-2.6.6.jar
7f4ce826e000-7f4ce827c000 r--s 00087000 08:01 4854111                    /home/yx/.gradle/wrapper/dists/gradle-4.1-all/bzyivzo6n839fup2jbap0tjew/gradle-4.1/lib/plugins/aws-java-sdk-core-1.11.6.jar
7f4ce827c000-7f4ce8283000 r--s 00057000 08:01 4854110                    /home/yx/.gradle/wrapper/dists/gradle-4.1-all/bzyivzo6n839fup2jbap0tjew/gradle-4.1/lib/plugins/aws-java-sdk-kms-1.11.6.jar
7f4ce8283000-7f4ce8290000 r--s 0008e000 08:01 4854109                    /home/yx/.gradle/wrapper/dists/gradle-4.1-all/bzyivzo6n839fup2jbap0tjew/gradle-4.1/lib/plugins/aws-java-sdk-s3-1.11.6.jar
7f4ce8290000-7f4ce8292000 r--s 00004000 08:01 4854083                    /home/yx/.gradle/wrapper/dists/gradle-4.1-all/bzyivzo6n839fup2jbap0tjew/gradle-4.1/lib/plugins/gradle-resources-s3-4.1.jar
7f4ce8292000-7f4ce8294000 r--s 00010000 08:01 4854079                    /home/yx/.gradle/wrapper/dists/gradle-4.1-all/bzyivzo6n839fup2jbap0tjew/gradle-4.1/lib/plugins/gradle-reporting-4.1.jar
7f4ce8294000-7f4ce8296000 r--s 00002000 08:01 4854080                    /home/yx/.gradle/wrapper/dists/gradle-4.1-all/bzyivzo6n839fup2jbap0tjew/gradle-4.1/lib/plugins/gradle-publish-4.1.jar
7f4ce8296000-7f4ce8298000 r--s 00009000 08:01 4854091                    /home/yx/.gradle/wrapper/dists/gradle-4.1-all/bzyivzo6n839fup2jbap0tjew/gradle-4.1/lib/plugins/commons-cli-1.2.jar
7f4ce8298000-7f4ce829e000 r--s 00036000 08:01 4854063                    /home/yx/.gradle/wrapper/dists/gradle-4.1-all/bzyivzo6n839fup2jbap0tjew/gradle-4.1/lib/plugins/gradle-plugins-4.1.jar
7f4ce829e000-7f4ce82a0000 r--s 00009000 08:01 4854050                    /home/yx/.gradle/wrapper/dists/gradle-4.1-all/bzyivzo6n839fup2jbap0tjew/gradle-4.1/lib/plugins/gradle-plugin-development-4.1.jar
7f4ce82a0000-7f4ce82a6000 r--s 0002b000 08:01 4854058                    /home/yx/.gradle/wrapper/dists/gradle-4.1-all/bzyivzo6n839fup2jbap0tjew/gradle-4.1/lib/plugins/gradle-platform-play-4.1.jar
7f4ce82a6000-7f4ce82b5000 r--s 0005b000 08:01 4854076                    /home/yx/.gradle/wrapper/dists/gradle-4.1-all/bzyivzo6n839fup2jbap0tjew/gradle-4.1/lib/plugins/gradle-platform-native-4.1.jar
7f4ce82b5000-7f4ce82b9000 r--s 0001b000 08:01 4854073                    /home/yx/.gradle/wrapper/dists/gradle-4.1-all/bzyivzo6n839fup2jbap0tjew/gradle-4.1/lib/plugins/gradle-platform-jvm-4.1.jar
7f4ce82b9000-7f4ce82c1000 r--s 00027000 08:01 4854081                    /home/yx/.gradle/wrapper/dists/gradle-4.1-all/bzyivzo6n839fup2jbap0tjew/gradle-4.1/lib/plugins/gradle-platform-base-4.1.jar
7f4ce82c1000-7f4ce82e9000 r--s 0021c000 08:01 4854092                    /home/yx/.gradle/wrapper/dists/gradle-4.1-all/bzyivzo6n839fup2jbap0tjew/gradle-4.1/lib/plugins/biz.aQute.bndlib-3.2.0.jar
7f4ce82e9000-7f4ce82ea000 r--s 00004000 08:01 4854048                    /home/yx/.gradle/wrapper/dists/gradle-4.1-all/bzyivzo6n839fup2jbap0tjew/gradle-4.1/lib/plugins/gradle-osgi-4.1.jar
7f4ce82ea000-7f4ce82ed000 r--s 0000c000 08:01 4854095                    /home/yx/.gradle/wrapper/dists/gradle-4.1-all/bzyivzo6n839fup2jbap0tjew/gradle-4.1/lib/plugins/pmaven-groovy-0.8-20100325.jar
7f4ce82ed000-7f4ce82ee000 r--s 00004000 08:01 4854094                    /home/yx/.gradle/wrapper/dists/gradle-4.1-all/bzyivzo6n839fup2jbap0tjew/gradle-4.1/lib/plugins/pmaven-common-0.8-20100325.jar
7f4ce82ee000-7f4ce82f4000 r--s 00023000 08:01 4854051                    /home/yx/.gradle/wrapper/dists/gradle-4.1-all/bzyivzo6n839fup2jbap0tjew/gradle-4.1/lib/plugins/gradle-maven-4.1.jar
7f4ce82f4000-7f4ce82f7000 r--s 0000b000 08:01 4854069                    /home/yx/.gradle/wrapper/dists/gradle-4.1-all/bzyivzo6n839fup2jbap0tjew/gradle-4.1/lib/plugins/gradle-language-scala-4.1.jar
7f4ce82f7000-7f4ce82fe000 r--s 00020000 08:01 4854075                    /home/yx/.gradle/wrapper/dists/gradle-4.1-all/bzyivzo6n839fup2jbap0tjew/gradle-4.1/lib/plugins/gradle-language-native-4.1.jar
7f4ce82fe000-7f4ce8300000 r--s 00005000 08:01 4854072                    /home/yx/.gradle/wrapper/dists/gradle-4.1-all/bzyivzo6n839fup2jbap0tjew/gradle-4.1/lib/plugins/gradle-language-jvm-4.1.jar
7f4ce8300000-7f4ce8307000 r--s 0002f000 08:01 4854071                    /home/yx/.gradle/wrapper/dists/gradle-4.1-all/bzyivzo6n839fup2jbap0tjew/gradle-4.1/lib/plugins/gradle-language-java-4.1.jar
7f4ce8307000-7f4ce830a000 r--s 0000a000 08:01 4854068                    /home/yx/.gradle/wrapper/dists/gradle-4.1-all/bzyivzo6n839fup2jbap0tjew/gradle-4.1/lib/plugins/gradle-language-groovy-4.1.jar
7f4ce830a000-7f4ce8311000 r--s 00035000 08:01 4854101                    /home/yx/.gradle/wrapper/dists/gradle-4.1-all/bzyivzo6n839fup2jbap0tjew/gradle-4.1/lib/plugins/simple-4.1.21.jar
7f4ce8311000-7f4ce831d000 r--s 00100000 08:01 4854099                    /home/yx/.gradle/wrapper/dists/gradle-4.1-all/bzyivzo6n839fup2jbap0tjew/gradle-4.1/lib/plugins/rhino-1.7R3.jar
7f4ce831d000-7f4ce8321000 r--s 00012000 08:01 4854059                    /home/yx/.gradle/wrapper/dists/gradle-4.1-all/bzyivzo6n839fup2jbap0tjew/gradle-4.1/lib/plugins/gradle-javascript-4.1.jar
7f4ce8321000-7f4ce8324000 r--s 00011000 08:01 4854061                    /home/yx/.gradle/wrapper/dists/gradle-4.1-all/bzyivzo6n839fup2jbap0tjew/gradle-4.1/lib/plugins/gradle-jacoco-4.1.jar
7f4ce8324000-7f4ce8327000 r--s 0000e000 08:01 4854060                    /home/yx/.gradle/wrapper/dists/gradle-4.1-all/bzyivzo6n839fup2jbap0tjew/gradle-4.1/lib/plugins/gradle-ivy-4.1.jar
7f4ce8327000-7f4ce8328000 r--s 00002000 08:01 4854052                    /home/yx/.gradle/wrapper/dists/gradle-4.1-all/bzyivzo6n839fup2jbap0tjew/gradle-4.1/lib/plugins/gradle-ide-play-4.1.jar
7f4ce8328000-7f4ce832b000 r--s 00013000 08:01 4854053                    /home/yx/.gradle/wrapper/dists/gradle-4.1-all/bzyivzo6n839fup2jbap0tjew/gradle-4.1/lib/plugins/gradle-ide-native-4.1.jar
7f4ce832b000-7f4ce8335000 r--s 00054000 08:01 4854054                    /home/yx/.gradle/wrapper/dists/gradle-4.1-all/bzyivzo6n839fup2jbap0tjew/gradle-4.1/lib/plugins/gradle-ide-4.1.jar
7f4ce8335000-7f4ce8337000 r--s 00007000 08:01 4854057                    /home/yx/.gradle/wrapper/dists/gradle-4.1-all/bzyivzo6n839fup2jbap0tjew/gradle-4.1/lib/plugins/gradle-ear-4.1.jar
7f4ce8337000-7f4ce8339000 r--s 00005000 08:01 4854089                    /home/yx/.gradle/wrapper/dists/gradle-4.1-all/bzyivzo6n839fup2jbap0tjew/gradle-4.1/lib/plugins/jatl-0.2.2.jar
7f4ce8339000-7f4ce8340000 r--s 00038000 08:01 4854077                    /home/yx/.gradle/wrapper/dists/gradle-4.1-all/bzyivzo6n839fup2jbap0tjew/gradle-4.1/lib/plugins/gradle-diagnostics-4.1.jar
7f4ce8340000-7f4ce8342000 r--s 0000b000 08:01 4854066                    /home/yx/.gradle/wrapper/dists/gradle-4.1-all/bzyivzo6n839fup2jbap0tjew/gradle-4.1/lib/plugins/gradle-composite-builds-4.1.jar
7f4ce8342000-7f4ce8347000 r--s 00025000 08:01 4854046                    /home/yx/.gradle/wrapper/dists/gradle-4.1-all/bzyivzo6n839fup2jbap0tjew/gradle-4.1/lib/plugins/gradle-code-quality-4.1.jar
7f4ce8347000-7f4ce834c000 r--s 00022000 08:01 4854062                    /home/yx/.gradle/wrapper/dists/gradle-4.1-all/bzyivzo6n839fup2jbap0tjew/gradle-4.1/lib/plugins/gradle-build-init-4.1.jar
7f4ce834c000-7f4ce8352000 r--s 0008e000 08:01 4854056                    /home/yx/.gradle/wrapper/dists/gradle-4.1-all/bzyivzo6n839fup2jbap0tjew/gradle-4.1/lib/plugins/gradle-build-comparison-4.1.jar
7f4ce8352000-7f4ce8353000 r--s 00002000 08:01 4854084                    /home/yx/.gradle/wrapper/dists/gradle-4.1-all/bzyivzo6n839fup2jbap0tjew/gradle-4.1/lib/plugins/gradle-build-cache-http-4.1.jar
7f4ce8353000-7f4ce8355000 r--s 00008000 08:01 4854047                    /home/yx/.gradle/wrapper/dists/gradle-4.1-all/bzyivzo6n839fup2jbap0tjew/gradle-4.1/lib/plugins/gradle-antlr-4.1.jar
7f4ce8355000-7f4ce8357000 r--s 00004000 08:01 4854067                    /home/yx/.gradle/wrapper/dists/gradle-4.1-all/bzyivzo6n839fup2jbap0tjew/gradle-4.1/lib/plugins/gradle-announce-4.1.jar
7f4ce8357000-7f4ce8359000 r--s 00008000 08:01 4853987                    /home/yx/.gradle/wrapper/dists/gradle-4.1-all/bzyivzo6n839fup2jbap0tjew/gradle-4.1/lib/gradle-kotlin-dsl-tooling-builders-0.10.3.jar
7f4ce8359000-7f4ce835c000 r--s 0001c000 08:01 4854105                    /home/yx/.gradle/wrapper/dists/gradle-4.1-all/bzyivzo6n839fup2jbap0tjew/gradle-4.1/lib/plugins/nekohtml-1.9.14.jar
7f4ce835c000-7f4ce8364000 r--s 00028000 08:01 4854146                    /home/yx/.gradle/wrapper/dists/gradle-4.1-all/bzyivzo6n839fup2jbap0tjew/gradle-4.1/lib/plugins/xml-apis-1.3.04.jar
7f4ce8364000-7f4ce837c000 r--s 00115000 08:01 4854106                    /home/yx/.gradle/wrapper/dists/gradle-4.1-all/bzyivzo6n839fup2jbap0tjew/gradle-4.1/lib/plugins/xercesImpl-2.9.1.jar
7f4ce837c000-7f4ce8382000 r--s 0005b000 08:01 4854104                    /home/yx/.gradle/wrapper/dists/gradle-4.1-all/bzyivzo6n839fup2jbap0tjew/gradle-4.1/lib/plugins/jcifs-1.3.17.jar
7f4ce8382000-7f4ce8389000 r--s 00049000 08:01 4854145                    /home/yx/.gradle/wrapper/dists/gradle-4.1-all/bzyivzo6n839fup2jbap0tjew/gradle-4.1/lib/plugins/httpcore-4.4.4.jar
7f4ce8389000-7f4ce838f000 r--s 00033000 08:01 4854097                    /home/yx/.gradle/wrapper/dists/gradle-4.1-all/bzyivzo6n839fup2jbap0tjew/gradle-4.1/lib/plugins/commons-codec-1.6.jar
7f4ce838f000-7f4ce839c000 r--s 000a4000 08:01 4854090                    /home/yx/.gradle/wrapper/dists/gradle-4.1-all/bzyivzo6n839fup2jbap0tjew/gradle-4.1/lib/plugins/httpclient-4.4.1.jar
7f4ce839c000-7f4ce839e000 r--s 0000b000 08:01 4854085                    /home/yx/.gradle/wrapper/dists/gradle-4.1-all/bzyivzo6n839fup2jbap0tjew/gradle-4.1/lib/plugins/gradle-resources-http-4.1.jar
7f4ce839e000-7f4ce83a2000 r--s 00017000 08:01 4854082                    /home/yx/.gradle/wrapper/dists/gradle-4.1-all/bzyivzo6n839fup2jbap0tjew/gradle-4.1/lib/plugins/gradle-plugin-use-4.1.jar
7f4ce83a2000-7f4ce83a3000 r--s 00000000 08:01 4853993                    /home/yx/.gradle/wrapper/dists/gradle-4.1-all/bzyivzo6n839fup2jbap0tjew/gradle-4.1/lib/gradle-runtime-api-info-4.1.jar
7f4ce83a3000-7f4ce83a4000 r--s 00000000 08:01 4853996                    /home/yx/.gradle/wrapper/dists/gradle-4.1-all/bzyivzo6n839fup2jbap0tjew/gradle-4.1/lib/gradle-installation-beacon-4.1.jar
7f4ce83a4000-7f4ce83e4000 r--s 00277000 08:01 4854117                    /home/yx/.gradle/wrapper/dists/gradle-4.1-all/bzyivzo6n839fup2jbap0tjew/gradle-4.1/lib/plugins/bcprov-jdk15on-1.51.jar
7f4ce83e4000-7f4ce83e8000 r--s 0001d000 08:01 4854116                    /home/yx/.gradle/wrapper/dists/gradle-4.1-all/bzyivzo6n839fup2jbap0tjew/gradle-4.1/lib/plugins/xbean-reflect-3.4.jar
7f4ce83e8000-7f4ce83ea000 r--s 0000a000 08:01 4854118                    /home/yx/.gradle/wrapper/dists/gradle-4.1-all/bzyivzo6n839fup2jbap0tjew/gradle-4.1/lib/plugins/maven-settings-3.0.4.jar
7f4ce83ea000-7f4ce83ed000 r--s 00008000 08:01 4854119                    /home/yx/.gradle/wrapper/dists/gradle-4.1-all/bzyivzo6n839fup2jbap0tjew/gradle-4.1/lib/plugins/maven-settings-builder-3.0.4.jar
7f4ce83ed000-7f4ce83f1000 r--s 00033000 08:01 4854120                    /home/yx/.gradle/wrapper/dists/gradle-4.1-all/bzyivzo6n839fup2jbap0tjew/gradle-4.1/lib/plugins/plexus-utils-2.0.6.jar
7f4ce83f1000-7f4ce83f3000 r--s 0000d000 08:01 4854121                    /home/yx/.gradle/wrapper/dists/gradle-4.1-all/bzyivzo6n839fup2jbap0tjew/gradle-4.1/lib/plugins/plexus-interpolation-1.14.jar
7f4ce83f3000-7f4ce83f5000 r--s 00000000 08:01 4854096                    /home/yx/.gradle/wrapper/dists/gradle-4.1-all/bzyivzo6n839fup2jbap0tjew/gradle-4.1/lib/plugins/plexus-component-annotations-1.5.5.jar
7f4ce83f5000-7f4ce83fc000 r--s 0002e000 08:01 4854122                    /home/yx/.gradle/wrapper/dists/gradle-4.1-all/bzyivzo6n839fup2jbap0tjew/gradle-4.1/lib/plugins/plexus-container-default-1.5.5.jar
7f4ce83fc000-7f4ce83fe000 r--s 0000a000 08:01 4854123                    /home/yx/.gradle/wrapper/dists/gradle-4.1-all/bzyivzo6n839fup2jbap0tjew/gradle-4.1/lib/plugins/plexus-classworlds-2.4.jar
7f4ce83fe000-7f4ce8400000 r--s 00002000 08:01 4854124                    /home/yx/.gradle/wrapper/dists/gradle-4.1-all/bzyivzo6n839fup2jbap0tjew/gradle-4.1/lib/plugins/plexus-cipher-1.7.jar
7f4ce8400000-7f4ce8401000 r--s 00006000 08:01 4854125                    /home/yx/.gradle/wrapper/dists/gradle-4.1-all/bzyivzo6n839fup2jbap0tjew/gradle-4.1/lib/plugins/plexus-sec-dispatcher-1.3.jar
7f4ce8401000-7f4ce8407000 r--s 0003f000 08:01 4854126                    /home/yx/.gradle/wrapper/dists/gradle-4.1-all/bzyivzo6n839fup2jbap0tjew/gradle-4.1/lib/plugins/maven-compat-3.0.4.jar
7f4ce8407000-7f4ce840b000 r--s 00021000 08:01 4854127                    /home/yx/.gradle/wrapper/dists/gradle-4.1-all/bzyivzo6n839fup2jbap0tjew/gradle-4.1/lib/plugins/maven-model-builder-3.0.4.jar
7f4ce840b000-7f4ce840d000 r--s 00026000 08:01 4854128                    /home/yx/.gradle/wrapper/dists/gradle-4.1-all/bzyivzo6n839fup2jbap0tjew/gradle-4.1/lib/plugins/maven-model-3.0.4.jar
7f4ce840d000-7f4ce840f000 r--s 0000b000 08:01 4854129                    /home/yx/.gradle/wrapper/dists/gradle-4.1-all/bzyivzo6n839fup2jbap0tjew/gradle-4.1/lib/plugins/maven-artifact-3.0.4.jar
7f4ce840f000-7f4ce8411000 r--s 00006000 08:01 4854130                    /home/yx/.gradle/wrapper/dists/gradle-4.1-all/bzyivzo6n839fup2jbap0tjew/gradle-4.1/lib/plugins/maven-repository-metadata-3.0.4.jar
7f4ce8411000-7f4ce8413000 r--s 0000b000 08:01 4854131                    /home/yx/.gradle/wrapper/dists/gradle-4.1-all/bzyivzo6n839fup2jbap0tjew/gradle-4.1/lib/plugins/maven-plugin-api-3.0.4.jar
7f4ce8413000-7f4ce8415000 r--s 0000c000 08:01 4854132                    /home/yx/.gradle/wrapper/dists/gradle-4.1-all/bzyivzo6n839fup2jbap0tjew/gradle-4.1/lib/plugins/maven-aether-provider-3.0.4.jar
7f4ce8415000-7f4ce8416000 r--s 00002000 08:01 4854133                    /home/yx/.gradle/wrapper/dists/gradle-4.1-all/bzyivzo6n839fup2jbap0tjew/gradle-4.1/lib/plugins/wagon-file-2.4.jar
7f4ce8416000-7f4ce8417000 r--s 00002000 08:01 4854134                    /home/yx/.gradle/wrapper/dists/gradle-4.1-all/bzyivzo6n839fup2jbap0tjew/gradle-4.1/lib/plugins/wagon-http-2.4.jar
7f4ce8417000-7f4ce8419000 r--s 0000b000 08:01 4854135                    /home/yx/.gradle/wrapper/dists/gradle-4.1-all/bzyivzo6n839fup2jbap0tjew/gradle-4.1/lib/plugins/wagon-provider-api-2.4.jar
7f4ce8419000-7f4ce841a000 r--s 00007000 08:01 4854136                    /home/yx/.gradle/wrapper/dists/gradle-4.1-all/bzyivzo6n839fup2jbap0tjew/gradle-4.1/lib/plugins/wagon-http-shared4-2.4.jar
7f4ce841a000-7f4ce841d000 r--s 00013000 08:01 4854137                    /home/yx/.gradle/wrapper/dists/gradle-4.1-all/bzyivzo6n839fup2jbap0tjew/gradle-4.1/lib/plugins/aether-api-1.13.1.jar
7f4ce841d000-7f4ce8420000 r--s 0001d000 08:01 4854138                    /home/yx/.gradle/wrapper/dists/gradle-4.1-all/bzyivzo6n839fup2jbap0tjew/gradle-4.1/lib/plugins/aether-impl-1.13.1.jar
7f4ce8420000-7f4ce8421000 r--s 00003000 08:01 4854139                    /home/yx/.gradle/wrapper/dists/gradle-4.1-all/bzyivzo6n839fup2jbap0tjew/gradle-4.1/lib/plugins/aether-spi-1.13.1.jar
7f4ce8421000-7f4ce8425000 r--s 0001c000 08:01 4854140                    /home/yx/.gradle/wrapper/dists/gradle-4.1-all/bzyivzo6n839fup2jbap0tjew/gradle-4.1/lib/plugins/aether-util-1.13.1.jar
7f4ce8425000-7f4ce8427000 r--s 00006000 08:01 4854141                    /home/yx/.gradle/wrapper/dists/gradle-4.1-all/bzyivzo6n839fup2jbap0tjew/gradle-4.1/lib/plugins/aether-connector-wagon-1.13.1.jar
7f4ce8427000-7f4ce8433000 r--s 0007d000 08:01 4854093                    /home/yx/.gradle/wrapper/dists/gradle-4.1-all/bzyivzo6n839fup2jbap0tjew/gradle-4.1/lib/plugins/maven-core-3.0.4.jar
7f4ce8433000-7f4ce8438000 r--s 00034000 08:01 4854100                    /home/yx/.gradle/wrapper/dists/gradle-4.1-all/bzyivzo6n839fup2jbap0tjew/gradle-4.1/lib/plugins/gson-2.7.jar
7f4ce8438000-7f4ce844e000 r-xp 00000000 08:01 1315853                    /lib/x86_64-linux-gnu/libgcc_s.so.1
7f4ce844e000-7f4ce864d000 ---p 00016000 08:01 1315853                    /lib/x86_64-linux-gnu/libgcc_s.so.1
7f4ce864d000-7f4ce864e000 rw-p 00015000 08:01 1315853                    /lib/x86_64-linux-gnu/libgcc_s.so.1
7f4ce864e000-7f4ce87c0000 r-xp 00000000 08:01 403606                     /usr/lib/x86_64-linux-gnu/libstdc++.so.6.0.21
7f4ce87c0000-7f4ce89c0000 ---p 00172000 08:01 403606                     /usr/lib/x86_64-linux-gnu/libstdc++.so.6.0.21
7f4ce89c0000-7f4ce89ca000 r--p 00172000 08:01 403606                     /usr/lib/x86_64-linux-gnu/libstdc++.so.6.0.21
7f4ce89ca000-7f4ce89cc000 rw-p 0017c000 08:01 403606                     /usr/lib/x86_64-linux-gnu/libstdc++.so.6.0.21
7f4ce89cc000-7f4ce89d0000 rw-p 00000000 00:00 0 
7f4ce89d0000-7f4ce89d5000 r-xp 00000000 08:01 4854153                    /home/yx/.gradle/native/25/linux-amd64/libnative-platform.so
7f4ce89d5000-7f4ce8bd4000 ---p 00005000 08:01 4854153                    /home/yx/.gradle/native/25/linux-amd64/libnative-platform.so
7f4ce8bd4000-7f4ce8bd5000 rw-p 00004000 08:01 4854153                    /home/yx/.gradle/native/25/linux-amd64/libnative-platform.so
7f4ce8bd5000-7f4ce8be6000 r-xp 00000000 08:01 4980962                    /home/yx/android-studio/jre/jre/lib/amd64/libnio.so
7f4ce8be6000-7f4ce8de5000 ---p 00011000 08:01 4980962                    /home/yx/android-studio/jre/jre/lib/amd64/libnio.so
7f4ce8de5000-7f4ce8de6000 r--p 00010000 08:01 4980962                    /home/yx/android-studio/jre/jre/lib/amd64/libnio.so
7f4ce8de6000-7f4ce8de7000 rw-p 00011000 08:01 4980962                    /home/yx/android-studio/jre/jre/lib/amd64/libnio.so
7f4ce8de7000-7f4cebde8000 rw-p 00000000 00:00 0 
7f4cebde8000-7f4cebdfe000 r-xp 00000000 08:01 4980977                    /home/yx/android-studio/jre/jre/lib/amd64/libnet.so
7f4cebdfe000-7f4cebffe000 ---p 00016000 08:01 4980977                    /home/yx/android-studio/jre/jre/lib/amd64/libnet.so
7f4cebffe000-7f4cebfff000 r--p 00016000 08:01 4980977                    /home/yx/android-studio/jre/jre/lib/amd64/libnet.so
7f4cebfff000-7f4cec000000 rw-p 00017000 08:01 4980977                    /home/yx/android-studio/jre/jre/lib/amd64/libnet.so
7f4cec000000-7f4cec021000 rw-p 00000000 00:00 0 
7f4cec021000-7f4cf0000000 ---p 00000000 00:00 0 
7f4cf0000000-7f4cf0021000 rw-p 00000000 00:00 0 
7f4cf0021000-7f4cf4000000 ---p 00000000 00:00 0 
7f4cf4000000-7f4cf5cc2000 rw-p 00000000 00:00 0 
7f4cf5cc2000-7f4cf8000000 ---p 00000000 00:00 0 
7f4cf8000000-7f4cf8d16000 rw-p 00000000 00:00 0 
7f4cf8d16000-7f4cfc000000 ---p 00000000 00:00 0 
7f4cfc000000-7f4cfc021000 rw-p 00000000 00:00 0 
7f4cfc021000-7f4d00000000 ---p 00000000 00:00 0 
7f4d00000000-7f4d00021000 rw-p 00000000 00:00 0 
7f4d00021000-7f4d04000000 ---p 00000000 00:00 0 
7f4d04000000-7f4d04340000 rw-p 00000000 00:00 0 
7f4d04340000-7f4d08000000 ---p 00000000 00:00 0 
7f4d08000000-7f4d08021000 rw-p 00000000 00:00 0 
7f4d08021000-7f4d0c000000 ---p 00000000 00:00 0 
7f4d0c000000-7f4d0c06b000 rw-p 00000000 00:00 0 
7f4d0c06b000-7f4d10000000 ---p 00000000 00:00 0 
7f4d10000000-7f4d10005000 r--s 00040000 08:01 4854108                    /home/yx/.gradle/wrapper/dists/gradle-4.1-all/bzyivzo6n839fup2jbap0tjew/gradle-4.1/lib/plugins/jsch-0.1.54.jar
7f4d10005000-7f4d10014000 r--s 000d9000 08:01 4854107                    /home/yx/.gradle/wrapper/dists/gradle-4.1-all/bzyivzo6n839fup2jbap0tjew/gradle-4.1/lib/plugins/ivy-2.2.0.jar
7f4d10014000-7f4d10038000 r--s 0011a000 08:01 4854088                    /home/yx/.gradle/wrapper/dists/gradle-4.1-all/bzyivzo6n839fup2jbap0tjew/gradle-4.1/lib/plugins/gradle-dependency-management-4.1.jar
7f4d10038000-7f4d1003b000 r--s 0000d000 08:01 4854087                    /home/yx/.gradle/wrapper/dists/gradle-4.1-all/bzyivzo6n839fup2jbap0tjew/gradle-4.1/lib/plugins/gradle-workers-4.1.jar
7f4d1003b000-7f4d1003c000 r--s 00006000 08:01 4853995                    /home/yx/.gradle/wrapper/dists/gradle-4.1-all/bzyivzo6n839fup2jbap0tjew/gradle-4.1/lib/gradle-wrapper-4.1.jar
7f4d1003c000-7f4d10049000 r--s 00043000 08:01 4853994                    /home/yx/.gradle/wrapper/dists/gradle-4.1-all/bzyivzo6n839fup2jbap0tjew/gradle-4.1/lib/gradle-tooling-api-4.1.jar
7f4d10049000-7f4d10058000 r--s 000c8000 08:01 4853991                    /home/yx/.gradle/wrapper/dists/gradle-4.1-all/bzyivzo6n839fup2jbap0tjew/gradle-4.1/lib/kotlin-stdlib-1.1.3-2.jar
7f4d10058000-7f4d1008a000 r--s 0021b000 08:01 4853990                    /home/yx/.gradle/wrapper/dists/gradle-4.1-all/bzyivzo6n839fup2jbap0tjew/gradle-4.1/lib/kotlin-reflect-1.1.3-2.jar
7f4d1008a000-7f4d10241000 r--s 01786000 08:01 4853989                    /home/yx/.gradle/wrapper/dists/gradle-4.1-all/bzyivzo6n839fup2jbap0tjew/gradle-4.1/lib/kotlin-compiler-embeddable-1.1.3-2.jar
7f4d10241000-7f4d10242000 r--s 00000000 08:01 4853988                    /home/yx/.gradle/wrapper/dists/gradle-4.1-all/bzyivzo6n839fup2jbap0tjew/gradle-4.1/lib/gradle-kotlin-dsl-tooling-models-0.10.3.jar
7f4d10242000-7f4d10243000 r--s 00001000 08:01 4853986                    /home/yx/.gradle/wrapper/dists/gradle-4.1-all/bzyivzo6n839fup2jbap0tjew/gradle-4.1/lib/gradle-kotlin-dsl-compiler-plugin-0.10.3.jar
7f4d10243000-7f4d10245000 r--s 00003000 08:01 4853984                    /home/yx/.gradle/wrapper/dists/gradle-4.1-all/bzyivzo6n839fup2jbap0tjew/gradle-4.1/lib/annotations-13.0.jar
7f4d10245000-7f4d1024f000 r--s 00073000 08:01 4853985                    /home/yx/.gradle/wrapper/dists/gradle-4.1-all/bzyivzo6n839fup2jbap0tjew/gradle-4.1/lib/gradle-kotlin-dsl-0.10.3.jar
7f4d1024f000-7f4d10254000 r--s 00013000 08:01 4854001                    /home/yx/.gradle/wrapper/dists/gradle-4.1-all/bzyivzo6n839fup2jbap0tjew/gradle-4.1/lib/gradle-resources-4.1.jar
7f4d10254000-7f4d10256000 r--s 00005000 08:01 4854008                    /home/yx/.gradle/wrapper/dists/gradle-4.1-all/bzyivzo6n839fup2jbap0tjew/gradle-4.1/lib/gradle-cli-4.1.jar
7f4d10256000-7f4d10258000 r--s 00003000 08:01 4854015                    /home/yx/.gradle/wrapper/dists/gradle-4.1-all/bzyivzo6n839fup2jbap0tjew/gradle-4.1/lib/jcl-over-slf4j-1.7.10.jar
7f4d10258000-7f4d10259000 r--s 00005000 08:01 4854014                    /home/yx/.gradle/wrapper/dists/gradle-4.1-all/bzyivzo6n839fup2jbap0tjew/gradle-4.1/lib/log4j-over-slf4j-1.7.10.jar
7f4d10259000-7f4d1025b000 r--s 00000000 08:01 4854013                    /home/yx/.gradle/wrapper/dists/gradle-4.1-all/bzyivzo6n839fup2jbap0tjew/gradle-4.1/lib/jul-to-slf4j-1.7.10.jar
7f4d1025b000-7f4d10262000 r--s 0002c000 08:01 4853999                    /home/yx/.gradle/wrapper/dists/gradle-4.1-all/bzyivzo6n839fup2jbap0tjew/gradle-4.1/lib/gradle-logging-4.1.jar
7f4d10262000-7f4d10272000 r--s 00082000 08:01 4854004                    /home/yx/.gradle/wrapper/dists/gradle-4.1-all/bzyivzo6n839fup2jbap0tjew/gradle-4.1/lib/gradle-model-core-4.1.jar
7f4d10272000-7f4d10274000 r--s 00006000 08:01 4854005                    /home/yx/.gradle/wrapper/dists/gradle-4.1-all/bzyivzo6n839fup2jbap0tjew/gradle-4.1/lib/gradle-base-services-groovy-4.1.jar
7f4d10274000-7f4d10276000 r--s 00007000 08:01 4854003                    /home/yx/.gradle/wrapper/dists/gradle-4.1-all/bzyivzo6n839fup2jbap0tjew/gradle-4.1/lib/gradle-model-groovy-4.1.jar
7f4d10276000-7f4d10277000 r--s 00002000 08:01 4854026                    /home/yx/.gradle/wrapper/dists/gradle-4.1-all/bzyivzo6n839fup2jbap0tjew/gradle-4.1/lib/gradle-docs-4.1.jar
7f4d10277000-7f4d10284000 r--s 00083000 08:01 4854024                    /home/yx/.gradle/wrapper/dists/gradle-4.1-all/bzyivzo6n839fup2jbap0tjew/gradle-4.1/lib/commons-collections-3.2.2.jar
7f4d10284000-7f4d10285000 r--s 00000000 08:01 4854023                    /home/yx/.gradle/wrapper/dists/gradle-4.1-all/bzyivzo6n839fup2jbap0tjew/gradle-4.1/lib/javax.inject-1.jar
7f4d10285000-7f4d102f5000 r--s 00645000 08:01 4854021                    /home/yx/.gradle/wrapper/dists/gradle-4.1-all/bzyivzo6n839fup2jbap0tjew/gradle-4.1/lib/groovy-all-2.4.11.jar
7f4d102f5000-7f4d102f8000 r--s 00023000 08:01 4854027                    /home/yx/.gradle/wrapper/dists/gradle-4.1-all/bzyivzo6n839fup2jbap0tjew/gradle-4.1/lib/jansi-1.14.jar
7f4d102f8000-7f4d102f9000 r--s 00004000 08:01 4854029                    /home/yx/.gradle/wrapper/dists/gradle-4.1-all/bzyivzo6n839fup2jbap0tjew/gradle-4.1/lib/native-platform-freebsd-amd64-libcpp-0.14.jar
7f4d102f9000-7f4d102fa000 r--s 00004000 08:01 4854030                    /home/yx/.gradle/wrapper/dists/gradle-4.1-all/bzyivzo6n839fup2jbap0tjew/gradle-4.1/lib/native-platform-freebsd-amd64-libstdcpp-0.14.jar
7f4d102fa000-7f4d102fb000 r--s 00004000 08:01 4854031                    /home/yx/.gradle/wrapper/dists/gradle-4.1-all/bzyivzo6n839fup2jbap0tjew/gradle-4.1/lib/native-platform-freebsd-i386-libcpp-0.14.jar
7f4d102fb000-7f4d102fc000 r--s 00003000 08:01 4854032                    /home/yx/.gradle/wrapper/dists/gradle-4.1-all/bzyivzo6n839fup2jbap0tjew/gradle-4.1/lib/native-platform-freebsd-i386-libstdcpp-0.14.jar
7f4d102fc000-7f4d102fd000 r--s 00002000 08:01 4854033                    /home/yx/.gradle/wrapper/dists/gradle-4.1-all/bzyivzo6n839fup2jbap0tjew/gradle-4.1/lib/native-platform-linux-amd64-0.14.jar
7f4d102fd000-7f4d102fe000 r--s 00002000 08:01 4854034                    /home/yx/.gradle/wrapper/dists/gradle-4.1-all/bzyivzo6n839fup2jbap0tjew/gradle-4.1/lib/native-platform-linux-i386-0.14.jar
7f4d102fe000-7f4d10300000 r--s 00002000 08:01 4854035                    /home/yx/.gradle/wrapper/dists/gradle-4.1-all/bzyivzo6n839fup2jbap0tjew/gradle-4.1/lib/native-platform-osx-amd64-0.14.jar
7f4d10300000-7f4d10301000 r--s 00003000 08:01 4854036                    /home/yx/.gradle/wrapper/dists/gradle-4.1-all/bzyivzo6n839fup2jbap0tjew/gradle-4.1/lib/native-platform-osx-i386-0.14.jar
7f4d10301000-7f4d10303000 r--s 0000b000 08:01 4854037                    /home/yx/.gradle/wrapper/dists/gradle-4.1-all/bzyivzo6n839fup2jbap0tjew/gradle-4.1/lib/native-platform-windows-amd64-0.14.jar
7f4d10303000-7f4d10304000 r--s 0000b000 08:01 4854038                    /home/yx/.gradle/wrapper/dists/gradle-4.1-all/bzyivzo6n839fup2jbap0tjew/gradle-4.1/lib/native-platform-windows-i386-0.14.jar
7f4d10304000-7f4d10305000 r--s 00001000 08:01 4854039                    /home/yx/.gradle/wrapper/dists/gradle-4.1-all/bzyivzo6n839fup2jbap0tjew/gradle-4.1/lib/native-platform-linux-amd64-ncurses5-0.14.jar
7f4d10305000-7f4d10306000 r--s 00001000 08:01 4854040                    /home/yx/.gradle/wrapper/dists/gradle-4.1-all/bzyivzo6n839fup2jbap0tjew/gradle-4.1/lib/native-platform-linux-amd64-ncurses6-0.14.jar
7f4d10306000-7f4d10307000 r--s 00001000 08:01 4854041                    /home/yx/.gradle/wrapper/dists/gradle-4.1-all/bzyivzo6n839fup2jbap0tjew/gradle-4.1/lib/native-platform-linux-i386-ncurses5-0.14.jar
7f4d10307000-7f4d10308000 r--s 00001000 08:01 4854042                    /home/yx/.gradle/wrapper/dists/gradle-4.1-all/bzyivzo6n839fup2jbap0tjew/gradle-4.1/lib/native-platform-linux-i386-ncurses6-0.14.jar
7f4d10308000-7f4d1030c000 r--s 00012000 08:01 4854025                    /home/yx/.gradle/wrapper/dists/gradle-4.1-all/bzyivzo6n839fup2jbap0tjew/gradle-4.1/lib/native-platform-0.14.jar
7f4d1030c000-7f4d1030f000 r--s 0000c000 08:01 4854002                    /home/yx/.gradle/wrapper/dists/gradle-4.1-all/bzyivzo6n839fup2jbap0tjew/gradle-4.1/lib/gradle-native-4.1.jar
7f4d1030f000-7f4d10311000 r--s 0000f000 08:01 4854010                    /home/yx/.gradle/wrapper/dists/gradle-4.1-all/bzyivzo6n839fup2jbap0tjew/gradle-4.1/lib/reflectasm-1.07-shaded.jar
7f4d10311000-7f4d10313000 r--s 00000000 08:01 4854043                    /home/yx/.gradle/wrapper/dists/gradle-4.1-all/bzyivzo6n839fup2jbap0tjew/gradle-4.1/lib/minlog-1.2.jar
7f4d10313000-7f4d10315000 r--s 00007000 08:01 4854044                    /home/yx/.gradle/wrapper/dists/gradle-4.1-all/bzyivzo6n839fup2jbap0tjew/gradle-4.1/lib/objenesis-1.2.jar
7f4d10315000-7f4d10319000 r--s 00026000 08:01 4854009                    /home/yx/.gradle/wrapper/dists/gradle-4.1-all/bzyivzo6n839fup2jbap0tjew/gradle-4.1/lib/kryo-2.20.jar
7f4d10319000-7f4d10341000 r--s 001cf000 08:01 4854017                    /home/yx/.gradle/wrapper/dists/gradle-4.1-all/bzyivzo6n839fup2jbap0tjew/gradle-4.1/lib/guava-jdk5-17.0.jar
7f4d10341000-7f4d10360000 r--s 001d1000 08:01 4854022                    /home/yx/.gradle/wrapper/dists/gradle-4.1-all/bzyivzo6n839fup2jbap0tjew/gradle-4.1/lib/ant-1.9.6.jar
7f4d10360000-7f4d10361000 ---p 00000000 00:00 0 
7f4d10361000-7f4d10461000 rw-p 00000000 00:00 0 
7f4d10461000-7f4d10464000 ---p 00000000 00:00 0 
7f4d10464000-7f4d10562000 rw-p 00000000 00:00 0 
7f4d10562000-7f4d10565000 ---p 00000000 00:00 0 
7f4d10565000-7f4d10663000 rw-p 00000000 00:00 0 
7f4d10663000-7f4d10666000 ---p 00000000 00:00 0 
7f4d10666000-7f4d10764000 rw-p 00000000 00:00 0 
7f4d10764000-7f4d10767000 ---p 00000000 00:00 0 
7f4d10767000-7f4d10865000 rw-p 00000000 00:00 0 
7f4d10865000-7f4d11224000 r--p 00000000 08:01 401147                     /usr/lib/locale/locale-archive
7f4d11224000-7f4d11227000 ---p 00000000 00:00 0 
7f4d11227000-7f4d11325000 rw-p 00000000 00:00 0 
7f4d11325000-7f4d11328000 ---p 00000000 00:00 0 
7f4d11328000-7f4d11426000 rw-p 00000000 00:00 0 
7f4d11426000-7f4d11427000 ---p 00000000 00:00 0 
7f4d11427000-7f4d11e30000 rw-p 00000000 00:00 0 
7f4d11e30000-7f4d12000000 r--s 03c46000 08:01 4980938                    /home/yx/android-studio/jre/jre/lib/rt.jar
7f4d12000000-7f4d14000000 rw-p 00000000 00:00 0 
7f4d14000000-7f4d1404c000 rw-p 00000000 00:00 0 
7f4d1404c000-7f4d18000000 ---p 00000000 00:00 0 
7f4d18000000-7f4d18006000 r--s 0002b000 08:01 4854006                    /home/yx/.gradle/wrapper/dists/gradle-4.1-all/bzyivzo6n839fup2jbap0tjew/gradle-4.1/lib/gradle-messaging-4.1.jar
7f4d18006000-7f4d18008000 r--s 00006000 08:01 4854000                    /home/yx/.gradle/wrapper/dists/gradle-4.1-all/bzyivzo6n839fup2jbap0tjew/gradle-4.1/lib/gradle-process-services-4.1.jar
7f4d18008000-7f4d1800a000 r--s 00000000 08:01 4853998                    /home/yx/.gradle/wrapper/dists/gradle-4.1-all/bzyivzo6n839fup2jbap0tjew/gradle-4.1/lib/gradle-jvm-services-4.1.jar
7f4d1800a000-7f4d1800f000 r--s 00041000 08:01 4854019                    /home/yx/.gradle/wrapper/dists/gradle-4.1-all/bzyivzo6n839fup2jbap0tjew/gradle-4.1/lib/commons-lang-2.6.jar
7f4d1800f000-7f4d18059000 r--s 00253000 08:01 4853997                    /home/yx/.gradle/wrapper/dists/gradle-4.1-all/bzyivzo6n839fup2jbap0tjew/gradle-4.1/lib/gradle-core-4.1.jar
7f4d18059000-7f4d18aa7000 rw-p 00000000 00:00 0 
7f4d18aa7000-7f4d18aa8000 ---p 00000000 00:00 0 
7f4d18aa8000-7f4d18ba8000 rw-p 00000000 00:00 0 
7f4d18ba8000-7f4d18ba9000 ---p 00000000 00:00 0 
7f4d18ba9000-7f4d18cc4000 rw-p 00000000 00:00 0 
7f4d18cc4000-7f4d18dff000 ---p 00000000 00:00 0 
7f4d18dff000-7f4d18e1a000 rw-p 00000000 00:00 0 
7f4d18e1a000-7f4d18f54000 ---p 00000000 00:00 0 
7f4d18f54000-7f4d18f9e000 rw-p 00000000 00:00 0 
7f4d18f9e000-7f4d18fff000 ---p 00000000 00:00 0 
7f4d18fff000-7f4d19000000 rw-p 00000000 00:00 0 
7f4d19000000-7f4d1a040000 rwxp 00000000 00:00 0 
7f4d1a040000-7f4d28000000 ---p 00000000 00:00 0 
7f4d28000000-7f4d28c80000 rw-p 00000000 00:00 0 
7f4d28c80000-7f4d2c000000 ---p 00000000 00:00 0 
7f4d2c000000-7f4d2c008000 r--s 000bd000 08:01 4854011                    /home/yx/.gradle/wrapper/dists/gradle-4.1-all/bzyivzo6n839fup2jbap0tjew/gradle-4.1/lib/asm-debug-all-6.0_ALPHA.jar
7f4d2c008000-7f4d2c014000 r--s 00053000 08:01 4854007                    /home/yx/.gradle/wrapper/dists/gradle-4.1-all/bzyivzo6n839fup2jbap0tjew/gradle-4.1/lib/gradle-base-services-4.1.jar
7f4d2c014000-7f4d2c0ec000 rw-p 00000000 00:00 0 
7f4d2c0ec000-7f4d2c46b000 ---p 00000000 00:00 0 
7f4d2c46b000-7f4d2c485000 r-xp 00000000 08:01 4980965                    /home/yx/android-studio/jre/jre/lib/amd64/libzip.so
7f4d2c485000-7f4d2c685000 ---p 0001a000 08:01 4980965                    /home/yx/android-studio/jre/jre/lib/amd64/libzip.so
7f4d2c685000-7f4d2c686000 r--p 0001a000 08:01 4980965                    /home/yx/android-studio/jre/jre/lib/amd64/libzip.so
7f4d2c686000-7f4d2c687000 rw-p 0001b000 08:01 4980965                    /home/yx/android-studio/jre/jre/lib/amd64/libzip.so
7f4d2c687000-7f4d2c692000 r-xp 00000000 08:01 1316670                    /lib/x86_64-linux-gnu/libnss_files-2.23.so
7f4d2c692000-7f4d2c891000 ---p 0000b000 08:01 1316670                    /lib/x86_64-linux-gnu/libnss_files-2.23.so
7f4d2c891000-7f4d2c892000 r--p 0000a000 08:01 1316670                    /lib/x86_64-linux-gnu/libnss_files-2.23.so
7f4d2c892000-7f4d2c893000 rw-p 0000b000 08:01 1316670                    /lib/x86_64-linux-gnu/libnss_files-2.23.so
7f4d2c893000-7f4d2c899000 rw-p 00000000 00:00 0 
7f4d2c899000-7f4d2c8a4000 r-xp 00000000 08:01 1316677                    /lib/x86_64-linux-gnu/libnss_nis-2.23.so
7f4d2c8a4000-7f4d2caa3000 ---p 0000b000 08:01 1316677                    /lib/x86_64-linux-gnu/libnss_nis-2.23.so
7f4d2caa3000-7f4d2caa4000 r--p 0000a000 08:01 1316677                    /lib/x86_64-linux-gnu/libnss_nis-2.23.so
7f4d2caa4000-7f4d2caa5000 rw-p 0000b000 08:01 1316677                    /lib/x86_64-linux-gnu/libnss_nis-2.23.so
7f4d2caa5000-7f4d2cabb000 r-xp 00000000 08:01 1316678                    /lib/x86_64-linux-gnu/libnsl-2.23.so
7f4d2cabb000-7f4d2ccba000 ---p 00016000 08:01 1316678                    /lib/x86_64-linux-gnu/libnsl-2.23.so
7f4d2ccba000-7f4d2ccbb000 r--p 00015000 08:01 1316678                    /lib/x86_64-linux-gnu/libnsl-2.23.so
7f4d2ccbb000-7f4d2ccbc000 rw-p 00016000 08:01 1316678                    /lib/x86_64-linux-gnu/libnsl-2.23.so
7f4d2ccbc000-7f4d2ccbe000 rw-p 00000000 00:00 0 
7f4d2ccbe000-7f4d2ccc6000 r-xp 00000000 08:01 1316680                    /lib/x86_64-linux-gnu/libnss_compat-2.23.so
7f4d2ccc6000-7f4d2cec5000 ---p 00008000 08:01 1316680                    /lib/x86_64-linux-gnu/libnss_compat-2.23.so
7f4d2cec5000-7f4d2cec6000 r--p 00007000 08:01 1316680                    /lib/x86_64-linux-gnu/libnss_compat-2.23.so
7f4d2cec6000-7f4d2cec7000 rw-p 00008000 08:01 1316680                    /lib/x86_64-linux-gnu/libnss_compat-2.23.so
7f4d2cec7000-7f4d2cef4000 r-xp 00000000 08:01 4980950                    /home/yx/android-studio/jre/jre/lib/amd64/libjava.so
7f4d2cef4000-7f4d2d0f3000 ---p 0002d000 08:01 4980950                    /home/yx/android-studio/jre/jre/lib/amd64/libjava.so
7f4d2d0f3000-7f4d2d0f4000 r--p 0002c000 08:01 4980950                    /home/yx/android-studio/jre/jre/lib/amd64/libjava.so
7f4d2d0f4000-7f4d2d0f6000 rw-p 0002d000 08:01 4980950                    /home/yx/android-studio/jre/jre/lib/amd64/libjava.so
7f4d2d0f6000-7f4d2d106000 r-xp 00000000 08:01 4980980                    /home/yx/android-studio/jre/jre/lib/amd64/libverify.so
7f4d2d106000-7f4d2d305000 ---p 00010000 08:01 4980980                    /home/yx/android-studio/jre/jre/lib/amd64/libverify.so
7f4d2d305000-7f4d2d307000 r--p 0000f000 08:01 4980980                    /home/yx/android-studio/jre/jre/lib/amd64/libverify.so
7f4d2d307000-7f4d2d308000 rw-p 00011000 08:01 4980980                    /home/yx/android-studio/jre/jre/lib/amd64/libverify.so
7f4d2d308000-7f4d2d30f000 r-xp 00000000 08:01 1316669                    /lib/x86_64-linux-gnu/librt-2.23.so
7f4d2d30f000-7f4d2d50e000 ---p 00007000 08:01 1316669                    /lib/x86_64-linux-gnu/librt-2.23.so
7f4d2d50e000-7f4d2d50f000 r--p 00006000 08:01 1316669                    /lib/x86_64-linux-gnu/librt-2.23.so
7f4d2d50f000-7f4d2d510000 rw-p 00007000 08:01 1316669                    /lib/x86_64-linux-gnu/librt-2.23.so
7f4d2d510000-7f4d2d618000 r-xp 00000000 08:01 1316674                    /lib/x86_64-linux-gnu/libm-2.23.so
7f4d2d618000-7f4d2d817000 ---p 00108000 08:01 1316674                    /lib/x86_64-linux-gnu/libm-2.23.so
7f4d2d817000-7f4d2d818000 r--p 00107000 08:01 1316674                    /lib/x86_64-linux-gnu/libm-2.23.so
7f4d2d818000-7f4d2d819000 rw-p 00108000 08:01 1316674                    /lib/x86_64-linux-gnu/libm-2.23.so
7f4d2d819000-7f4d2e411000 r-xp 00000000 08:01 4980975                    /home/yx/android-studio/jre/jre/lib/amd64/server/libjvm.so
7f4d2e411000-7f4d2e611000 ---p 00bf8000 08:01 4980975                    /home/yx/android-studio/jre/jre/lib/amd64/server/libjvm.so
7f4d2e611000-7f4d2e6b0000 r--p 00bf8000 08:01 4980975                    /home/yx/android-studio/jre/jre/lib/amd64/server/libjvm.so
7f4d2e6b0000-7f4d2e6d9000 rw-p 00c97000 08:01 4980975                    /home/yx/android-studio/jre/jre/lib/amd64/server/libjvm.so
7f4d2e6d9000-7f4d2e71d000 rw-p 00000000 00:00 0 
7f4d2e71d000-7f4d2e735000 r-xp 00000000 08:01 1312594                    /lib/x86_64-linux-gnu/libpthread-2.23.so
7f4d2e735000-7f4d2e934000 ---p 00018000 08:01 1312594                    /lib/x86_64-linux-gnu/libpthread-2.23.so
7f4d2e934000-7f4d2e935000 r--p 00017000 08:01 1312594                    /lib/x86_64-linux-gnu/libpthread-2.23.so
7f4d2e935000-7f4d2e936000 rw-p 00018000 08:01 1312594                    /lib/x86_64-linux-gnu/libpthread-2.23.so
7f4d2e936000-7f4d2e93a000 rw-p 00000000 00:00 0 
7f4d2e93a000-7f4d2e93d000 r-xp 00000000 08:01 1316666                    /lib/x86_64-linux-gnu/libdl-2.23.so
7f4d2e93d000-7f4d2eb3c000 ---p 00003000 08:01 1316666                    /lib/x86_64-linux-gnu/libdl-2.23.so
7f4d2eb3c000-7f4d2eb3d000 r--p 00002000 08:01 1316666                    /lib/x86_64-linux-gnu/libdl-2.23.so
7f4d2eb3d000-7f4d2eb3e000 rw-p 00003000 08:01 1316666                    /lib/x86_64-linux-gnu/libdl-2.23.so
7f4d2eb3e000-7f4d2ecfe000 r-xp 00000000 08:01 1316679                    /lib/x86_64-linux-gnu/libc-2.23.so
7f4d2ecfe000-7f4d2eefe000 ---p 001c0000 08:01 1316679                    /lib/x86_64-linux-gnu/libc-2.23.so
7f4d2eefe000-7f4d2ef02000 r--p 001c0000 08:01 1316679                    /lib/x86_64-linux-gnu/libc-2.23.so
7f4d2ef02000-7f4d2ef04000 rw-p 001c4000 08:01 1316679                    /lib/x86_64-linux-gnu/libc-2.23.so
7f4d2ef04000-7f4d2ef08000 rw-p 00000000 00:00 0 
7f4d2ef08000-7f4d2ef1e000 r-xp 00000000 08:01 4981102                    /home/yx/android-studio/jre/lib/amd64/jli/libjli.so
7f4d2ef1e000-7f4d2f11d000 ---p 00016000 08:01 4981102                    /home/yx/android-studio/jre/lib/amd64/jli/libjli.so
7f4d2f11d000-7f4d2f11e000 r--p 00015000 08:01 4981102                    /home/yx/android-studio/jre/lib/amd64/jli/libjli.so
7f4d2f11e000-7f4d2f11f000 rw-p 00016000 08:01 4981102                    /home/yx/android-studio/jre/lib/amd64/jli/libjli.so
7f4d2f11f000-7f4d2f145000 r-xp 00000000 08:01 1316671                    /lib/x86_64-linux-gnu/ld-2.23.so
7f4d2f145000-7f4d2f148000 r--s 00006000 08:01 4854018                    /home/yx/.gradle/wrapper/dists/gradle-4.1-all/bzyivzo6n839fup2jbap0tjew/gradle-4.1/lib/jsr305-1.3.9.jar
7f4d2f148000-7f4d2f14c000 r--s 00027000 08:01 4854012                    /home/yx/.gradle/wrapper/dists/gradle-4.1-all/bzyivzo6n839fup2jbap0tjew/gradle-4.1/lib/commons-io-2.2.jar
7f4d2f14c000-7f4d2f225000 rw-p 00000000 00:00 0 
7f4d2f225000-7f4d2f228000 ---p 00000000 00:00 0 
7f4d2f228000-7f4d2f32a000 rw-p 00000000 00:00 0 
7f4d2f32a000-7f4d2f32b000 r--s 00000000 08:01 4854020                    /home/yx/.gradle/wrapper/dists/gradle-4.1-all/bzyivzo6n839fup2jbap0tjew/gradle-4.1/lib/jcip-annotations-1.0.jar
7f4d2f32b000-7f4d2f32c000 r--s 00007000 08:01 4854016                    /home/yx/.gradle/wrapper/dists/gradle-4.1-all/bzyivzo6n839fup2jbap0tjew/gradle-4.1/lib/slf4j-api-1.7.10.jar
7f4d2f32c000-7f4d2f32d000 r--s 00004000 08:01 4854028                    /home/yx/.gradle/wrapper/dists/gradle-4.1-all/bzyivzo6n839fup2jbap0tjew/gradle-4.1/lib/ant-launcher-1.9.6.jar
7f4d2f32d000-7f4d2f339000 r--s 0005c000 08:01 4853992                    /home/yx/.gradle/wrapper/dists/gradle-4.1-all/bzyivzo6n839fup2jbap0tjew/gradle-4.1/lib/gradle-launcher-4.1.jar
7f4d2f339000-7f4d2f341000 rw-s 00000000 08:01 266120                     /tmp/hsperfdata_yx/13830
7f4d2f341000-7f4d2f342000 rw-p 00000000 00:00 0 
7f4d2f342000-7f4d2f343000 ---p 00000000 00:00 0 
7f4d2f343000-7f4d2f344000 rw-p 00000000 00:00 0 
7f4d2f344000-7f4d2f345000 r--p 00025000 08:01 1316671                    /lib/x86_64-linux-gnu/ld-2.23.so
7f4d2f345000-7f4d2f346000 rw-p 00026000 08:01 1316671                    /lib/x86_64-linux-gnu/ld-2.23.so
7f4d2f346000-7f4d2f347000 rw-p 00000000 00:00 0 
7fff82ba2000-7fff82bc3000 rw-p 00000000 00:00 0                          [stack]
7fff82bf1000-7fff82bf4000 r--p 00000000 00:00 0                          [vvar]
7fff82bf4000-7fff82bf6000 r-xp 00000000 00:00 0                          [vdso]
ffffffffff600000-ffffffffff601000 r-xp 00000000 00:00 0                  [vsyscall]

VM Arguments:
jvm_args: -XX:+HeapDumpOnOutOfMemoryError -Xmx1024m -Dfile.encoding=UTF-8 -Duser.country=US -Duser.language=en -Duser.variant 
java_command: org.gradle.launcher.daemon.bootstrap.GradleDaemon 4.1
java_class_path (initial): /home/yx/.gradle/wrapper/dists/gradle-4.1-all/bzyivzo6n839fup2jbap0tjew/gradle-4.1/lib/gradle-launcher-4.1.jar
Launcher Type: SUN_STANDARD

Environment Variables:
PATH=/home/yx/bin:/home/yx/.local/bin:/usr/local/sbin:/usr/local/bin:/usr/sbin:/usr/bin:/sbin:/bin:/usr/games:/usr/local/games:/snap/bin
LD_LIBRARY_PATH=.:
SHELL=/bin/bash
DISPLAY=:0

Signal Handlers:
SIGSEGV: [libjvm.so+0x9ebc60], sa_mask[0]=11111111011111111101111111111110, sa_flags=SA_RESTART|SA_SIGINFO
SIGBUS: [libjvm.so+0x9ebc60], sa_mask[0]=11111111011111111101111111111110, sa_flags=SA_RESTART|SA_SIGINFO
SIGFPE: [libjvm.so+0x84cf60], sa_mask[0]=11111111011111111101111111111110, sa_flags=SA_RESTART|SA_SIGINFO
SIGPIPE: [libjvm.so+0x84cf60], sa_mask[0]=11111111011111111101111111111110, sa_flags=SA_RESTART|SA_SIGINFO
SIGXFSZ: [libjvm.so+0x84cf60], sa_mask[0]=11111111011111111101111111111110, sa_flags=SA_RESTART|SA_SIGINFO
SIGILL: [libjvm.so+0x84cf60], sa_mask[0]=11111111011111111101111111111110, sa_flags=SA_RESTART|SA_SIGINFO
SIGUSR1: SIG_DFL, sa_mask[0]=00000000000000000000000000000000, sa_flags=none
SIGUSR2: [libjvm.so+0x84ce30], sa_mask[0]=00100000000000000000000000000000, sa_flags=SA_RESTART|SA_SIGINFO
SIGHUP: [libjvm.so+0x84d020], sa_mask[0]=11111111011111111101111111111110, sa_flags=SA_RESTART|SA_SIGINFO
SIGINT: [libjvm.so+0x84d020], sa_mask[0]=11111111011111111101111111111110, sa_flags=SA_RESTART|SA_SIGINFO
SIGTERM: [libjvm.so+0x84d020], sa_mask[0]=11111111011111111101111111111110, sa_flags=SA_RESTART|SA_SIGINFO
SIGQUIT: [libjvm.so+0x84d020], sa_mask[0]=11111111011111111101111111111110, sa_flags=SA_RESTART|SA_SIGINFO


---------------  S Y S T E M  ---------------

OS:DISTRIB_ID=Ubuntu
DISTRIB_RELEASE=16.04
DISTRIB_CODENAME=xenial
DISTRIB_DESCRIPTION="Ubuntu 16.04.7 LTS"

uname:Linux 4.15.0-112-generic #113~16.04.1-Ubuntu SMP Fri Jul 10 04:37:08 UTC 2020 x86_64
libc:glibc 2.23 NPTL 2.23 
rlimit: STACK 8192k, CORE 0k, NPROC 15448, NOFILE 1048576, AS infinity
load average:12.96 8.31 3.96

/proc/meminfo:
MemTotal:        4015908 kB
MemFree:           86848 kB
MemAvailable:          0 kB
Buffers:             168 kB
Cached:            52964 kB
SwapCached:           20 kB
Active:          2504476 kB
Inactive:         627580 kB
Active(anon):    2502892 kB
Inactive(anon):   625764 kB
Active(file):       1584 kB
Inactive(file):     1816 kB
Unevictable:          48 kB
Mlocked:              48 kB
SwapTotal:        998396 kB
SwapFree:              0 kB
Dirty:                 0 kB
Writeback:           104 kB
AnonPages:       3079076 kB
Mapped:            20356 kB
Shmem:             49620 kB
Slab:             103772 kB
SReclaimable:      40316 kB
SUnreclaim:        63456 kB
KernelStack:       13792 kB
PageTables:        45568 kB
NFS_Unstable:          0 kB
Bounce:                0 kB
WritebackTmp:          0 kB
CommitLimit:     3006348 kB
Committed_AS:    9000160 kB
VmallocTotal:   34359738367 kB
VmallocUsed:           0 kB
VmallocChunk:          0 kB
HardwareCorrupted:     0 kB
AnonHugePages:    589824 kB
ShmemHugePages:        0 kB
ShmemPmdMapped:        0 kB
CmaTotal:              0 kB
CmaFree:               0 kB
HugePages_Total:       0
HugePages_Free:        0
HugePages_Rsvd:        0
HugePages_Surp:        0
Hugepagesize:       2048 kB
DirectMap4k:      163648 kB
DirectMap2M:     4030464 kB
DirectMap1G:     2097152 kB


CPU:total 2 (initial active 2) (1 cores per cpu, 1 threads per core) family 6 model 151 stepping 2, cmov, cx8, fxsr, mmx, sse, sse2, sse3, ssse3, sse4.1, sse4.2, popcnt, avx, avx2, aes, clmul, erms, 3dnowpref, lzcnt, tsc, tscinvbit, bmi1, bmi2, adx

/proc/cpuinfo:
processor	: 0
vendor_id	: GenuineIntel
cpu family	: 6
model		: 151
model name	: 12th Gen Intel(R) Core(TM) i5-12490F
stepping	: 2
microcode	: 0x25
cpu MHz		: 2995.202
cache size	: 20480 KB
physical id	: 0
siblings	: 1
core id		: 0
cpu cores	: 1
apicid		: 0
initial apicid	: 0
fpu		: yes
fpu_exception	: yes
cpuid level	: 32
wp		: yes
flags		: fpu vme de pse tsc msr pae mce cx8 apic sep mtrr pge mca cmov pat pse36 clflush mmx fxsr sse sse2 ss syscall nx pdpe1gb rdtscp lm constant_tsc arch_perfmon rep_good nopl xtopology tsc_reliable nonstop_tsc cpuid pni pclmulqdq vmx ssse3 fma cx16 pcid sse4_1 sse4_2 x2apic movbe popcnt tsc_deadline_timer aes xsave avx f16c rdrand hypervisor lahf_lm abm 3dnowprefetch invpcid_single ssbd ibrs ibpb stibp ibrs_enhanced tpr_shadow vnmi ept vpid fsgsbase tsc_adjust bmi1 avx2 smep bmi2 erms invpcid rdseed adx smap clflushopt clwb sha_ni xsaveopt xsavec xgetbv1 xsaves arat umip pku ospke gfni vaes vpclmulqdq rdpid md_clear flush_l1d arch_capabilities
bugs		: spectre_v1 spectre_v2 spec_store_bypass swapgs itlb_multihit
bogomips	: 5990.40
clflush size	: 64
cache_alignment	: 64
address sizes	: 45 bits physical, 48 bits virtual
power management:

processor	: 1
vendor_id	: GenuineIntel
cpu family	: 6
model		: 151
model name	: 12th Gen Intel(R) Core(TM) i5-12490F
stepping	: 2
microcode	: 0x25
cpu MHz		: 2995.202
cache size	: 20480 KB
physical id	: 2
siblings	: 1
core id		: 0
cpu cores	: 1
apicid		: 2
initial apicid	: 2
fpu		: yes
fpu_exception	: yes
cpuid level	: 32
wp		: yes
flags		: fpu vme de pse tsc msr pae mce cx8 apic sep mtrr pge mca cmov pat pse36 clflush mmx fxsr sse sse2 ss syscall nx pdpe1gb rdtscp lm constant_tsc arch_perfmon rep_good nopl xtopology tsc_reliable nonstop_tsc cpuid pni pclmulqdq vmx ssse3 fma cx16 pcid sse4_1 sse4_2 x2apic movbe popcnt tsc_deadline_timer aes xsave avx f16c rdrand hypervisor lahf_lm abm 3dnowprefetch invpcid_single ssbd ibrs ibpb stibp ibrs_enhanced tpr_shadow vnmi ept vpid fsgsbase tsc_adjust bmi1 avx2 smep bmi2 erms invpcid rdseed adx smap clflushopt clwb sha_ni xsaveopt xsavec xgetbv1 xsaves arat umip pku ospke gfni vaes vpclmulqdq rdpid md_clear flush_l1d arch_capabilities
bugs		: spectre_v1 spectre_v2 spec_store_bypass swapgs itlb_multihit
bogomips	: 5990.40
clflush size	: 64
cache_alignment	: 64
address sizes	: 45 bits physical, 48 bits virtual
power management:



Memory: 4k page, physical 4015908k(86848k free), swap 998396k(0k free)

vm_info: OpenJDK 64-Bit Server VM (25.152-b01) for linux-amd64 JRE (1.8.0_152-release-915-b01), built by "builder" with gcc 4.8.4

time: Sat Dec 21 06:46:02 2024
elapsed time: 38 seconds (0d 0h 0m 38s)

