#
# There is insufficient memory for the Java Runtime Environment to continue.
# Native memory allocation (mmap) failed to map 30408704 bytes for committing reserved memory.
# Possible reasons:
#   The system is out of physical RAM or swap space
#   In 32 bit mode, the process size limit was hit
# Possible solutions:
#   Reduce memory load on the system
#   Increase physical memory or swap space
#   Check if swap backing store is full
#   Use 64 bit Java on a 64 bit OS
#   Decrease Java heap size (-Xmx/-Xms)
#   Decrease number of Java threads
#   Decrease Java thread stack sizes (-Xss)
#   Set larger code cache with -XX:ReservedCodeCacheSize=
# This output file may be truncated or incomplete.
#
#  Out of Memory Error (os_linux.cpp:2640), pid=10800, tid=0x00007f24aced5700
#
# JRE version: OpenJDK Runtime Environment (8.0_152-b01) (build 1.8.0_152-release-915-b01)
# Java VM: OpenJDK 64-Bit Server VM (25.152-b01 mixed mode linux-amd64 compressed oops)
# Failed to write core dump. Core dumps have been disabled. To enable core dumping, try "ulimit -c unlimited" before starting Java again
#

---------------  T H R E A D  ---------------

Current thread (0x00007f24c0074000):  VMThread [stack: 0x00007f24acdd5000,0x00007f24aced6000] [id=10806]

Stack: [0x00007f24acdd5000,0x00007f24aced6000],  sp=0x00007f24aced44c0,  free space=1021k
Native frames: (J=compiled Java code, j=interpreted, Vv=VM code, C=native code)
V  [libjvm.so+0x9eb15d]  VMError::report_and_die()+0x15d
V  [libjvm.so+0x4b8eaa]  report_vm_out_of_memory(char const*, int, unsigned long, VMErrorType, char const*)+0x8a
V  [libjvm.so+0x851370]  os::pd_commit_memory(char*, unsigned long, unsigned long, bool)+0xf0
V  [libjvm.so+0x84be8f]  os::commit_memory(char*, unsigned long, unsigned long, bool)+0x1f
V  [libjvm.so+0x8c261b]  PSVirtualSpace::expand_by(unsigned long)+0x5b
V  [libjvm.so+0x8c3290]  PSYoungGen::resize_generation(unsigned long, unsigned long)+0xb0
V  [libjvm.so+0x8c35ab]  PSYoungGen::resize(unsigned long, unsigned long)+0x1b
V  [libjvm.so+0x8bfc9c]  PSScavenge::invoke_no_policy()+0xdac
V  [libjvm.so+0x8c0478]  PSScavenge::invoke()+0x38
V  [libjvm.so+0x8748f3]  ParallelScavengeHeap::failed_mem_allocate(unsigned long)+0x63
V  [libjvm.so+0x9ecc84]  VM_ParallelGCFailedAllocation::doit()+0x84
V  [libjvm.so+0x9f1197]  VM_Operation::evaluate()+0x47
V  [libjvm.so+0x9efb78]  VMThread::evaluate_operation(VM_Operation*)+0x2c8
V  [libjvm.so+0x9efff9]  VMThread::loop()+0x219
V  [libjvm.so+0x9f0442]  VMThread::run()+0x72
V  [libjvm.so+0x84e792]  java_start(Thread*)+0xf2

VM_Operation (0x00007f246f4f4bc0): ParallelGCFailedAllocation, mode: safepoint, requested by thread 0x00007f2474005800


---------------  P R O C E S S  ---------------

Java Threads: ( => current thread )
  0x00007f2478038800 JavaThread "Cache worker for Artifact transforms cache (/home/yx/.gradle/caches/transforms-1)" [_thread_blocked, id=11569, stack(0x00007f248304d000,0x00007f248314e000)]
  0x00007f2478048800 JavaThread "Cache worker for file hash cache (/home/yx/cse586/GroupMessenger2/.gradle/4.1/fileHashes)" [_thread_blocked, id=11564, stack(0x00007f248324f000,0x00007f2483350000)]
  0x00007f2478045000 JavaThread "Stdin handler" [_thread_blocked, id=11563, stack(0x00007f246f4fb000,0x00007f246f5fc000)]
  0x00007f2478044000 JavaThread "Asynchronous log dispatcher for DefaultDaemonConnection: socket connection from /127.0.0.1:35713 to /127.0.0.1:50518" [_thread_blocked, id=11562, stack(0x00007f2483350000,0x00007f2483451000)]
  0x00007f2474005800 JavaThread "Daemon worker Thread 2" [_thread_blocked, id=11559, stack(0x00007f246f3fa000,0x00007f246f4fb000)]
  0x00007f2474007000 JavaThread "Cancel handler" [_thread_blocked, id=11558, stack(0x00007f246eef9000,0x00007f246effa000)]
  0x00007f2474004000 JavaThread "Handler for socket connection from /127.0.0.1:35713 to /127.0.0.1:50518" [_thread_in_native, id=11556, stack(0x00007f248314e000,0x00007f248324f000)]
  0x00007f2478019800 JavaThread "Daemon Thread 2" [_thread_blocked, id=11555, stack(0x00007f2483451000,0x00007f2483552000)]
  0x00007f2468ea6000 JavaThread "Memory manager" [_thread_blocked, id=10830, stack(0x00007f2480c2f000,0x00007f2480d30000)]
  0x00007f24681f8800 JavaThread "File lock request listener" [_thread_in_native, id=10825, stack(0x00007f2482b4a000,0x00007f2482c4b000)]
  0x00007f24681b6000 JavaThread "Cache worker for file hash cache (/home/yx/.gradle/caches/4.1/fileHashes)" [_thread_blocked, id=10824, stack(0x00007f2482c4b000,0x00007f2482d4c000)]
  0x00007f24c0c5a800 JavaThread "Daemon periodic checks" [_thread_blocked, id=10815, stack(0x00007f2483552000,0x00007f2483653000)]
  0x00007f24c0c33000 JavaThread "Incoming local TCP Connector on port 35713" [_thread_in_native, id=10814, stack(0x00007f248365a000,0x00007f248375b000)]
  0x00007f24c00c4800 JavaThread "Service Thread" daemon [_thread_blocked, id=10812, stack(0x00007f2497dfe000,0x00007f2497eff000)]
  0x00007f24c00b7800 JavaThread "C1 CompilerThread1" daemon [_thread_blocked, id=10811, stack(0x00007f2497eff000,0x00007f2498000000)]
  0x00007f24c00b4800 JavaThread "C2 CompilerThread0" daemon [_thread_blocked, id=10810, stack(0x00007f24ac012000,0x00007f24ac113000)]
  0x00007f24c00b3800 JavaThread "Signal Dispatcher" daemon [_thread_blocked, id=10809, stack(0x00007f24ac113000,0x00007f24ac214000)]
  0x00007f24c0080000 JavaThread "Finalizer" daemon [_thread_blocked, id=10808, stack(0x00007f24acbd3000,0x00007f24accd4000)]
  0x00007f24c007b800 JavaThread "Reference Handler" daemon [_thread_blocked, id=10807, stack(0x00007f24accd4000,0x00007f24acdd5000)]
  0x00007f24c000a800 JavaThread "main" [_thread_blocked, id=10801, stack(0x00007f24c7e38000,0x00007f24c7f39000)]

Other Threads:
=>0x00007f24c0074000 VMThread [stack: 0x00007f24acdd5000,0x00007f24aced6000] [id=10806]
  0x00007f24c00c7000 WatcherThread [stack: 0x00007f2497cfd000,0x00007f2497dfe000] [id=10813]

VM state:at safepoint (normal execution)

VM Mutex/Monitor currently owned by a thread:  ([mutex/lock_event])
[0x00007f24c0006e70] Threads_lock - owner thread: 0x00007f24c0074000
[0x00007f24c0007370] Heap_lock - owner thread: 0x00007f2474005800

Heap:
 PSYoungGen      total 157696K, used 12002K [0x00000000e0000000, 0x00000000eb780000, 0x0000000100000000)
  eden space 138752K, 0% used [0x00000000e0000000,0x00000000e0000000,0x00000000e8780000)
  from space 18944K, 63% used [0x00000000e8780000,0x00000000e9338a78,0x00000000e9a00000)
  to   space 15872K, 0% used [0x00000000e9a00000,0x00000000e9a00000,0x00000000ea980000)
 ParOldGen       total 83456K, used 30405K [0x00000000a0000000, 0x00000000a5180000, 0x00000000e0000000)
  object space 83456K, 36% used [0x00000000a0000000,0x00000000a1db1478,0x00000000a5180000)
 Metaspace       used 66539K, capacity 69177K, committed 69464K, reserved 1110016K
  class space    used 8855K, capacity 9501K, committed 9600K, reserved 1048576K

Card table byte_map: [0x00007f24c49bd000,0x00007f24c4cbe000] byte_map_base: 0x00007f24c44bd000

Marking Bits: (ParMarkBitMap*) 0x00007f24c73013e0
 Begin Bits: [0x00007f24ae000000, 0x00007f24af800000)
 End Bits:   [0x00007f24af800000, 0x00007f24b1000000)

Polling page: 0x00007f24c7f55000

CodeCache: size=245760Kb used=20119Kb max_used=20119Kb free=225640Kb
 bounds [0x00007f24b1000000, 0x00007f24b23c0000, 0x00007f24c0000000]
 total_blobs=7973 nmethods=7162 adapters=724
 compilation: enabled

Compilation events (10 events):
Event: 240.083 Thread 0x00007f24c00b7800 8287       2       com.sun.org.apache.xerces.internal.parsers.AbstractDOMParser::reset (198 bytes)
Event: 240.084 Thread 0x00007f24c00b7800 nmethod 8287 0x00007f24b23b5dd0 code [0x00007f24b23b5fc0, 0x00007f24b23b6438]
Event: 240.084 Thread 0x00007f24c00b7800 8288       2       com.sun.org.apache.xerces.internal.impl.XMLDocumentScannerImpl::createContentDriver (9 bytes)
Event: 240.084 Thread 0x00007f24c00b7800 nmethod 8288 0x00007f24b23abf90 code [0x00007f24b23ac100, 0x00007f24b23ac2d0]
Event: 240.084 Thread 0x00007f24c00b7800 8289   !   2       com.sun.org.apache.xerces.internal.parsers.AbstractDOMParser::startDocument (367 bytes)
Event: 240.089 Thread 0x00007f24c00b7800 nmethod 8289 0x00007f24b23b6650 code [0x00007f24b23b6900, 0x00007f24b23b7488]
Event: 240.089 Thread 0x00007f24c00b7800 8290       2       com.sun.org.apache.xerces.internal.dom.DeferredDocumentImpl::<init> (7 bytes)
Event: 240.090 Thread 0x00007f24c00b7800 nmethod 8290 0x00007f24b23b8010 code [0x00007f24b23b8180, 0x00007f24b23b82e8]
Event: 240.090 Thread 0x00007f24c00b7800 8291       2       com.sun.org.apache.xerces.internal.dom.DocumentImpl::<init> (11 bytes)
Event: 240.090 Thread 0x00007f24c00b7800 nmethod 8291 0x00007f24b23b8390 code [0x00007f24b23b8500, 0x00007f24b23b8688]

GC Heap History (10 events):
Event: 16.336 GC heap after
Heap after GC invocations=11 (full 2):
 PSYoungGen      total 98816K, used 0K [0x00000000e0000000, 0x00000000e8100000, 0x0000000100000000)
  eden space 88576K, 0% used [0x00000000e0000000,0x00000000e0000000,0x00000000e5680000)
  from space 10240K, 0% used [0x00000000e5680000,0x00000000e5680000,0x00000000e6080000)
  to   space 11264K, 0% used [0x00000000e7600000,0x00000000e7600000,0x00000000e8100000)
 ParOldGen       total 57344K, used 15350K [0x00000000a0000000, 0x00000000a3800000, 0x00000000e0000000)
  object space 57344K, 26% used [0x00000000a0000000,0x00000000a0efdbe0,0x00000000a3800000)
 Metaspace       used 34509K, capacity 35180K, committed 35416K, reserved 1079296K
  class space    used 4693K, capacity 4927K, committed 4992K, reserved 1048576K
}
Event: 21.133 GC heap before
{Heap before GC invocations=12 (full 2):
 PSYoungGen      total 98816K, used 88576K [0x00000000e0000000, 0x00000000e8100000, 0x0000000100000000)
  eden space 88576K, 100% used [0x00000000e0000000,0x00000000e5680000,0x00000000e5680000)
  from space 10240K, 0% used [0x00000000e5680000,0x00000000e5680000,0x00000000e6080000)
  to   space 11264K, 0% used [0x00000000e7600000,0x00000000e7600000,0x00000000e8100000)
 ParOldGen       total 57344K, used 15350K [0x00000000a0000000, 0x00000000a3800000, 0x00000000e0000000)
  object space 57344K, 26% used [0x00000000a0000000,0x00000000a0efdbe0,0x00000000a3800000)
 Metaspace       used 40434K, capacity 41192K, committed 41560K, reserved 1085440K
  class space    used 5384K, capacity 5639K, committed 5760K, reserved 1048576K
Event: 21.162 GC heap after
Heap after GC invocations=12 (full 2):
 PSYoungGen      total 119808K, used 9467K [0x00000000e0000000, 0x00000000e8300000, 0x0000000100000000)
  eden space 108544K, 0% used [0x00000000e0000000,0x00000000e0000000,0x00000000e6a00000)
  from space 11264K, 84% used [0x00000000e7600000,0x00000000e7f3ed30,0x00000000e8100000)
  to   space 12288K, 0% used [0x00000000e6a00000,0x00000000e6a00000,0x00000000e7600000)
 ParOldGen       total 57344K, used 15358K [0x00000000a0000000, 0x00000000a3800000, 0x00000000e0000000)
  object space 57344K, 26% used [0x00000000a0000000,0x00000000a0effbe0,0x00000000a3800000)
 Metaspace       used 40434K, capacity 41192K, committed 41560K, reserved 1085440K
  class space    used 5384K, capacity 5639K, committed 5760K, reserved 1048576K
}
Event: 24.536 GC heap before
{Heap before GC invocations=13 (full 2):
 PSYoungGen      total 119808K, used 118011K [0x00000000e0000000, 0x00000000e8300000, 0x0000000100000000)
  eden space 108544K, 100% used [0x00000000e0000000,0x00000000e6a00000,0x00000000e6a00000)
  from space 11264K, 84% used [0x00000000e7600000,0x00000000e7f3ed30,0x00000000e8100000)
  to   space 12288K, 0% used [0x00000000e6a00000,0x00000000e6a00000,0x00000000e7600000)
 ParOldGen       total 57344K, used 15358K [0x00000000a0000000, 0x00000000a3800000, 0x00000000e0000000)
  object space 57344K, 26% used [0x00000000a0000000,0x00000000a0effbe0,0x00000000a3800000)
 Metaspace       used 50338K, capacity 51904K, committed 52056K, reserved 1093632K
  class space    used 6835K, capacity 7250K, committed 7296K, reserved 1048576K
Event: 24.659 GC heap after
Heap after GC invocations=13 (full 2):
 PSYoungGen      total 120832K, used 12276K [0x00000000e0000000, 0x00000000ea980000, 0x0000000100000000)
  eden space 108544K, 0% used [0x00000000e0000000,0x00000000e0000000,0x00000000e6a00000)
  from space 12288K, 99% used [0x00000000e6a00000,0x00000000e75fd398,0x00000000e7600000)
  to   space 15872K, 0% used [0x00000000e9a00000,0x00000000e9a00000,0x00000000ea980000)
 ParOldGen       total 57344K, used 19946K [0x00000000a0000000, 0x00000000a3800000, 0x00000000e0000000)
  object space 57344K, 34% used [0x00000000a0000000,0x00000000a137a888,0x00000000a3800000)
 Metaspace       used 50338K, capacity 51904K, committed 52056K, reserved 1093632K
  class space    used 6835K, capacity 7250K, committed 7296K, reserved 1048576K
}
Event: 30.807 GC heap before
{Heap before GC invocations=14 (full 2):
 PSYoungGen      total 120832K, used 72620K [0x00000000e0000000, 0x00000000ea980000, 0x0000000100000000)
  eden space 108544K, 55% used [0x00000000e0000000,0x00000000e3aedfd8,0x00000000e6a00000)
  from space 12288K, 99% used [0x00000000e6a00000,0x00000000e75fd398,0x00000000e7600000)
  to   space 15872K, 0% used [0x00000000e9a00000,0x00000000e9a00000,0x00000000ea980000)
 ParOldGen       total 57344K, used 19946K [0x00000000a0000000, 0x00000000a3800000, 0x00000000e0000000)
  object space 57344K, 34% used [0x00000000a0000000,0x00000000a137a888,0x00000000a3800000)
 Metaspace       used 57096K, capacity 58893K, committed 59028K, reserved 1099776K
  class space    used 7720K, capacity 8192K, committed 8192K, reserved 1048576K
Event: 31.220 GC heap after
Heap after GC invocations=14 (full 2):
 PSYoungGen      total 154624K, used 15862K [0x00000000e0000000, 0x00000000eb780000, 0x0000000100000000)
  eden space 138752K, 0% used [0x00000000e0000000,0x00000000e0000000,0x00000000e8780000)
  from space 15872K, 99% used [0x00000000e9a00000,0x00000000ea97d820,0x00000000ea980000)
  to   space 18944K, 0% used [0x00000000e8780000,0x00000000e8780000,0x00000000e9a00000)
 ParOldGen       total 57344K, used 22014K [0x00000000a0000000, 0x00000000a3800000, 0x00000000e0000000)
  object space 57344K, 38% used [0x00000000a0000000,0x00000000a157fa40,0x00000000a3800000)
 Metaspace       used 57096K, capacity 58893K, committed 59028K, reserved 1099776K
  class space    used 7720K, capacity 8192K, committed 8192K, reserved 1048576K
}
Event: 31.220 GC heap before
{Heap before GC invocations=15 (full 3):
 PSYoungGen      total 154624K, used 15862K [0x00000000e0000000, 0x00000000eb780000, 0x0000000100000000)
  eden space 138752K, 0% used [0x00000000e0000000,0x00000000e0000000,0x00000000e8780000)
  from space 15872K, 99% used [0x00000000e9a00000,0x00000000ea97d820,0x00000000ea980000)
  to   space 18944K, 0% used [0x00000000e8780000,0x00000000e8780000,0x00000000e9a00000)
 ParOldGen       total 57344K, used 22014K [0x00000000a0000000, 0x00000000a3800000, 0x00000000e0000000)
  object space 57344K, 38% used [0x00000000a0000000,0x00000000a157fa40,0x00000000a3800000)
 Metaspace       used 57096K, capacity 58893K, committed 59028K, reserved 1099776K
  class space    used 7720K, capacity 8192K, committed 8192K, reserved 1048576K
Event: 31.744 GC heap after
Heap after GC invocations=15 (full 3):
 PSYoungGen      total 154624K, used 0K [0x00000000e0000000, 0x00000000eb780000, 0x0000000100000000)
  eden space 138752K, 0% used [0x00000000e0000000,0x00000000e0000000,0x00000000e8780000)
  from space 15872K, 0% used [0x00000000e9a00000,0x00000000e9a00000,0x00000000ea980000)
  to   space 18944K, 0% used [0x00000000e8780000,0x00000000e8780000,0x00000000e9a00000)
 ParOldGen       total 83456K, used 30405K [0x00000000a0000000, 0x00000000a5180000, 0x00000000e0000000)
  object space 83456K, 36% used [0x00000000a0000000,0x00000000a1db1478,0x00000000a5180000)
 Metaspace       used 57096K, capacity 58893K, committed 59028K, reserved 1099776K
  class space    used 7720K, capacity 8192K, committed 8192K, reserved 1048576K
}
Event: 240.094 GC heap before
{Heap before GC invocations=16 (full 3):
 PSYoungGen      total 154624K, used 138752K [0x00000000e0000000, 0x00000000eb780000, 0x0000000100000000)
  eden space 138752K, 100% used [0x00000000e0000000,0x00000000e8780000,0x00000000e8780000)
  from space 15872K, 0% used [0x00000000e9a00000,0x00000000e9a00000,0x00000000ea980000)
  to   space 18944K, 0% used [0x00000000e8780000,0x00000000e8780000,0x00000000e9a00000)
 ParOldGen       total 83456K, used 30405K [0x00000000a0000000, 0x00000000a5180000, 0x00000000e0000000)
  object space 83456K, 36% used [0x00000000a0000000,0x00000000a1db1478,0x00000000a5180000)
 Metaspace       used 66539K, capacity 69177K, committed 69464K, reserved 1110016K
  class space    used 8855K, capacity 9501K, committed 9600K, reserved 1048576K

Deoptimization events (10 events):
Event: 34.960 Thread 0x00007f2474007000 Uncommon trap: reason=class_check action=maybe_recompile pc=0x00007f24b1138aa4 method=java.util.zip.InflaterInputStream.read([BII)I @ 100
Event: 34.961 Thread 0x00007f2474007000 Uncommon trap: reason=class_check action=maybe_recompile pc=0x00007f24b1138aa4 method=java.util.zip.InflaterInputStream.read([BII)I @ 100
Event: 36.418 Thread 0x00007f2474007000 Uncommon trap: reason=unstable_if action=reinterpret pc=0x00007f24b1cb6a84 method=java.nio.Buffer.limit(I)Ljava/nio/Buffer; @ 33
Event: 36.797 Thread 0x00007f2474005800 Uncommon trap: reason=unstable_if action=reinterpret pc=0x00007f24b21aa324 method=com.esotericsoftware.kryo.io.Input.require(I)I @ 117
Event: 74.686 Thread 0x00007f24c0c5a800 Uncommon trap: reason=bimorphic action=maybe_recompile pc=0x00007f24b1d20fac method=java.util.HashMap.removeNode(ILjava/lang/Object;Ljava/lang/Object;ZZ)Ljava/util/HashMap$Node; @ 283
Event: 74.688 Thread 0x00007f24c0c5a800 Uncommon trap: reason=bimorphic action=maybe_recompile pc=0x00007f24b1d20fac method=java.util.HashMap.removeNode(ILjava/lang/Object;Ljava/lang/Object;ZZ)Ljava/util/HashMap$Node; @ 283
Event: 104.688 Thread 0x00007f24c0c5a800 Uncommon trap: reason=bimorphic action=maybe_recompile pc=0x00007f24b1d20fac method=java.util.HashMap.removeNode(ILjava/lang/Object;Ljava/lang/Object;ZZ)Ljava/util/HashMap$Node; @ 283
Event: 104.692 Thread 0x00007f24c0c5a800 Uncommon trap: reason=bimorphic action=maybe_recompile pc=0x00007f24b1d20fac method=java.util.HashMap.removeNode(ILjava/lang/Object;Ljava/lang/Object;ZZ)Ljava/util/HashMap$Node; @ 283
Event: 237.114 Thread 0x00007f2474005800 Uncommon trap: reason=unstable_if action=reinterpret pc=0x00007f24b21161dc method=java.lang.CharacterDataLatin1.isJavaIdentifierPart(I)Z @ 11
Event: 238.707 Thread 0x00007f2474005800 Uncommon trap: reason=unstable_if action=reinterpret pc=0x00007f24b19cc120 method=com.sun.org.apache.xerces.internal.impl.XMLEntityScanner.scanContent(Lcom/sun/org/apache/xerces/internal/xni/XMLString;)I @ 481

Classes redefined (0 events):
No events

Internal exceptions (10 events):
Event: 206.608 Thread 0x00007f2468ea6000 Exception <a 'java/io/IOException'> (0x00000000e5ea1858) thrown at [/ssd/Android/AOSP-openjdk-git/jdk8u/hotspot/src/share/vm/prims/jni.cpp, line 709]
Event: 211.838 Thread 0x00007f2468ea6000 Exception <a 'java/io/IOException'> (0x00000000e5eacb98) thrown at [/ssd/Android/AOSP-openjdk-git/jdk8u/hotspot/src/share/vm/prims/jni.cpp, line 709]
Event: 216.606 Thread 0x00007f2468ea6000 Exception <a 'java/io/IOException'> (0x00000000e5eb7ef8) thrown at [/ssd/Android/AOSP-openjdk-git/jdk8u/hotspot/src/share/vm/prims/jni.cpp, line 709]
Event: 221.611 Thread 0x00007f2468ea6000 Exception <a 'java/io/IOException'> (0x00000000e5ec3238) thrown at [/ssd/Android/AOSP-openjdk-git/jdk8u/hotspot/src/share/vm/prims/jni.cpp, line 709]
Event: 226.622 Thread 0x00007f2468ea6000 Exception <a 'java/io/IOException'> (0x00000000e5eca558) thrown at [/ssd/Android/AOSP-openjdk-git/jdk8u/hotspot/src/share/vm/prims/jni.cpp, line 709]
Event: 231.604 Thread 0x00007f2468ea6000 Exception <a 'java/io/IOException'> (0x00000000e5f22d68) thrown at [/ssd/Android/AOSP-openjdk-git/jdk8u/hotspot/src/share/vm/prims/jni.cpp, line 709]
Event: 236.606 Thread 0x00007f2468ea6000 Exception <a 'java/io/IOException'> (0x00000000e5f2e0a8) thrown at [/ssd/Android/AOSP-openjdk-git/jdk8u/hotspot/src/share/vm/prims/jni.cpp, line 709]
Event: 236.979 Thread 0x00007f2474004000 Exception <a 'java/lang/NoSuchMethodError': <clinit>> (0x00000000e608b210) thrown at [/ssd/Android/AOSP-openjdk-git/jdk8u/hotspot/src/share/vm/prims/jni.cpp, line 1613]
Event: 237.187 Thread 0x00007f2474005800 Exception <a 'java/lang/ClassNotFoundException': sync_local_repo1_16izmjmjqtd4rmpyhgkf9b0unBeanInfo> (0x00000000e637d1b0) thrown at [/ssd/Android/AOSP-openjdk-git/jdk8u/hotspot/src/share/vm/classfile/systemDictionary.cpp, line 210]
Event: 237.187 Thread 0x00007f2474005800 Exception <a 'java/lang/ClassNotFoundException': sync_local_repo1_16izmjmjqtd4rmpyhgkf9b0unCustomizer> (0x00000000e6387b88) thrown at [/ssd/Android/AOSP-openjdk-git/jdk8u/hotspot/src/share/vm/classfile/systemDictionary.cpp, line 210]

Events (10 events):
Event: 239.269 Thread 0x00007f2474005800 DEOPT UNPACKING pc=0x00007f24b1047373 sp=0x00007f246f4f4618 mode 0
Event: 239.269 Thread 0x00007f2474005800 DEOPT PACKING pc=0x00007f24b192dac4 sp=0x00007f246f4f4880
Event: 239.269 Thread 0x00007f2474005800 DEOPT UNPACKING pc=0x00007f24b1047373 sp=0x00007f246f4f46b8 mode 0
Event: 239.269 Thread 0x00007f2474005800 DEOPT PACKING pc=0x00007f24b192dac4 sp=0x00007f246f4f47e0
Event: 239.269 Thread 0x00007f2474005800 DEOPT UNPACKING pc=0x00007f24b1047373 sp=0x00007f246f4f4618 mode 0
Event: 239.276 Thread 0x00007f2474005800 DEOPT PACKING pc=0x00007f24b1997ac5 sp=0x00007f246f4f4a70
Event: 239.276 Thread 0x00007f2474005800 DEOPT UNPACKING pc=0x00007f24b1047373 sp=0x00007f246f4f47b8 mode 0
Event: 239.698 Thread 0x00007f2474005800 DEOPT PACKING pc=0x00007f24b17abd4e sp=0x00007f246f4f4130
Event: 239.698 Thread 0x00007f2474005800 DEOPT UNPACKING pc=0x00007f24b1047373 sp=0x00007f246f4f3f00 mode 0
Event: 240.090 Executing VM operation: ParallelGCFailedAllocation


Dynamic libraries:
00400000-00401000 r-xp 00000000 08:01 4981087                            /home/yx/android-studio/jre/bin/java
00600000-00601000 r--p 00000000 08:01 4981087                            /home/yx/android-studio/jre/bin/java
00601000-00602000 rw-p 00001000 08:01 4981087                            /home/yx/android-studio/jre/bin/java
024dd000-025f7000 rw-p 00000000 00:00 0                                  [heap]
a0000000-a5180000 rw-p 00000000 00:00 0 
a5180000-e0000000 ---p 00000000 00:00 0 
e0000000-eb780000 rw-p 00000000 00:00 0 
ed480000-100000000 ---p 00000000 00:00 0 
100000000-100960000 rw-p 00000000 00:00 0 
100960000-140000000 ---p 00000000 00:00 0 
7f2468000000-7f2469696000 rw-p 00000000 00:00 0 
7f2469696000-7f246c000000 ---p 00000000 00:00 0 
7f246e7d9000-7f246e859000 rw-p 00000000 00:00 0 
7f246e859000-7f246e9d9000 ---p 00000000 00:00 0 
7f246e9d9000-7f246ebd9000 rw-p 00000000 00:00 0 
7f246ebd9000-7f246ebf8000 r--s 0053d000 08:01 4854288                    /home/yx/.gradle/caches/jars-3/f3f42df23d6418400968535baf7af157/sdk-tools.jar
7f246ebf8000-7f246edf8000 rw-p 00000000 00:00 0 
7f246edf8000-7f246edfb000 ---p 00000000 00:00 0 
7f246edfb000-7f246eef9000 rw-p 00000000 00:00 0 
7f246eef9000-7f246eefc000 ---p 00000000 00:00 0 
7f246eefc000-7f246f1fa000 rw-p 00000000 00:00 0 
7f246f1fa000-7f246f3fa000 rw-p 00000000 00:00 0 
7f246f3fa000-7f246f3fd000 ---p 00000000 00:00 0 
7f246f3fd000-7f246f4fb000 rw-p 00000000 00:00 0 
7f246f4fb000-7f246f4fe000 ---p 00000000 00:00 0 
7f246f4fe000-7f246f7fc000 rw-p 00000000 00:00 0 
7f246f7fc000-7f246f9fc000 rw-p 00000000 00:00 0 
7f246f9fc000-7f246f9ff000 ---p 00000000 00:00 0 
7f246f9ff000-7f246fafd000 rw-p 00000000 00:00 0 
7f246fafd000-7f246fb00000 ---p 00000000 00:00 0 
7f246fb00000-7f246fbfe000 rw-p 00000000 00:00 0 
7f246fbfe000-7f246fc01000 ---p 00000000 00:00 0 
7f246fc01000-7f246feff000 rw-p 00000000 00:00 0 
7f246feff000-7f246ff02000 ---p 00000000 00:00 0 
7f246ff02000-7f2470000000 rw-p 00000000 00:00 0 
7f2470000000-7f2470021000 rw-p 00000000 00:00 0 
7f2470021000-7f2474000000 ---p 00000000 00:00 0 
7f2474000000-7f2474286000 rw-p 00000000 00:00 0 
7f2474286000-7f2478000000 ---p 00000000 00:00 0 
7f2478000000-7f2478093000 rw-p 00000000 00:00 0 
7f2478093000-7f247c000000 ---p 00000000 00:00 0 
7f247c000000-7f247c021000 rw-p 00000000 00:00 0 
7f247c021000-7f2480000000 ---p 00000000 00:00 0 
7f248001a000-7f248021a000 rw-p 00000000 00:00 0 
7f248021a000-7f248041a000 rw-p 00000000 00:00 0 
7f248041a000-7f248061a000 rw-p 00000000 00:00 0 
7f248061a000-7f248062c000 r--s 00345000 08:01 4981015                    /home/yx/android-studio/jre/jre/lib/resources.jar
7f248062c000-7f248082c000 rw-p 00000000 00:00 0 
7f248082c000-7f2480a2c000 rw-p 00000000 00:00 0 
7f2480a2c000-7f2480a2f000 r--s 00015000 08:01 4980937                    /home/yx/android-studio/jre/jre/lib/jce.jar
7f2480a2f000-7f2480c2f000 rw-p 00000000 00:00 0 
7f2480c2f000-7f2480c32000 ---p 00000000 00:00 0 
7f2480c32000-7f2480f30000 rw-p 00000000 00:00 0 
7f2480f30000-7f2481126000 rw-p 00000000 00:00 0 
7f2481126000-7f2481130000 ---p 00000000 00:00 0 
7f2481130000-7f248113b000 r--s 00081000 08:01 2362796                    /home/yx/.gradle/caches/jars-3/fc6e889a0f45cc9752787eb60f920103/trove4j-20160824.jar
7f248113b000-7f24811be000 r--s 00758000 08:01 267711                     /home/yx/.gradle/caches/modules-2/files-2.1/com.android.tools.external.com-intellij/intellij-core/26.0.1/a373ed549821cb9a932b87c79792790f6d018727/intellij-core-26.0.1.jar
7f24811be000-7f24811c4000 r--s 00033000 08:01 2362794                    /home/yx/.gradle/caches/jars-3/f96c897d327ea500d64fe3af2833bd50/commons-codec-1.6.jar
7f24811c4000-7f24811c6000 r--s 0000d000 08:01 2234438                    /home/yx/.gradle/caches/jars-3/ccc849edcf9fccd61ed937bf93ffe896/commons-logging-1.1.1.jar
7f24811c6000-7f24811cc000 r--s 00032000 08:01 2234436                    /home/yx/.gradle/caches/jars-3/72e344059d1923829968d0d38b0c3c72/httpcore-4.2.5.jar
7f24811cc000-7f24811cd000 r--s 00004000 08:01 2234434                    /home/yx/.gradle/caches/jars-3/3a4299d1ce3e273e7c03a9ccf5a1e333/annotations-12.0.jar
7f24811cd000-7f24811ce000 r--s 00000000 08:01 2234432                    /home/yx/.gradle/caches/jars-3/0e2fbc3b8c56d2975eca90c524790c13/animal-sniffer-annotations-1.14.jar
7f24811ce000-7f24811d0000 r--s 00001000 08:01 2234430                    /home/yx/.gradle/caches/jars-3/ad41f8f3ac67c0323ce9eb1c20c8dc3f/j2objc-annotations-1.1.jar
7f24811d0000-7f24811d1000 r--s 00002000 08:01 2234428                    /home/yx/.gradle/caches/jars-3/9edb0f46b907c34c4718edabde6c791c/error_prone_annotations-2.0.18.jar
7f24811d1000-7f24811d4000 r--s 00006000 08:01 2234426                    /home/yx/.gradle/caches/jars-3/b58a9bc3bbba42132e4abc0bacae8da1/jsr305-1.3.9.jar
7f24811d4000-7f24811d5000 r--s 0000a000 08:01 2234424                    /home/yx/.gradle/caches/jars-3/5b8b36ed61fe92731031cca3c9b3a0b3/kxml2-2.3.0.jar
7f24811d5000-7f24811d7000 r--s 00005000 08:01 2234422                    /home/yx/.gradle/caches/jars-3/f10e1e1978816198f2eb1189c974b440/httpmime-4.1.jar
7f24811d7000-7f24811e1000 r--s 00061000 08:01 2234420                    /home/yx/.gradle/caches/jars-3/bc4b2527f35dc983f759e8f85f3f8d52/httpclient-4.2.6.jar
7f24811e1000-7f24811ea000 r--s 00064000 08:01 2234418                    /home/yx/.gradle/caches/jars-3/fc37c717528c2a0d27f3e3621835f781/commons-compress-1.12.jar
7f24811ea000-7f24811ef000 r--s 0002e000 08:01 2234416                    /home/yx/.gradle/caches/jars-3/c5bcda7f6f4809e9c92270f99e51f154/gson-2.3.jar
7f24811ef000-7f24811ff000 r--s 000d6000 08:01 2234414                    /home/yx/.gradle/caches/jars-3/dbdb8caed2514263a34702cc763c6785/proguard-base-5.3.3.jar
7f24811ff000-7f2481201000 r--s 00003000 08:01 2234412                    /home/yx/.gradle/caches/jars-3/01ab8600ebbfdcaf9b89b45c2b992e82/annotations-13.0.jar
7f2481201000-7f2481202000 r--s 00001000 08:01 267710                     /home/yx/.gradle/caches/modules-2/files-2.1/com.android.tools/annotations/26.0.1/29012758503f56c7dc0714eda494f7f140fd3db8/annotations-26.0.1.jar
7f2481202000-7f2481205000 r--s 00033000 08:01 2234410                    /home/yx/.gradle/caches/jars-3/0ce03714647bf7bd3c78634c20ddbf38/juniversalchardet-1.0.3.jar
7f2481205000-7f2481209000 r--s 0002a000 08:01 2234408                    /home/yx/.gradle/caches/jars-3/9849af6d4b0409ba64061601342f385d/commons-io-2.4.jar
7f2481209000-7f2481220000 r--s 00154000 08:01 2234406                    /home/yx/.gradle/caches/jars-3/57adf9abd30c921d4ea1dfdcfe7b9efd/antlr4-4.5.3.jar
7f2481220000-7f2481221000 r--s 00003000 08:01 267709                     /home/yx/.gradle/caches/modules-2/files-2.1/com.android.databinding/baseLibrary/3.0.1/cc0483d84342e82c261aeb5fd0ef2f876b587489/baseLibrary-3.0.1.jar
7f2481221000-7f2481251000 r--s 00245000 08:01 2234404                    /home/yx/.gradle/caches/jars-3/8e27cdebb49ba2f804f9403d90aaaac5/guava-22.0.jar
7f2481251000-7f2481259000 r--s 000a8000 08:01 2234402                    /home/yx/.gradle/caches/jars-3/6cc57ce9ec0d90186f781694264d61bc/lombok-ast-0.2.3.jar
7f2481259000-7f248125d000 r--s 0002f000 08:01 2234400                    /home/yx/.gradle/caches/jars-3/505fcc8c47da308b2f1262f0ff3c65f1/jimfs-1.1.jar
7f248125d000-7f2481270000 r--s 00241000 08:01 2234398                    /home/yx/.gradle/caches/jars-3/d8dc71eb6d91c966c45f7b594129e14a/ecj-4.6.1.jar
7f2481270000-7f2481271000 r--s 00003000 08:01 2234396                    /home/yx/.gradle/caches/jars-3/fdb8f5ebd6a086c4818336712b830716/json-simple-1.1.jar
7f2481271000-7f2481396000 r--s 00f5d000 08:01 2234394                    /home/yx/.gradle/caches/jars-3/dfd566a90e18a0aa75879c33e0731ab8/fastutil-7.2.0.jar
7f2481396000-7f24813e1000 r--s 002ff000 08:01 2234392                    /home/yx/.gradle/caches/jars-3/d3d44e9a7fcb4a86fb40775c385dd3d0/bcprov-jdk15on-1.56.jar
7f24813e1000-7f24813f2000 r--s 00097000 08:01 2234390                    /home/yx/.gradle/caches/jars-3/59ebb77d99c5ca0e24bb23272e0329dd/bcpkix-jdk15on-1.56.jar
7f24813f2000-7f24813f4000 r--s 00002000 08:01 2234388                    /home/yx/.gradle/caches/jars-3/f268e5e8fc83bb846ac355d6a16b1f30/javawriter-2.5.0.jar
7f24813f4000-7f24813f9000 r--s 0003b000 08:01 267708                     /home/yx/.gradle/caches/modules-2/files-2.1/com.android.tools.build/apksig/3.0.1/535b9323a1bd47e3a9c860d11f4e11a80db13f2b/apksig-3.0.1.jar
7f24813f9000-7f24813fc000 r--s 00024000 08:01 267707                     /home/yx/.gradle/caches/modules-2/files-2.1/com.android.tools/common/26.0.1/38e362a43a905b6745d609bea37faddb0c5bffab/common-26.0.1.jar
7f24813fc000-7f24813fe000 r--s 00006000 08:01 267706                     /home/yx/.gradle/caches/modules-2/files-2.1/com.android.tools/dvlib/26.0.1/46f3eeaf812811374b4ea2c49ad52687a7ff6a87/dvlib-26.0.1.jar
7f24813fe000-7f2481401000 r--s 00014000 08:01 267704                     /home/yx/.gradle/caches/modules-2/files-2.1/com.android.tools.layoutlib/layoutlib-api/26.0.1/4eb1f46803873ff996f2457d1dd64c5c305818d8/layoutlib-api-26.0.1.jar
7f2481401000-7f2481406000 r--s 0004d000 08:01 267705                     /home/yx/.gradle/caches/modules-2/files-2.1/com.android.tools.ddms/ddmlib/26.0.1/d4bcdb3a578812688ccc34f1359702601fea955d/ddmlib-26.0.1.jar
7f2481406000-7f2481407000 r--s 00003000 08:01 267701                     /home/yx/.gradle/caches/modules-2/files-2.1/com.android.tools.build/builder-test-api/3.0.1/5f084a2888a7f638c4c89c3278760345b1fb4c8/builder-test-api-3.0.1.jar
7f2481407000-7f248140a000 r--s 00007000 08:01 267702                     /home/yx/.gradle/caches/modules-2/files-2.1/com.android.tools.build/builder-model/3.0.1/e9de7e34339a8eb90fda30ac6bf580d5f2c4f282/builder-model-3.0.1.jar
7f248140a000-7f2481419000 r--s 00130000 08:01 2234386                    /home/yx/.gradle/caches/jars-3/72ba1443c6adcea1f6ba21e12f0bb0fc/protobuf-java-3.0.0.jar
7f2481419000-7f248142c000 r--s 001a8000 08:01 267700                     /home/yx/.gradle/caches/modules-2/files-2.1/com.android.tools.analytics-library/protos/26.0.1/7719e7ed7498e25ec555bdfcb7a4de0e88a47ea/protos-26.0.1.jar
7f248142c000-7f248142d000 r--s 00005000 08:01 267699                     /home/yx/.gradle/caches/modules-2/files-2.1/com.android.tools.analytics-library/shared/26.0.1/5cfc3811c2fd6cddfce2ec1bb5fbbec87e0fc462/shared-26.0.1.jar
7f248142d000-7f248142f000 r--s 00004000 08:01 267698                     /home/yx/.gradle/caches/modules-2/files-2.1/com.android.tools.analytics-library/tracker/26.0.1/15f0c0560c8a97700651d2dd5219937baa80c166/tracker-26.0.1.jar
7f248142f000-7f2481431000 r--s 00002000 08:01 2234384                    /home/yx/.gradle/caches/jars-3/e91624d2ed1c3b55eec9fd768ed13c1d/proguard-gradle-5.3.3.jar
7f2481431000-7f2481433000 r--s 0000f000 08:01 2234382                    /home/yx/.gradle/caches/jars-3/96760c32d36a5d7066e3ccf088bfd362/jopt-simple-4.9.jar
7f2481433000-7f2481437000 r--s 0001e000 08:01 2234380                    /home/yx/.gradle/caches/jars-3/0d3e95aba631209a078aeec58a76633d/org.jacoco.core-0.7.4.201502262128.jar
7f2481437000-7f248143a000 r--s 00020000 08:01 2234378                    /home/yx/.gradle/caches/jars-3/c72fc284d34f39eab57a4e3ba83405e9/org.jacoco.report-0.7.4.201502262128.jar
7f248143a000-7f2481449000 r--s 000c8000 08:01 4854394                    /home/yx/.gradle/caches/jars-3/af931fae44e009148423077fa09abbd1/kotlin-stdlib-1.1.3-2.jar
7f2481449000-7f248147b000 r--s 0021b000 08:01 4854392                    /home/yx/.gradle/caches/jars-3/24b2127528a18b338af82ff7ea236d45/kotlin-reflect-1.1.3-2.jar
7f248147b000-7f248167b000 rw-p 00000000 00:00 0 
7f248167b000-7f248167e000 ---p 00000000 00:00 0 
7f248167e000-7f248177c000 rw-p 00000000 00:00 0 
7f248177c000-7f248177f000 ---p 00000000 00:00 0 
7f248177f000-7f2481a7d000 rw-p 00000000 00:00 0 
7f2481a7d000-7f2481a80000 ---p 00000000 00:00 0 
7f2481a80000-7f2481d7e000 rw-p 00000000 00:00 0 
7f2481d7e000-7f2481f7e000 rw-p 00000000 00:00 0 
7f2481f7e000-7f248217e000 rw-p 00000000 00:00 0 
7f248217e000-7f248237e000 rw-p 00000000 00:00 0 
7f248237e000-7f2482499000 r--s 02003000 08:01 2363058                    /home/yx/.gradle/caches/jars-3/67a84c92b99c22166cf0bbddb19b64d0/android.jar
7f2482499000-7f24824a0000 r--s 0002a000 08:01 4854280                    /home/yx/.gradle/caches/jars-3/fff47aec37b967e571b648d1fc9c6db6/gradle-messaging-3.5.jar
7f24824a0000-7f24824a5000 r--s 00041000 08:01 4854278                    /home/yx/.gradle/caches/jars-3/c0502f5c2cf6dfd52d250e1b7d027d24/commons-lang-2.6.jar
7f24824a5000-7f24824e7000 r--s 00220000 08:01 4854276                    /home/yx/.gradle/caches/jars-3/929747bc6b973b44297e9c57df71598d/gradle-core-3.5.jar
7f24824e7000-7f24824f0000 r--s 00047000 08:01 4854274                    /home/yx/.gradle/caches/jars-3/11d06a5dce89fe5632250b7df00a3d57/gradle-base-services-3.5.jar
7f24824f0000-7f2482518000 r--s 001cf000 08:01 4854272                    /home/yx/.gradle/caches/jars-3/566e7e0f530f75a42eba4833ef84d88c/guava-jdk5-17.0.jar
7f2482518000-7f2482526000 r--s 00043000 08:01 4854270                    /home/yx/.gradle/caches/jars-3/c0d1da18a547ef3a2ba66d3068ae6e09/gradle-tooling-api-3.5.jar
7f2482526000-7f2482528000 r--s 0000c000 08:01 4990626                    /home/yx/.gradle/caches/jars-3/9b0a36633c92c6e87e62c81734593183/asm-5.1.jar
7f2482528000-7f248252a000 r--s 00006000 08:01 4990624                    /home/yx/.gradle/caches/jars-3/50c8a7da333c41693b2b7ce95b6d9d89/asm-tree-5.1.jar
7f248252a000-7f248252b000 r--s 0000a000 08:01 4854402                    /home/yx/.gradle/caches/jars-3/c4f1f1d5a624f981d35a78d181e2c418/asm-util-5.1.jar
7f248252b000-7f248252d000 r--s 0000a000 08:01 4854400                    /home/yx/.gradle/caches/jars-3/d37aa405961c464c627b1efe5def81b8/asm-commons-5.1.jar
7f248252d000-7f248252e000 r--s 00004000 08:01 4854398                    /home/yx/.gradle/caches/jars-3/2b2689d10a4425b1cb2d0654db2ea088/asm-analysis-5.1.jar
7f248252e000-7f248252f000 r--s 00000000 08:01 4854396                    /home/yx/.gradle/caches/jars-3/5206138fb8a6b2ffbd31e140916c2100/transform-api-2.0.0-deprecated-use-gradle-api.jar
7f248252f000-7f2482535000 r--s 00030000 08:01 267697                     /home/yx/.gradle/caches/modules-2/files-2.1/com.android.tools/repository/26.0.1/bc0dfe02af8d075f6b7ad63a202ed4c63a6a647d/repository-26.0.1.jar
7f2482535000-7f2482540000 r--s 0009b000 08:01 267696                     /home/yx/.gradle/caches/modules-2/files-2.1/com.android.tools/sdklib/26.0.1/bdb4723f8e3791f1d3911b1f191acf25840f352a/sdklib-26.0.1.jar
7f2482540000-7f248254f000 r--s 000da000 08:01 267695                     /home/yx/.gradle/caches/modules-2/files-2.1/com.android.tools/sdk-common/26.0.1/9ddd2fa552e7b49548c421c0be4e65dc9a245f69/sdk-common-26.0.1.jar
7f248254f000-7f2482553000 r--s 00023000 08:01 267694                     /home/yx/.gradle/caches/modules-2/files-2.1/com.android.tools.build/manifest-merger/26.0.1/700cbb1ed4066f48d4970f5669c44a51bd03142/manifest-merger-26.0.1.jar
7f2482553000-7f2482557000 r--s 0002e000 08:01 267693                     /home/yx/.gradle/caches/modules-2/files-2.1/com.android.databinding/compilerCommon/3.0.1/7f51b3e1636063e491131a0b0436512131cb1bdc/compilerCommon-3.0.1.jar
7f2482557000-7f2482559000 r--s 00003000 08:01 267692                     /home/yx/.gradle/caches/modules-2/files-2.1/com.android.tools.build/gradle-api/3.0.1/92640ae3c543aa3faee7b954ce641d03949d4401/gradle-api-3.0.1.jar
7f2482559000-7f2482568000 r--s 000cb000 08:01 267691                     /home/yx/.gradle/caches/modules-2/files-2.1/com.android.tools.external.org-jetbrains/uast/26.0.1/663906c592ce867fa2e9bcbffbe2130397078132/uast-26.0.1.jar
7f2482568000-7f248256f000 r--s 0007f000 08:01 267690                     /home/yx/.gradle/caches/modules-2/files-2.1/com.android.tools.lint/lint-api/26.0.1/2d4dd9f4676fbb152e4baf6f6f4cbbb868521832/lint-api-26.0.1.jar
7f248256f000-7f2482578000 r--s 000ff000 08:01 267689                     /home/yx/.gradle/caches/modules-2/files-2.1/com.android.tools.lint/lint-checks/26.0.1/a5df32c64598e190808accaa03820fb9db9f8201/lint-checks-26.0.1.jar
7f2482578000-7f248257b000 r--s 00039000 08:01 267687                     /home/yx/.gradle/caches/modules-2/files-2.1/com.android.tools.lint/lint/26.0.1/541bfb082a95a3b55d0158d69b067f1d7c623122/lint-26.0.1.jar
7f248257b000-7f24825ab000 r--s 01983000 08:01 267686                     /home/yx/.gradle/caches/modules-2/files-2.1/com.android.tools.build/builder/3.0.1/1f896967507729bb35ac727c03d3b9306fe87b7d/builder-3.0.1.jar
7f24825ab000-7f24825ce000 r--s 0020b000 08:01 267685                     /home/yx/.gradle/caches/modules-2/files-2.1/com.android.tools.build/gradle-core/3.0.1/c2945119335b491ca56e4042f7c8c55dccf5c9c2/gradle-core-3.0.1.jar
7f24825ce000-7f24825d0000 r--s 0000f000 08:01 267684                     /home/yx/.gradle/caches/modules-2/files-2.1/com.android.tools.build/gradle/3.0.1/cfa107d4db0c11c11f445a11e768adf61c72ce06/gradle-3.0.1.jar
7f24825d0000-7f24827d0000 rw-p 00000000 00:00 0 
7f24827d0000-7f2482849000 r--s 010fd000 08:01 4981103                    /home/yx/android-studio/jre/lib/tools.jar
7f2482849000-7f248284c000 ---p 00000000 00:00 0 
7f248284c000-7f2482b4a000 rw-p 00000000 00:00 0 
7f2482b4a000-7f2482b4d000 ---p 00000000 00:00 0 
7f2482b4d000-7f2482c4b000 rw-p 00000000 00:00 0 
7f2482c4b000-7f2482c4e000 ---p 00000000 00:00 0 
7f2482c4e000-7f2482f4c000 rw-p 00000000 00:00 0 
7f2482f4c000-7f2482f4f000 ---p 00000000 00:00 0 
7f2482f4f000-7f248304d000 rw-p 00000000 00:00 0 
7f248304d000-7f2483050000 ---p 00000000 00:00 0 
7f2483050000-7f248314e000 rw-p 00000000 00:00 0 
7f248314e000-7f2483151000 ---p 00000000 00:00 0 
7f2483151000-7f248324f000 rw-p 00000000 00:00 0 
7f248324f000-7f2483252000 ---p 00000000 00:00 0 
7f2483252000-7f2483350000 rw-p 00000000 00:00 0 
7f2483350000-7f2483353000 ---p 00000000 00:00 0 
7f2483353000-7f2483451000 rw-p 00000000 00:00 0 
7f2483451000-7f2483454000 ---p 00000000 00:00 0 
7f2483454000-7f2483552000 rw-p 00000000 00:00 0 
7f2483552000-7f2483555000 ---p 00000000 00:00 0 
7f2483555000-7f2483653000 rw-p 00000000 00:00 0 
7f2483653000-7f248365a000 r--s 00000000 08:01 662316                     /usr/lib/x86_64-linux-gnu/gconv/gconv-modules.cache
7f248365a000-7f248365d000 ---p 00000000 00:00 0 
7f248365d000-7f248375b000 rw-p 00000000 00:00 0 
7f248375b000-7f2483760000 r--s 0009a000 08:01 4981040                    /home/yx/android-studio/jre/jre/lib/jsse.jar
7f2483760000-7f2483960000 rw-p 00000000 00:00 0 
7f2483960000-7f2483969000 r-xp 00000000 08:01 4980978                    /home/yx/android-studio/jre/jre/lib/amd64/libmanagement.so
7f2483969000-7f2483b68000 ---p 00009000 08:01 4980978                    /home/yx/android-studio/jre/jre/lib/amd64/libmanagement.so
7f2483b68000-7f2483b69000 r--p 00008000 08:01 4980978                    /home/yx/android-studio/jre/jre/lib/amd64/libmanagement.so
7f2483b69000-7f2483b6a000 rw-p 00009000 08:01 4980978                    /home/yx/android-studio/jre/jre/lib/amd64/libmanagement.so
7f2483b6a000-7f2483b6c000 r--s 00007000 08:01 4854064                    /home/yx/.gradle/wrapper/dists/gradle-4.1-all/bzyivzo6n839fup2jbap0tjew/gradle-4.1/lib/plugins/gradle-tooling-api-builders-4.1.jar
7f2483b6c000-7f2483b6f000 r--s 00009000 08:01 4854074                    /home/yx/.gradle/wrapper/dists/gradle-4.1-all/bzyivzo6n839fup2jbap0tjew/gradle-4.1/lib/plugins/gradle-testing-native-4.1.jar
7f2483b6f000-7f2483b71000 r--s 00009000 08:01 4854147                    /home/yx/.gradle/wrapper/dists/gradle-4.1-all/bzyivzo6n839fup2jbap0tjew/gradle-4.1/lib/plugins/hamcrest-core-1.3.jar
7f2483b71000-7f2483b76000 r--s 00040000 08:01 4854142                    /home/yx/.gradle/wrapper/dists/gradle-4.1-all/bzyivzo6n839fup2jbap0tjew/gradle-4.1/lib/plugins/bsh-2.0b4.jar
7f2483b76000-7f2483b78000 r--s 00006000 08:01 4854143                    /home/yx/.gradle/wrapper/dists/gradle-4.1-all/bzyivzo6n839fup2jbap0tjew/gradle-4.1/lib/plugins/jcommander-1.12.jar
7f2483b78000-7f2483b7e000 r--s 00033000 08:01 4854144                    /home/yx/.gradle/wrapper/dists/gradle-4.1-all/bzyivzo6n839fup2jbap0tjew/gradle-4.1/lib/plugins/snakeyaml-1.6.jar
7f2483b7e000-7f2483b87000 r--s 00089000 08:01 4854102                    /home/yx/.gradle/wrapper/dists/gradle-4.1-all/bzyivzo6n839fup2jbap0tjew/gradle-4.1/lib/plugins/testng-6.3.1.jar
7f2483b87000-7f2483b8f000 r--s 00045000 08:01 4854103                    /home/yx/.gradle/wrapper/dists/gradle-4.1-all/bzyivzo6n839fup2jbap0tjew/gradle-4.1/lib/plugins/junit-4.12.jar
7f2483b8f000-7f2483b95000 r--s 0002e000 08:01 4854070                    /home/yx/.gradle/wrapper/dists/gradle-4.1-all/bzyivzo6n839fup2jbap0tjew/gradle-4.1/lib/plugins/gradle-testing-jvm-4.1.jar
7f2483b95000-7f2483b99000 r--s 00017000 08:01 4854078                    /home/yx/.gradle/wrapper/dists/gradle-4.1-all/bzyivzo6n839fup2jbap0tjew/gradle-4.1/lib/plugins/gradle-testing-base-4.1.jar
7f2483b99000-7f2483ba0000 r--s 00038000 08:01 4854098                    /home/yx/.gradle/wrapper/dists/gradle-4.1-all/bzyivzo6n839fup2jbap0tjew/gradle-4.1/lib/plugins/bcpg-jdk15on-1.51.jar
7f2483ba0000-7f2483ba2000 r--s 0000c000 08:01 4854049                    /home/yx/.gradle/wrapper/dists/gradle-4.1-all/bzyivzo6n839fup2jbap0tjew/gradle-4.1/lib/plugins/gradle-signing-4.1.jar
7f2483ba2000-7f2483ba4000 r--s 00007000 08:01 4854055                    /home/yx/.gradle/wrapper/dists/gradle-4.1-all/bzyivzo6n839fup2jbap0tjew/gradle-4.1/lib/plugins/gradle-scala-4.1.jar
7f2483ba4000-7f2483ba5000 r--s 00004000 08:01 4854086                    /home/yx/.gradle/wrapper/dists/gradle-4.1-all/bzyivzo6n839fup2jbap0tjew/gradle-4.1/lib/plugins/gradle-resources-sftp-4.1.jar
7f2483ba5000-7f2483bb5000 r--s 00088000 08:01 4854115                    /home/yx/.gradle/wrapper/dists/gradle-4.1-all/bzyivzo6n839fup2jbap0tjew/gradle-4.1/lib/plugins/joda-time-2.8.2.jar
7f2483bb5000-7f2483bc6000 r--s 0010d000 08:01 4854114                    /home/yx/.gradle/wrapper/dists/gradle-4.1-all/bzyivzo6n839fup2jbap0tjew/gradle-4.1/lib/plugins/jackson-databind-2.6.6.jar
7f2483bc6000-7f2483bc9000 r--s 00009000 08:01 4854113                    /home/yx/.gradle/wrapper/dists/gradle-4.1-all/bzyivzo6n839fup2jbap0tjew/gradle-4.1/lib/plugins/jackson-annotations-2.6.6.jar
7f2483bc9000-7f2483bcd000 r--s 0003c000 08:01 4854112                    /home/yx/.gradle/wrapper/dists/gradle-4.1-all/bzyivzo6n839fup2jbap0tjew/gradle-4.1/lib/plugins/jackson-core-2.6.6.jar
7f2483bcd000-7f2483bdb000 r--s 00087000 08:01 4854111                    /home/yx/.gradle/wrapper/dists/gradle-4.1-all/bzyivzo6n839fup2jbap0tjew/gradle-4.1/lib/plugins/aws-java-sdk-core-1.11.6.jar
7f2483bdb000-7f2483be2000 r--s 00057000 08:01 4854110                    /home/yx/.gradle/wrapper/dists/gradle-4.1-all/bzyivzo6n839fup2jbap0tjew/gradle-4.1/lib/plugins/aws-java-sdk-kms-1.11.6.jar
7f2483be2000-7f2483bef000 r--s 0008e000 08:01 4854109                    /home/yx/.gradle/wrapper/dists/gradle-4.1-all/bzyivzo6n839fup2jbap0tjew/gradle-4.1/lib/plugins/aws-java-sdk-s3-1.11.6.jar
7f2483bef000-7f2483bf1000 r--s 00004000 08:01 4854083                    /home/yx/.gradle/wrapper/dists/gradle-4.1-all/bzyivzo6n839fup2jbap0tjew/gradle-4.1/lib/plugins/gradle-resources-s3-4.1.jar
7f2483bf1000-7f2483bf3000 r--s 00010000 08:01 4854079                    /home/yx/.gradle/wrapper/dists/gradle-4.1-all/bzyivzo6n839fup2jbap0tjew/gradle-4.1/lib/plugins/gradle-reporting-4.1.jar
7f2483bf3000-7f2483bf5000 r--s 00002000 08:01 4854080                    /home/yx/.gradle/wrapper/dists/gradle-4.1-all/bzyivzo6n839fup2jbap0tjew/gradle-4.1/lib/plugins/gradle-publish-4.1.jar
7f2483bf5000-7f2483bf7000 r--s 00009000 08:01 4854091                    /home/yx/.gradle/wrapper/dists/gradle-4.1-all/bzyivzo6n839fup2jbap0tjew/gradle-4.1/lib/plugins/commons-cli-1.2.jar
7f2483bf7000-7f2483bfd000 r--s 00036000 08:01 4854063                    /home/yx/.gradle/wrapper/dists/gradle-4.1-all/bzyivzo6n839fup2jbap0tjew/gradle-4.1/lib/plugins/gradle-plugins-4.1.jar
7f2483bfd000-7f2483bff000 r--s 00009000 08:01 4854050                    /home/yx/.gradle/wrapper/dists/gradle-4.1-all/bzyivzo6n839fup2jbap0tjew/gradle-4.1/lib/plugins/gradle-plugin-development-4.1.jar
7f2483bff000-7f2483c05000 r--s 0002b000 08:01 4854058                    /home/yx/.gradle/wrapper/dists/gradle-4.1-all/bzyivzo6n839fup2jbap0tjew/gradle-4.1/lib/plugins/gradle-platform-play-4.1.jar
7f2483c05000-7f2483c14000 r--s 0005b000 08:01 4854076                    /home/yx/.gradle/wrapper/dists/gradle-4.1-all/bzyivzo6n839fup2jbap0tjew/gradle-4.1/lib/plugins/gradle-platform-native-4.1.jar
7f2483c14000-7f2483c18000 r--s 0001b000 08:01 4854073                    /home/yx/.gradle/wrapper/dists/gradle-4.1-all/bzyivzo6n839fup2jbap0tjew/gradle-4.1/lib/plugins/gradle-platform-jvm-4.1.jar
7f2483c18000-7f2483c20000 r--s 00027000 08:01 4854081                    /home/yx/.gradle/wrapper/dists/gradle-4.1-all/bzyivzo6n839fup2jbap0tjew/gradle-4.1/lib/plugins/gradle-platform-base-4.1.jar
7f2483c20000-7f2483c48000 r--s 0021c000 08:01 4854092                    /home/yx/.gradle/wrapper/dists/gradle-4.1-all/bzyivzo6n839fup2jbap0tjew/gradle-4.1/lib/plugins/biz.aQute.bndlib-3.2.0.jar
7f2483c48000-7f2483c49000 r--s 00004000 08:01 4854048                    /home/yx/.gradle/wrapper/dists/gradle-4.1-all/bzyivzo6n839fup2jbap0tjew/gradle-4.1/lib/plugins/gradle-osgi-4.1.jar
7f2483c49000-7f2483c4c000 r--s 0000c000 08:01 4854095                    /home/yx/.gradle/wrapper/dists/gradle-4.1-all/bzyivzo6n839fup2jbap0tjew/gradle-4.1/lib/plugins/pmaven-groovy-0.8-20100325.jar
7f2483c4c000-7f2483c4d000 r--s 00004000 08:01 4854094                    /home/yx/.gradle/wrapper/dists/gradle-4.1-all/bzyivzo6n839fup2jbap0tjew/gradle-4.1/lib/plugins/pmaven-common-0.8-20100325.jar
7f2483c4d000-7f2483c53000 r--s 00023000 08:01 4854051                    /home/yx/.gradle/wrapper/dists/gradle-4.1-all/bzyivzo6n839fup2jbap0tjew/gradle-4.1/lib/plugins/gradle-maven-4.1.jar
7f2483c53000-7f2483c56000 r--s 0000b000 08:01 4854069                    /home/yx/.gradle/wrapper/dists/gradle-4.1-all/bzyivzo6n839fup2jbap0tjew/gradle-4.1/lib/plugins/gradle-language-scala-4.1.jar
7f2483c56000-7f2483c5d000 r--s 00020000 08:01 4854075                    /home/yx/.gradle/wrapper/dists/gradle-4.1-all/bzyivzo6n839fup2jbap0tjew/gradle-4.1/lib/plugins/gradle-language-native-4.1.jar
7f2483c5d000-7f2483c64000 r--s 0002f000 08:01 4854071                    /home/yx/.gradle/wrapper/dists/gradle-4.1-all/bzyivzo6n839fup2jbap0tjew/gradle-4.1/lib/plugins/gradle-language-java-4.1.jar
7f2483c64000-7f2483c67000 r--s 0000a000 08:01 4854068                    /home/yx/.gradle/wrapper/dists/gradle-4.1-all/bzyivzo6n839fup2jbap0tjew/gradle-4.1/lib/plugins/gradle-language-groovy-4.1.jar
7f2483c67000-7f2483c6e000 r--s 00035000 08:01 4854101                    /home/yx/.gradle/wrapper/dists/gradle-4.1-all/bzyivzo6n839fup2jbap0tjew/gradle-4.1/lib/plugins/simple-4.1.21.jar
7f2483c6e000-7f2483c7a000 r--s 00100000 08:01 4854099                    /home/yx/.gradle/wrapper/dists/gradle-4.1-all/bzyivzo6n839fup2jbap0tjew/gradle-4.1/lib/plugins/rhino-1.7R3.jar
7f2483c7a000-7f2483c7e000 r--s 00012000 08:01 4854059                    /home/yx/.gradle/wrapper/dists/gradle-4.1-all/bzyivzo6n839fup2jbap0tjew/gradle-4.1/lib/plugins/gradle-javascript-4.1.jar
7f2483c7e000-7f2483df0000 r-xp 00000000 08:01 403606                     /usr/lib/x86_64-linux-gnu/libstdc++.so.6.0.21
7f2483df0000-7f2483ff0000 ---p 00172000 08:01 403606                     /usr/lib/x86_64-linux-gnu/libstdc++.so.6.0.21
7f2483ff0000-7f2483ffa000 r--p 00172000 08:01 403606                     /usr/lib/x86_64-linux-gnu/libstdc++.so.6.0.21
7f2483ffa000-7f2483ffc000 rw-p 0017c000 08:01 403606                     /usr/lib/x86_64-linux-gnu/libstdc++.so.6.0.21
7f2483ffc000-7f2484000000 rw-p 00000000 00:00 0 
7f2484000000-7f2484cfe000 rw-p 00000000 00:00 0 
7f2484cfe000-7f2488000000 ---p 00000000 00:00 0 
7f2488000000-7f2488021000 rw-p 00000000 00:00 0 
7f2488021000-7f248c000000 ---p 00000000 00:00 0 
7f248c000000-7f248dcf8000 rw-p 00000000 00:00 0 
7f248dcf8000-7f2490000000 ---p 00000000 00:00 0 
7f2490000000-7f2490021000 rw-p 00000000 00:00 0 
7f2490021000-7f2494000000 ---p 00000000 00:00 0 
7f2494000000-7f2494002000 r--s 00005000 08:01 4854072                    /home/yx/.gradle/wrapper/dists/gradle-4.1-all/bzyivzo6n839fup2jbap0tjew/gradle-4.1/lib/plugins/gradle-language-jvm-4.1.jar
7f2494002000-7f2494005000 r--s 00011000 08:01 4854061                    /home/yx/.gradle/wrapper/dists/gradle-4.1-all/bzyivzo6n839fup2jbap0tjew/gradle-4.1/lib/plugins/gradle-jacoco-4.1.jar
7f2494005000-7f2494008000 r--s 0000e000 08:01 4854060                    /home/yx/.gradle/wrapper/dists/gradle-4.1-all/bzyivzo6n839fup2jbap0tjew/gradle-4.1/lib/plugins/gradle-ivy-4.1.jar
7f2494008000-7f2494009000 r--s 00002000 08:01 4854052                    /home/yx/.gradle/wrapper/dists/gradle-4.1-all/bzyivzo6n839fup2jbap0tjew/gradle-4.1/lib/plugins/gradle-ide-play-4.1.jar
7f2494009000-7f249400c000 r--s 00013000 08:01 4854053                    /home/yx/.gradle/wrapper/dists/gradle-4.1-all/bzyivzo6n839fup2jbap0tjew/gradle-4.1/lib/plugins/gradle-ide-native-4.1.jar
7f249400c000-7f2494016000 r--s 00054000 08:01 4854054                    /home/yx/.gradle/wrapper/dists/gradle-4.1-all/bzyivzo6n839fup2jbap0tjew/gradle-4.1/lib/plugins/gradle-ide-4.1.jar
7f2494016000-7f2494018000 r--s 00007000 08:01 4854057                    /home/yx/.gradle/wrapper/dists/gradle-4.1-all/bzyivzo6n839fup2jbap0tjew/gradle-4.1/lib/plugins/gradle-ear-4.1.jar
7f2494018000-7f249401a000 r--s 00005000 08:01 4854089                    /home/yx/.gradle/wrapper/dists/gradle-4.1-all/bzyivzo6n839fup2jbap0tjew/gradle-4.1/lib/plugins/jatl-0.2.2.jar
7f249401a000-7f2494021000 r--s 00038000 08:01 4854077                    /home/yx/.gradle/wrapper/dists/gradle-4.1-all/bzyivzo6n839fup2jbap0tjew/gradle-4.1/lib/plugins/gradle-diagnostics-4.1.jar
7f2494021000-7f2494023000 r--s 0000b000 08:01 4854066                    /home/yx/.gradle/wrapper/dists/gradle-4.1-all/bzyivzo6n839fup2jbap0tjew/gradle-4.1/lib/plugins/gradle-composite-builds-4.1.jar
7f2494023000-7f2494028000 r--s 00025000 08:01 4854046                    /home/yx/.gradle/wrapper/dists/gradle-4.1-all/bzyivzo6n839fup2jbap0tjew/gradle-4.1/lib/plugins/gradle-code-quality-4.1.jar
7f2494028000-7f249402d000 r--s 00022000 08:01 4854062                    /home/yx/.gradle/wrapper/dists/gradle-4.1-all/bzyivzo6n839fup2jbap0tjew/gradle-4.1/lib/plugins/gradle-build-init-4.1.jar
7f249402d000-7f2494033000 r--s 0008e000 08:01 4854056                    /home/yx/.gradle/wrapper/dists/gradle-4.1-all/bzyivzo6n839fup2jbap0tjew/gradle-4.1/lib/plugins/gradle-build-comparison-4.1.jar
7f2494033000-7f2494034000 r--s 00002000 08:01 4854084                    /home/yx/.gradle/wrapper/dists/gradle-4.1-all/bzyivzo6n839fup2jbap0tjew/gradle-4.1/lib/plugins/gradle-build-cache-http-4.1.jar
7f2494034000-7f2494036000 r--s 00008000 08:01 4854047                    /home/yx/.gradle/wrapper/dists/gradle-4.1-all/bzyivzo6n839fup2jbap0tjew/gradle-4.1/lib/plugins/gradle-antlr-4.1.jar
7f2494036000-7f2494038000 r--s 00004000 08:01 4854067                    /home/yx/.gradle/wrapper/dists/gradle-4.1-all/bzyivzo6n839fup2jbap0tjew/gradle-4.1/lib/plugins/gradle-announce-4.1.jar
7f2494038000-7f249403a000 r--s 00008000 08:01 4853987                    /home/yx/.gradle/wrapper/dists/gradle-4.1-all/bzyivzo6n839fup2jbap0tjew/gradle-4.1/lib/gradle-kotlin-dsl-tooling-builders-0.10.3.jar
7f249403a000-7f249403d000 r--s 0001c000 08:01 4854105                    /home/yx/.gradle/wrapper/dists/gradle-4.1-all/bzyivzo6n839fup2jbap0tjew/gradle-4.1/lib/plugins/nekohtml-1.9.14.jar
7f249403d000-7f2494045000 r--s 00028000 08:01 4854146                    /home/yx/.gradle/wrapper/dists/gradle-4.1-all/bzyivzo6n839fup2jbap0tjew/gradle-4.1/lib/plugins/xml-apis-1.3.04.jar
7f2494045000-7f249405d000 r--s 00115000 08:01 4854106                    /home/yx/.gradle/wrapper/dists/gradle-4.1-all/bzyivzo6n839fup2jbap0tjew/gradle-4.1/lib/plugins/xercesImpl-2.9.1.jar
7f249405d000-7f2494063000 r--s 0005b000 08:01 4854104                    /home/yx/.gradle/wrapper/dists/gradle-4.1-all/bzyivzo6n839fup2jbap0tjew/gradle-4.1/lib/plugins/jcifs-1.3.17.jar
7f2494063000-7f249406a000 r--s 00049000 08:01 4854145                    /home/yx/.gradle/wrapper/dists/gradle-4.1-all/bzyivzo6n839fup2jbap0tjew/gradle-4.1/lib/plugins/httpcore-4.4.4.jar
7f249406a000-7f2494070000 r--s 00033000 08:01 4854097                    /home/yx/.gradle/wrapper/dists/gradle-4.1-all/bzyivzo6n839fup2jbap0tjew/gradle-4.1/lib/plugins/commons-codec-1.6.jar
7f2494070000-7f249407d000 r--s 000a4000 08:01 4854090                    /home/yx/.gradle/wrapper/dists/gradle-4.1-all/bzyivzo6n839fup2jbap0tjew/gradle-4.1/lib/plugins/httpclient-4.4.1.jar
7f249407d000-7f249407f000 r--s 0000b000 08:01 4854085                    /home/yx/.gradle/wrapper/dists/gradle-4.1-all/bzyivzo6n839fup2jbap0tjew/gradle-4.1/lib/plugins/gradle-resources-http-4.1.jar
7f249407f000-7f2494083000 r--s 00017000 08:01 4854082                    /home/yx/.gradle/wrapper/dists/gradle-4.1-all/bzyivzo6n839fup2jbap0tjew/gradle-4.1/lib/plugins/gradle-plugin-use-4.1.jar
7f2494083000-7f2494084000 r--s 00000000 08:01 4853993                    /home/yx/.gradle/wrapper/dists/gradle-4.1-all/bzyivzo6n839fup2jbap0tjew/gradle-4.1/lib/gradle-runtime-api-info-4.1.jar
7f2494084000-7f2494085000 r--s 00000000 08:01 4853996                    /home/yx/.gradle/wrapper/dists/gradle-4.1-all/bzyivzo6n839fup2jbap0tjew/gradle-4.1/lib/gradle-installation-beacon-4.1.jar
7f2494085000-7f24940c5000 r--s 00277000 08:01 4854117                    /home/yx/.gradle/wrapper/dists/gradle-4.1-all/bzyivzo6n839fup2jbap0tjew/gradle-4.1/lib/plugins/bcprov-jdk15on-1.51.jar
7f24940c5000-7f24940c9000 r--s 0001d000 08:01 4854116                    /home/yx/.gradle/wrapper/dists/gradle-4.1-all/bzyivzo6n839fup2jbap0tjew/gradle-4.1/lib/plugins/xbean-reflect-3.4.jar
7f24940c9000-7f24940cb000 r--s 0000a000 08:01 4854118                    /home/yx/.gradle/wrapper/dists/gradle-4.1-all/bzyivzo6n839fup2jbap0tjew/gradle-4.1/lib/plugins/maven-settings-3.0.4.jar
7f24940cb000-7f24940ce000 r--s 00008000 08:01 4854119                    /home/yx/.gradle/wrapper/dists/gradle-4.1-all/bzyivzo6n839fup2jbap0tjew/gradle-4.1/lib/plugins/maven-settings-builder-3.0.4.jar
7f24940ce000-7f24940d2000 r--s 00033000 08:01 4854120                    /home/yx/.gradle/wrapper/dists/gradle-4.1-all/bzyivzo6n839fup2jbap0tjew/gradle-4.1/lib/plugins/plexus-utils-2.0.6.jar
7f24940d2000-7f24940d4000 r--s 0000d000 08:01 4854121                    /home/yx/.gradle/wrapper/dists/gradle-4.1-all/bzyivzo6n839fup2jbap0tjew/gradle-4.1/lib/plugins/plexus-interpolation-1.14.jar
7f24940d4000-7f24940d6000 r--s 00000000 08:01 4854096                    /home/yx/.gradle/wrapper/dists/gradle-4.1-all/bzyivzo6n839fup2jbap0tjew/gradle-4.1/lib/plugins/plexus-component-annotations-1.5.5.jar
7f24940d6000-7f24940dd000 r--s 0002e000 08:01 4854122                    /home/yx/.gradle/wrapper/dists/gradle-4.1-all/bzyivzo6n839fup2jbap0tjew/gradle-4.1/lib/plugins/plexus-container-default-1.5.5.jar
7f24940dd000-7f24940df000 r--s 0000a000 08:01 4854123                    /home/yx/.gradle/wrapper/dists/gradle-4.1-all/bzyivzo6n839fup2jbap0tjew/gradle-4.1/lib/plugins/plexus-classworlds-2.4.jar
7f24940df000-7f24940e1000 r--s 00002000 08:01 4854124                    /home/yx/.gradle/wrapper/dists/gradle-4.1-all/bzyivzo6n839fup2jbap0tjew/gradle-4.1/lib/plugins/plexus-cipher-1.7.jar
7f24940e1000-7f24940e2000 r--s 00006000 08:01 4854125                    /home/yx/.gradle/wrapper/dists/gradle-4.1-all/bzyivzo6n839fup2jbap0tjew/gradle-4.1/lib/plugins/plexus-sec-dispatcher-1.3.jar
7f24940e2000-7f24940e8000 r--s 0003f000 08:01 4854126                    /home/yx/.gradle/wrapper/dists/gradle-4.1-all/bzyivzo6n839fup2jbap0tjew/gradle-4.1/lib/plugins/maven-compat-3.0.4.jar
7f24940e8000-7f24940ec000 r--s 00021000 08:01 4854127                    /home/yx/.gradle/wrapper/dists/gradle-4.1-all/bzyivzo6n839fup2jbap0tjew/gradle-4.1/lib/plugins/maven-model-builder-3.0.4.jar
7f24940ec000-7f24940ee000 r--s 00026000 08:01 4854128                    /home/yx/.gradle/wrapper/dists/gradle-4.1-all/bzyivzo6n839fup2jbap0tjew/gradle-4.1/lib/plugins/maven-model-3.0.4.jar
7f24940ee000-7f24940f0000 r--s 0000b000 08:01 4854129                    /home/yx/.gradle/wrapper/dists/gradle-4.1-all/bzyivzo6n839fup2jbap0tjew/gradle-4.1/lib/plugins/maven-artifact-3.0.4.jar
7f24940f0000-7f24940f2000 r--s 00006000 08:01 4854130                    /home/yx/.gradle/wrapper/dists/gradle-4.1-all/bzyivzo6n839fup2jbap0tjew/gradle-4.1/lib/plugins/maven-repository-metadata-3.0.4.jar
7f24940f2000-7f24940f4000 r--s 0000b000 08:01 4854131                    /home/yx/.gradle/wrapper/dists/gradle-4.1-all/bzyivzo6n839fup2jbap0tjew/gradle-4.1/lib/plugins/maven-plugin-api-3.0.4.jar
7f24940f4000-7f24940f6000 r--s 0000c000 08:01 4854132                    /home/yx/.gradle/wrapper/dists/gradle-4.1-all/bzyivzo6n839fup2jbap0tjew/gradle-4.1/lib/plugins/maven-aether-provider-3.0.4.jar
7f24940f6000-7f24940f7000 r--s 00002000 08:01 4854133                    /home/yx/.gradle/wrapper/dists/gradle-4.1-all/bzyivzo6n839fup2jbap0tjew/gradle-4.1/lib/plugins/wagon-file-2.4.jar
7f24940f7000-7f24940f8000 r--s 00002000 08:01 4854134                    /home/yx/.gradle/wrapper/dists/gradle-4.1-all/bzyivzo6n839fup2jbap0tjew/gradle-4.1/lib/plugins/wagon-http-2.4.jar
7f24940f8000-7f24940fa000 r--s 0000b000 08:01 4854135                    /home/yx/.gradle/wrapper/dists/gradle-4.1-all/bzyivzo6n839fup2jbap0tjew/gradle-4.1/lib/plugins/wagon-provider-api-2.4.jar
7f24940fa000-7f24940fb000 r--s 00007000 08:01 4854136                    /home/yx/.gradle/wrapper/dists/gradle-4.1-all/bzyivzo6n839fup2jbap0tjew/gradle-4.1/lib/plugins/wagon-http-shared4-2.4.jar
7f24940fb000-7f24940fe000 r--s 00013000 08:01 4854137                    /home/yx/.gradle/wrapper/dists/gradle-4.1-all/bzyivzo6n839fup2jbap0tjew/gradle-4.1/lib/plugins/aether-api-1.13.1.jar
7f24940fe000-7f2494101000 r--s 0001d000 08:01 4854138                    /home/yx/.gradle/wrapper/dists/gradle-4.1-all/bzyivzo6n839fup2jbap0tjew/gradle-4.1/lib/plugins/aether-impl-1.13.1.jar
7f2494101000-7f2494102000 r--s 00003000 08:01 4854139                    /home/yx/.gradle/wrapper/dists/gradle-4.1-all/bzyivzo6n839fup2jbap0tjew/gradle-4.1/lib/plugins/aether-spi-1.13.1.jar
7f2494102000-7f2494106000 r--s 0001c000 08:01 4854140                    /home/yx/.gradle/wrapper/dists/gradle-4.1-all/bzyivzo6n839fup2jbap0tjew/gradle-4.1/lib/plugins/aether-util-1.13.1.jar
7f2494106000-7f2494112000 r--s 0007d000 08:01 4854093                    /home/yx/.gradle/wrapper/dists/gradle-4.1-all/bzyivzo6n839fup2jbap0tjew/gradle-4.1/lib/plugins/maven-core-3.0.4.jar
7f2494112000-7f2494117000 r--s 00034000 08:01 4854100                    /home/yx/.gradle/wrapper/dists/gradle-4.1-all/bzyivzo6n839fup2jbap0tjew/gradle-4.1/lib/plugins/gson-2.7.jar
7f2494117000-7f249413b000 r--s 0011a000 08:01 4854088                    /home/yx/.gradle/wrapper/dists/gradle-4.1-all/bzyivzo6n839fup2jbap0tjew/gradle-4.1/lib/plugins/gradle-dependency-management-4.1.jar
7f249413b000-7f2494151000 r-xp 00000000 08:01 1315853                    /lib/x86_64-linux-gnu/libgcc_s.so.1
7f2494151000-7f2494350000 ---p 00016000 08:01 1315853                    /lib/x86_64-linux-gnu/libgcc_s.so.1
7f2494350000-7f2494351000 rw-p 00015000 08:01 1315853                    /lib/x86_64-linux-gnu/libgcc_s.so.1
7f2494351000-7f2494353000 r--s 00006000 08:01 4854141                    /home/yx/.gradle/wrapper/dists/gradle-4.1-all/bzyivzo6n839fup2jbap0tjew/gradle-4.1/lib/plugins/aether-connector-wagon-1.13.1.jar
7f2494353000-7f2494358000 r--s 00040000 08:01 4854108                    /home/yx/.gradle/wrapper/dists/gradle-4.1-all/bzyivzo6n839fup2jbap0tjew/gradle-4.1/lib/plugins/jsch-0.1.54.jar
7f2494358000-7f2494367000 r--s 000d9000 08:01 4854107                    /home/yx/.gradle/wrapper/dists/gradle-4.1-all/bzyivzo6n839fup2jbap0tjew/gradle-4.1/lib/plugins/ivy-2.2.0.jar
7f2494367000-7f249436a000 r--s 0000d000 08:01 4854087                    /home/yx/.gradle/wrapper/dists/gradle-4.1-all/bzyivzo6n839fup2jbap0tjew/gradle-4.1/lib/plugins/gradle-workers-4.1.jar
7f249436a000-7f249436f000 r-xp 00000000 08:01 4854153                    /home/yx/.gradle/native/25/linux-amd64/libnative-platform.so
7f249436f000-7f249456e000 ---p 00005000 08:01 4854153                    /home/yx/.gradle/native/25/linux-amd64/libnative-platform.so
7f249456e000-7f249456f000 rw-p 00004000 08:01 4854153                    /home/yx/.gradle/native/25/linux-amd64/libnative-platform.so
7f249456f000-7f2494580000 r-xp 00000000 08:01 4980962                    /home/yx/android-studio/jre/jre/lib/amd64/libnio.so
7f2494580000-7f249477f000 ---p 00011000 08:01 4980962                    /home/yx/android-studio/jre/jre/lib/amd64/libnio.so
7f249477f000-7f2494780000 r--p 00010000 08:01 4980962                    /home/yx/android-studio/jre/jre/lib/amd64/libnio.so
7f2494780000-7f2494781000 rw-p 00011000 08:01 4980962                    /home/yx/android-studio/jre/jre/lib/amd64/libnio.so
7f2494781000-7f2497782000 rw-p 00000000 00:00 0 
7f2497782000-7f2497798000 r-xp 00000000 08:01 4980977                    /home/yx/android-studio/jre/jre/lib/amd64/libnet.so
7f2497798000-7f2497998000 ---p 00016000 08:01 4980977                    /home/yx/android-studio/jre/jre/lib/amd64/libnet.so
7f2497998000-7f2497999000 r--p 00016000 08:01 4980977                    /home/yx/android-studio/jre/jre/lib/amd64/libnet.so
7f2497999000-7f249799a000 rw-p 00017000 08:01 4980977                    /home/yx/android-studio/jre/jre/lib/amd64/libnet.so
7f249799a000-7f249799b000 r--s 00006000 08:01 4853995                    /home/yx/.gradle/wrapper/dists/gradle-4.1-all/bzyivzo6n839fup2jbap0tjew/gradle-4.1/lib/gradle-wrapper-4.1.jar
7f249799b000-7f24979a8000 r--s 00043000 08:01 4853994                    /home/yx/.gradle/wrapper/dists/gradle-4.1-all/bzyivzo6n839fup2jbap0tjew/gradle-4.1/lib/gradle-tooling-api-4.1.jar
7f24979a8000-7f24979b7000 r--s 000c8000 08:01 4853991                    /home/yx/.gradle/wrapper/dists/gradle-4.1-all/bzyivzo6n839fup2jbap0tjew/gradle-4.1/lib/kotlin-stdlib-1.1.3-2.jar
7f24979b7000-7f24979e9000 r--s 0021b000 08:01 4853990                    /home/yx/.gradle/wrapper/dists/gradle-4.1-all/bzyivzo6n839fup2jbap0tjew/gradle-4.1/lib/kotlin-reflect-1.1.3-2.jar
7f24979e9000-7f2497ba0000 r--s 01786000 08:01 4853989                    /home/yx/.gradle/wrapper/dists/gradle-4.1-all/bzyivzo6n839fup2jbap0tjew/gradle-4.1/lib/kotlin-compiler-embeddable-1.1.3-2.jar
7f2497ba0000-7f2497ba1000 r--s 00000000 08:01 4853988                    /home/yx/.gradle/wrapper/dists/gradle-4.1-all/bzyivzo6n839fup2jbap0tjew/gradle-4.1/lib/gradle-kotlin-dsl-tooling-models-0.10.3.jar
7f2497ba1000-7f2497ba2000 r--s 00001000 08:01 4853986                    /home/yx/.gradle/wrapper/dists/gradle-4.1-all/bzyivzo6n839fup2jbap0tjew/gradle-4.1/lib/gradle-kotlin-dsl-compiler-plugin-0.10.3.jar
7f2497ba2000-7f2497ba4000 r--s 00003000 08:01 4853984                    /home/yx/.gradle/wrapper/dists/gradle-4.1-all/bzyivzo6n839fup2jbap0tjew/gradle-4.1/lib/annotations-13.0.jar
7f2497ba4000-7f2497bae000 r--s 00073000 08:01 4853985                    /home/yx/.gradle/wrapper/dists/gradle-4.1-all/bzyivzo6n839fup2jbap0tjew/gradle-4.1/lib/gradle-kotlin-dsl-0.10.3.jar
7f2497bae000-7f2497bb3000 r--s 00013000 08:01 4854001                    /home/yx/.gradle/wrapper/dists/gradle-4.1-all/bzyivzo6n839fup2jbap0tjew/gradle-4.1/lib/gradle-resources-4.1.jar
7f2497bb3000-7f2497bb5000 r--s 00005000 08:01 4854008                    /home/yx/.gradle/wrapper/dists/gradle-4.1-all/bzyivzo6n839fup2jbap0tjew/gradle-4.1/lib/gradle-cli-4.1.jar
7f2497bb5000-7f2497bb7000 r--s 00003000 08:01 4854015                    /home/yx/.gradle/wrapper/dists/gradle-4.1-all/bzyivzo6n839fup2jbap0tjew/gradle-4.1/lib/jcl-over-slf4j-1.7.10.jar
7f2497bb7000-7f2497bb8000 r--s 00005000 08:01 4854014                    /home/yx/.gradle/wrapper/dists/gradle-4.1-all/bzyivzo6n839fup2jbap0tjew/gradle-4.1/lib/log4j-over-slf4j-1.7.10.jar
7f2497bb8000-7f2497bba000 r--s 00000000 08:01 4854013                    /home/yx/.gradle/wrapper/dists/gradle-4.1-all/bzyivzo6n839fup2jbap0tjew/gradle-4.1/lib/jul-to-slf4j-1.7.10.jar
7f2497bba000-7f2497bc1000 r--s 0002c000 08:01 4853999                    /home/yx/.gradle/wrapper/dists/gradle-4.1-all/bzyivzo6n839fup2jbap0tjew/gradle-4.1/lib/gradle-logging-4.1.jar
7f2497bc1000-7f2497bd1000 r--s 00082000 08:01 4854004                    /home/yx/.gradle/wrapper/dists/gradle-4.1-all/bzyivzo6n839fup2jbap0tjew/gradle-4.1/lib/gradle-model-core-4.1.jar
7f2497bd1000-7f2497bd3000 r--s 00006000 08:01 4854005                    /home/yx/.gradle/wrapper/dists/gradle-4.1-all/bzyivzo6n839fup2jbap0tjew/gradle-4.1/lib/gradle-base-services-groovy-4.1.jar
7f2497bd3000-7f2497bd5000 r--s 00007000 08:01 4854003                    /home/yx/.gradle/wrapper/dists/gradle-4.1-all/bzyivzo6n839fup2jbap0tjew/gradle-4.1/lib/gradle-model-groovy-4.1.jar
7f2497bd5000-7f2497bd6000 r--s 00002000 08:01 4854026                    /home/yx/.gradle/wrapper/dists/gradle-4.1-all/bzyivzo6n839fup2jbap0tjew/gradle-4.1/lib/gradle-docs-4.1.jar
7f2497bd6000-7f2497be3000 r--s 00083000 08:01 4854024                    /home/yx/.gradle/wrapper/dists/gradle-4.1-all/bzyivzo6n839fup2jbap0tjew/gradle-4.1/lib/commons-collections-3.2.2.jar
7f2497be3000-7f2497be4000 r--s 00000000 08:01 4854023                    /home/yx/.gradle/wrapper/dists/gradle-4.1-all/bzyivzo6n839fup2jbap0tjew/gradle-4.1/lib/javax.inject-1.jar
7f2497be4000-7f2497c54000 r--s 00645000 08:01 4854021                    /home/yx/.gradle/wrapper/dists/gradle-4.1-all/bzyivzo6n839fup2jbap0tjew/gradle-4.1/lib/groovy-all-2.4.11.jar
7f2497c54000-7f2497c57000 r--s 00023000 08:01 4854027                    /home/yx/.gradle/wrapper/dists/gradle-4.1-all/bzyivzo6n839fup2jbap0tjew/gradle-4.1/lib/jansi-1.14.jar
7f2497c57000-7f2497c58000 r--s 00004000 08:01 4854029                    /home/yx/.gradle/wrapper/dists/gradle-4.1-all/bzyivzo6n839fup2jbap0tjew/gradle-4.1/lib/native-platform-freebsd-amd64-libcpp-0.14.jar
7f2497c58000-7f2497c59000 r--s 00004000 08:01 4854030                    /home/yx/.gradle/wrapper/dists/gradle-4.1-all/bzyivzo6n839fup2jbap0tjew/gradle-4.1/lib/native-platform-freebsd-amd64-libstdcpp-0.14.jar
7f2497c59000-7f2497c5a000 r--s 00004000 08:01 4854031                    /home/yx/.gradle/wrapper/dists/gradle-4.1-all/bzyivzo6n839fup2jbap0tjew/gradle-4.1/lib/native-platform-freebsd-i386-libcpp-0.14.jar
7f2497c5a000-7f2497c5b000 r--s 00003000 08:01 4854032                    /home/yx/.gradle/wrapper/dists/gradle-4.1-all/bzyivzo6n839fup2jbap0tjew/gradle-4.1/lib/native-platform-freebsd-i386-libstdcpp-0.14.jar
7f2497c5b000-7f2497c5c000 r--s 00002000 08:01 4854033                    /home/yx/.gradle/wrapper/dists/gradle-4.1-all/bzyivzo6n839fup2jbap0tjew/gradle-4.1/lib/native-platform-linux-amd64-0.14.jar
7f2497c5c000-7f2497c5d000 r--s 00002000 08:01 4854034                    /home/yx/.gradle/wrapper/dists/gradle-4.1-all/bzyivzo6n839fup2jbap0tjew/gradle-4.1/lib/native-platform-linux-i386-0.14.jar
7f2497c5d000-7f2497c5f000 r--s 00002000 08:01 4854035                    /home/yx/.gradle/wrapper/dists/gradle-4.1-all/bzyivzo6n839fup2jbap0tjew/gradle-4.1/lib/native-platform-osx-amd64-0.14.jar
7f2497c5f000-7f2497c60000 r--s 00003000 08:01 4854036                    /home/yx/.gradle/wrapper/dists/gradle-4.1-all/bzyivzo6n839fup2jbap0tjew/gradle-4.1/lib/native-platform-osx-i386-0.14.jar
7f2497c60000-7f2497c62000 r--s 0000b000 08:01 4854037                    /home/yx/.gradle/wrapper/dists/gradle-4.1-all/bzyivzo6n839fup2jbap0tjew/gradle-4.1/lib/native-platform-windows-amd64-0.14.jar
7f2497c62000-7f2497c63000 r--s 0000b000 08:01 4854038                    /home/yx/.gradle/wrapper/dists/gradle-4.1-all/bzyivzo6n839fup2jbap0tjew/gradle-4.1/lib/native-platform-windows-i386-0.14.jar
7f2497c63000-7f2497c64000 r--s 00001000 08:01 4854039                    /home/yx/.gradle/wrapper/dists/gradle-4.1-all/bzyivzo6n839fup2jbap0tjew/gradle-4.1/lib/native-platform-linux-amd64-ncurses5-0.14.jar
7f2497c64000-7f2497c65000 r--s 00001000 08:01 4854040                    /home/yx/.gradle/wrapper/dists/gradle-4.1-all/bzyivzo6n839fup2jbap0tjew/gradle-4.1/lib/native-platform-linux-amd64-ncurses6-0.14.jar
7f2497c65000-7f2497c69000 r--s 00012000 08:01 4854025                    /home/yx/.gradle/wrapper/dists/gradle-4.1-all/bzyivzo6n839fup2jbap0tjew/gradle-4.1/lib/native-platform-0.14.jar
7f2497c69000-7f2497c6c000 r--s 0000c000 08:01 4854002                    /home/yx/.gradle/wrapper/dists/gradle-4.1-all/bzyivzo6n839fup2jbap0tjew/gradle-4.1/lib/gradle-native-4.1.jar
7f2497c6c000-7f2497c94000 r--s 001cf000 08:01 4854017                    /home/yx/.gradle/wrapper/dists/gradle-4.1-all/bzyivzo6n839fup2jbap0tjew/gradle-4.1/lib/guava-jdk5-17.0.jar
7f2497c94000-7f2497cb3000 r--s 001d1000 08:01 4854022                    /home/yx/.gradle/wrapper/dists/gradle-4.1-all/bzyivzo6n839fup2jbap0tjew/gradle-4.1/lib/ant-1.9.6.jar
7f2497cb3000-7f2497cfd000 r--s 00253000 08:01 4853997                    /home/yx/.gradle/wrapper/dists/gradle-4.1-all/bzyivzo6n839fup2jbap0tjew/gradle-4.1/lib/gradle-core-4.1.jar
7f2497cfd000-7f2497cfe000 ---p 00000000 00:00 0 
7f2497cfe000-7f2497dfe000 rw-p 00000000 00:00 0 
7f2497dfe000-7f2497e01000 ---p 00000000 00:00 0 
7f2497e01000-7f2497eff000 rw-p 00000000 00:00 0 
7f2497eff000-7f2497f02000 ---p 00000000 00:00 0 
7f2497f02000-7f2498000000 rw-p 00000000 00:00 0 
7f2498000000-7f2498021000 rw-p 00000000 00:00 0 
7f2498021000-7f249c000000 ---p 00000000 00:00 0 
7f249c000000-7f249c021000 rw-p 00000000 00:00 0 
7f249c021000-7f24a0000000 ---p 00000000 00:00 0 
7f24a0000000-7f24a0133000 rw-p 00000000 00:00 0 
7f24a0133000-7f24a4000000 ---p 00000000 00:00 0 
7f24a4000000-7f24a4309000 rw-p 00000000 00:00 0 
7f24a4309000-7f24a8000000 ---p 00000000 00:00 0 
7f24a8000000-7f24a806f000 rw-p 00000000 00:00 0 
7f24a806f000-7f24ac000000 ---p 00000000 00:00 0 
7f24ac000000-7f24ac002000 r--s 0000f000 08:01 4854010                    /home/yx/.gradle/wrapper/dists/gradle-4.1-all/bzyivzo6n839fup2jbap0tjew/gradle-4.1/lib/reflectasm-1.07-shaded.jar
7f24ac002000-7f24ac004000 r--s 00000000 08:01 4854043                    /home/yx/.gradle/wrapper/dists/gradle-4.1-all/bzyivzo6n839fup2jbap0tjew/gradle-4.1/lib/minlog-1.2.jar
7f24ac004000-7f24ac006000 r--s 00007000 08:01 4854044                    /home/yx/.gradle/wrapper/dists/gradle-4.1-all/bzyivzo6n839fup2jbap0tjew/gradle-4.1/lib/objenesis-1.2.jar
7f24ac006000-7f24ac00a000 r--s 00026000 08:01 4854009                    /home/yx/.gradle/wrapper/dists/gradle-4.1-all/bzyivzo6n839fup2jbap0tjew/gradle-4.1/lib/kryo-2.20.jar
7f24ac00a000-7f24ac010000 r--s 0002b000 08:01 4854006                    /home/yx/.gradle/wrapper/dists/gradle-4.1-all/bzyivzo6n839fup2jbap0tjew/gradle-4.1/lib/gradle-messaging-4.1.jar
7f24ac010000-7f24ac012000 r--s 00006000 08:01 4854000                    /home/yx/.gradle/wrapper/dists/gradle-4.1-all/bzyivzo6n839fup2jbap0tjew/gradle-4.1/lib/gradle-process-services-4.1.jar
7f24ac012000-7f24ac015000 ---p 00000000 00:00 0 
7f24ac015000-7f24ac113000 rw-p 00000000 00:00 0 
7f24ac113000-7f24ac116000 ---p 00000000 00:00 0 
7f24ac116000-7f24ac214000 rw-p 00000000 00:00 0 
7f24ac214000-7f24acbd3000 r--p 00000000 08:01 401147                     /usr/lib/locale/locale-archive
7f24acbd3000-7f24acbd6000 ---p 00000000 00:00 0 
7f24acbd6000-7f24accd4000 rw-p 00000000 00:00 0 
7f24accd4000-7f24accd7000 ---p 00000000 00:00 0 
7f24accd7000-7f24acdd5000 rw-p 00000000 00:00 0 
7f24acdd5000-7f24acdd6000 ---p 00000000 00:00 0 
7f24acdd6000-7f24b1000000 rw-p 00000000 00:00 0 
7f24b1000000-7f24b23c0000 rwxp 00000000 00:00 0 
7f24b23c0000-7f24c0000000 ---p 00000000 00:00 0 
7f24c0000000-7f24c0cf2000 rw-p 00000000 00:00 0 
7f24c0cf2000-7f24c4000000 ---p 00000000 00:00 0 
7f24c4000000-7f24c4001000 r--s 00001000 08:01 4854041                    /home/yx/.gradle/wrapper/dists/gradle-4.1-all/bzyivzo6n839fup2jbap0tjew/gradle-4.1/lib/native-platform-linux-i386-ncurses5-0.14.jar
7f24c4001000-7f24c4006000 r--s 00041000 08:01 4854019                    /home/yx/.gradle/wrapper/dists/gradle-4.1-all/bzyivzo6n839fup2jbap0tjew/gradle-4.1/lib/commons-lang-2.6.jar
7f24c4006000-7f24c4075000 rw-p 00000000 00:00 0 
7f24c4075000-7f24c4245000 r--s 03c46000 08:01 4980938                    /home/yx/android-studio/jre/jre/lib/rt.jar
7f24c4245000-7f24c45bb000 rw-p 00000000 00:00 0 
7f24c45bb000-7f24c45bc000 ---p 00000000 00:00 0 
7f24c45bc000-7f24c46bc000 rw-p 00000000 00:00 0 
7f24c46bc000-7f24c46bd000 ---p 00000000 00:00 0 
7f24c46bd000-7f24c47e6000 rw-p 00000000 00:00 0 
7f24c47e6000-7f24c49bd000 ---p 00000000 00:00 0 
7f24c49bd000-7f24c49e6000 rw-p 00000000 00:00 0 
7f24c49e6000-7f24c4bbd000 ---p 00000000 00:00 0 
7f24c4bbd000-7f24c4c19000 rw-p 00000000 00:00 0 
7f24c4c19000-7f24c4cbd000 ---p 00000000 00:00 0 
7f24c4cbd000-7f24c4d0d000 rw-p 00000000 00:00 0 
7f24c4d0d000-7f24c507e000 ---p 00000000 00:00 0 
7f24c507e000-7f24c5098000 r-xp 00000000 08:01 4980965                    /home/yx/android-studio/jre/jre/lib/amd64/libzip.so
7f24c5098000-7f24c5298000 ---p 0001a000 08:01 4980965                    /home/yx/android-studio/jre/jre/lib/amd64/libzip.so
7f24c5298000-7f24c5299000 r--p 0001a000 08:01 4980965                    /home/yx/android-studio/jre/jre/lib/amd64/libzip.so
7f24c5299000-7f24c529a000 rw-p 0001b000 08:01 4980965                    /home/yx/android-studio/jre/jre/lib/amd64/libzip.so
7f24c529a000-7f24c52a5000 r-xp 00000000 08:01 1316670                    /lib/x86_64-linux-gnu/libnss_files-2.23.so
7f24c52a5000-7f24c54a4000 ---p 0000b000 08:01 1316670                    /lib/x86_64-linux-gnu/libnss_files-2.23.so
7f24c54a4000-7f24c54a5000 r--p 0000a000 08:01 1316670                    /lib/x86_64-linux-gnu/libnss_files-2.23.so
7f24c54a5000-7f24c54a6000 rw-p 0000b000 08:01 1316670                    /lib/x86_64-linux-gnu/libnss_files-2.23.so
7f24c54a6000-7f24c54ac000 rw-p 00000000 00:00 0 
7f24c54ac000-7f24c54b7000 r-xp 00000000 08:01 1316677                    /lib/x86_64-linux-gnu/libnss_nis-2.23.so
7f24c54b7000-7f24c56b6000 ---p 0000b000 08:01 1316677                    /lib/x86_64-linux-gnu/libnss_nis-2.23.so
7f24c56b6000-7f24c56b7000 r--p 0000a000 08:01 1316677                    /lib/x86_64-linux-gnu/libnss_nis-2.23.so
7f24c56b7000-7f24c56b8000 rw-p 0000b000 08:01 1316677                    /lib/x86_64-linux-gnu/libnss_nis-2.23.so
7f24c56b8000-7f24c56ce000 r-xp 00000000 08:01 1316678                    /lib/x86_64-linux-gnu/libnsl-2.23.so
7f24c56ce000-7f24c58cd000 ---p 00016000 08:01 1316678                    /lib/x86_64-linux-gnu/libnsl-2.23.so
7f24c58cd000-7f24c58ce000 r--p 00015000 08:01 1316678                    /lib/x86_64-linux-gnu/libnsl-2.23.so
7f24c58ce000-7f24c58cf000 rw-p 00016000 08:01 1316678                    /lib/x86_64-linux-gnu/libnsl-2.23.so
7f24c58cf000-7f24c58d1000 rw-p 00000000 00:00 0 
7f24c58d1000-7f24c58d9000 r-xp 00000000 08:01 1316680                    /lib/x86_64-linux-gnu/libnss_compat-2.23.so
7f24c58d9000-7f24c5ad8000 ---p 00008000 08:01 1316680                    /lib/x86_64-linux-gnu/libnss_compat-2.23.so
7f24c5ad8000-7f24c5ad9000 r--p 00007000 08:01 1316680                    /lib/x86_64-linux-gnu/libnss_compat-2.23.so
7f24c5ad9000-7f24c5ada000 rw-p 00008000 08:01 1316680                    /lib/x86_64-linux-gnu/libnss_compat-2.23.so
7f24c5ada000-7f24c5b07000 r-xp 00000000 08:01 4980950                    /home/yx/android-studio/jre/jre/lib/amd64/libjava.so
7f24c5b07000-7f24c5d06000 ---p 0002d000 08:01 4980950                    /home/yx/android-studio/jre/jre/lib/amd64/libjava.so
7f24c5d06000-7f24c5d07000 r--p 0002c000 08:01 4980950                    /home/yx/android-studio/jre/jre/lib/amd64/libjava.so
7f24c5d07000-7f24c5d09000 rw-p 0002d000 08:01 4980950                    /home/yx/android-studio/jre/jre/lib/amd64/libjava.so
7f24c5d09000-7f24c5d19000 r-xp 00000000 08:01 4980980                    /home/yx/android-studio/jre/jre/lib/amd64/libverify.so
7f24c5d19000-7f24c5f18000 ---p 00010000 08:01 4980980                    /home/yx/android-studio/jre/jre/lib/amd64/libverify.so
7f24c5f18000-7f24c5f1a000 r--p 0000f000 08:01 4980980                    /home/yx/android-studio/jre/jre/lib/amd64/libverify.so
7f24c5f1a000-7f24c5f1b000 rw-p 00011000 08:01 4980980                    /home/yx/android-studio/jre/jre/lib/amd64/libverify.so
7f24c5f1b000-7f24c5f22000 r-xp 00000000 08:01 1316669                    /lib/x86_64-linux-gnu/librt-2.23.so
7f24c5f22000-7f24c6121000 ---p 00007000 08:01 1316669                    /lib/x86_64-linux-gnu/librt-2.23.so
7f24c6121000-7f24c6122000 r--p 00006000 08:01 1316669                    /lib/x86_64-linux-gnu/librt-2.23.so
7f24c6122000-7f24c6123000 rw-p 00007000 08:01 1316669                    /lib/x86_64-linux-gnu/librt-2.23.so
7f24c6123000-7f24c622b000 r-xp 00000000 08:01 1316674                    /lib/x86_64-linux-gnu/libm-2.23.so
7f24c622b000-7f24c642a000 ---p 00108000 08:01 1316674                    /lib/x86_64-linux-gnu/libm-2.23.so
7f24c642a000-7f24c642b000 r--p 00107000 08:01 1316674                    /lib/x86_64-linux-gnu/libm-2.23.so
7f24c642b000-7f24c642c000 rw-p 00108000 08:01 1316674                    /lib/x86_64-linux-gnu/libm-2.23.so
7f24c642c000-7f24c7024000 r-xp 00000000 08:01 4980975                    /home/yx/android-studio/jre/jre/lib/amd64/server/libjvm.so
7f24c7024000-7f24c7224000 ---p 00bf8000 08:01 4980975                    /home/yx/android-studio/jre/jre/lib/amd64/server/libjvm.so
7f24c7224000-7f24c72c3000 r--p 00bf8000 08:01 4980975                    /home/yx/android-studio/jre/jre/lib/amd64/server/libjvm.so
7f24c72c3000-7f24c72ec000 rw-p 00c97000 08:01 4980975                    /home/yx/android-studio/jre/jre/lib/amd64/server/libjvm.so
7f24c72ec000-7f24c7330000 rw-p 00000000 00:00 0 
7f24c7330000-7f24c7348000 r-xp 00000000 08:01 1312594                    /lib/x86_64-linux-gnu/libpthread-2.23.so
7f24c7348000-7f24c7547000 ---p 00018000 08:01 1312594                    /lib/x86_64-linux-gnu/libpthread-2.23.so
7f24c7547000-7f24c7548000 r--p 00017000 08:01 1312594                    /lib/x86_64-linux-gnu/libpthread-2.23.so
7f24c7548000-7f24c7549000 rw-p 00018000 08:01 1312594                    /lib/x86_64-linux-gnu/libpthread-2.23.so
7f24c7549000-7f24c754d000 rw-p 00000000 00:00 0 
7f24c754d000-7f24c7550000 r-xp 00000000 08:01 1316666                    /lib/x86_64-linux-gnu/libdl-2.23.so
7f24c7550000-7f24c774f000 ---p 00003000 08:01 1316666                    /lib/x86_64-linux-gnu/libdl-2.23.so
7f24c774f000-7f24c7750000 r--p 00002000 08:01 1316666                    /lib/x86_64-linux-gnu/libdl-2.23.so
7f24c7750000-7f24c7751000 rw-p 00003000 08:01 1316666                    /lib/x86_64-linux-gnu/libdl-2.23.so
7f24c7751000-7f24c7911000 r-xp 00000000 08:01 1316679                    /lib/x86_64-linux-gnu/libc-2.23.so
7f24c7911000-7f24c7b11000 ---p 001c0000 08:01 1316679                    /lib/x86_64-linux-gnu/libc-2.23.so
7f24c7b11000-7f24c7b15000 r--p 001c0000 08:01 1316679                    /lib/x86_64-linux-gnu/libc-2.23.so
7f24c7b15000-7f24c7b17000 rw-p 001c4000 08:01 1316679                    /lib/x86_64-linux-gnu/libc-2.23.so
7f24c7b17000-7f24c7b1b000 rw-p 00000000 00:00 0 
7f24c7b1b000-7f24c7b31000 r-xp 00000000 08:01 4981102                    /home/yx/android-studio/jre/lib/amd64/jli/libjli.so
7f24c7b31000-7f24c7d30000 ---p 00016000 08:01 4981102                    /home/yx/android-studio/jre/lib/amd64/jli/libjli.so
7f24c7d30000-7f24c7d31000 r--p 00015000 08:01 4981102                    /home/yx/android-studio/jre/lib/amd64/jli/libjli.so
7f24c7d31000-7f24c7d32000 rw-p 00016000 08:01 4981102                    /home/yx/android-studio/jre/lib/amd64/jli/libjli.so
7f24c7d32000-7f24c7d58000 r-xp 00000000 08:01 1316671                    /lib/x86_64-linux-gnu/ld-2.23.so
7f24c7d58000-7f24c7d59000 r--s 00001000 08:01 4854042                    /home/yx/.gradle/wrapper/dists/gradle-4.1-all/bzyivzo6n839fup2jbap0tjew/gradle-4.1/lib/native-platform-linux-i386-ncurses6-0.14.jar
7f24c7d59000-7f24c7d5b000 r--s 00000000 08:01 4853998                    /home/yx/.gradle/wrapper/dists/gradle-4.1-all/bzyivzo6n839fup2jbap0tjew/gradle-4.1/lib/gradle-jvm-services-4.1.jar
7f24c7d5b000-7f24c7d5e000 r--s 00006000 08:01 4854018                    /home/yx/.gradle/wrapper/dists/gradle-4.1-all/bzyivzo6n839fup2jbap0tjew/gradle-4.1/lib/jsr305-1.3.9.jar
7f24c7d5e000-7f24c7d62000 r--s 00027000 08:01 4854012                    /home/yx/.gradle/wrapper/dists/gradle-4.1-all/bzyivzo6n839fup2jbap0tjew/gradle-4.1/lib/commons-io-2.2.jar
7f24c7d62000-7f24c7d6a000 r--s 000bd000 08:01 4854011                    /home/yx/.gradle/wrapper/dists/gradle-4.1-all/bzyivzo6n839fup2jbap0tjew/gradle-4.1/lib/asm-debug-all-6.0_ALPHA.jar
7f24c7d6a000-7f24c7d76000 r--s 00053000 08:01 4854007                    /home/yx/.gradle/wrapper/dists/gradle-4.1-all/bzyivzo6n839fup2jbap0tjew/gradle-4.1/lib/gradle-base-services-4.1.jar
7f24c7d76000-7f24c7e38000 rw-p 00000000 00:00 0 
7f24c7e38000-7f24c7e3b000 ---p 00000000 00:00 0 
7f24c7e3b000-7f24c7f3d000 rw-p 00000000 00:00 0 
7f24c7f3d000-7f24c7f3e000 r--s 00000000 08:01 4854020                    /home/yx/.gradle/wrapper/dists/gradle-4.1-all/bzyivzo6n839fup2jbap0tjew/gradle-4.1/lib/jcip-annotations-1.0.jar
7f24c7f3e000-7f24c7f3f000 r--s 00007000 08:01 4854016                    /home/yx/.gradle/wrapper/dists/gradle-4.1-all/bzyivzo6n839fup2jbap0tjew/gradle-4.1/lib/slf4j-api-1.7.10.jar
7f24c7f3f000-7f24c7f40000 r--s 00004000 08:01 4854028                    /home/yx/.gradle/wrapper/dists/gradle-4.1-all/bzyivzo6n839fup2jbap0tjew/gradle-4.1/lib/ant-launcher-1.9.6.jar
7f24c7f40000-7f24c7f4c000 r--s 0005c000 08:01 4853992                    /home/yx/.gradle/wrapper/dists/gradle-4.1-all/bzyivzo6n839fup2jbap0tjew/gradle-4.1/lib/gradle-launcher-4.1.jar
7f24c7f4c000-7f24c7f54000 rw-s 00000000 08:01 267751                     /tmp/hsperfdata_yx/10800
7f24c7f54000-7f24c7f55000 rw-p 00000000 00:00 0 
7f24c7f55000-7f24c7f56000 ---p 00000000 00:00 0 
7f24c7f56000-7f24c7f57000 rw-p 00000000 00:00 0 
7f24c7f57000-7f24c7f58000 r--p 00025000 08:01 1316671                    /lib/x86_64-linux-gnu/ld-2.23.so
7f24c7f58000-7f24c7f59000 rw-p 00026000 08:01 1316671                    /lib/x86_64-linux-gnu/ld-2.23.so
7f24c7f59000-7f24c7f5a000 rw-p 00000000 00:00 0 
7ffc491b8000-7ffc491d9000 rw-p 00000000 00:00 0                          [stack]
7ffc491e8000-7ffc491eb000 r--p 00000000 00:00 0                          [vvar]
7ffc491eb000-7ffc491ed000 r-xp 00000000 00:00 0                          [vdso]
ffffffffff600000-ffffffffff601000 r-xp 00000000 00:00 0                  [vsyscall]

VM Arguments:
jvm_args: -Xmx1536m -Dfile.encoding=UTF-8 -Duser.country=US -Duser.language=en -Duser.variant 
java_command: org.gradle.launcher.daemon.bootstrap.GradleDaemon 4.1
java_class_path (initial): /home/yx/.gradle/wrapper/dists/gradle-4.1-all/bzyivzo6n839fup2jbap0tjew/gradle-4.1/lib/gradle-launcher-4.1.jar
Launcher Type: SUN_STANDARD

Environment Variables:
PATH=/home/yx/Android/Sdk/emulator:/home/yx/Android/Sdk/platform-tools:/home/yx/Android/Sdk/tools/bin:/home/yx/bin:/home/yx/.local/bin:/usr/local/sbin:/usr/local/bin:/usr/sbin:/usr/bin:/sbin:/bin:/usr/games:/usr/local/games:/snap/bin
LD_LIBRARY_PATH=/home/yx/android-studio/bin:/home/yx/android-studio/bin:.:
SHELL=/bin/bash
DISPLAY=:0

Signal Handlers:
SIGSEGV: [libjvm.so+0x9ebc60], sa_mask[0]=11111111011111111101111111111110, sa_flags=SA_RESTART|SA_SIGINFO
SIGBUS: [libjvm.so+0x9ebc60], sa_mask[0]=11111111011111111101111111111110, sa_flags=SA_RESTART|SA_SIGINFO
SIGFPE: [libjvm.so+0x84cf60], sa_mask[0]=11111111011111111101111111111110, sa_flags=SA_RESTART|SA_SIGINFO
SIGPIPE: [libjvm.so+0x84cf60], sa_mask[0]=11111111011111111101111111111110, sa_flags=SA_RESTART|SA_SIGINFO
SIGXFSZ: [libjvm.so+0x84cf60], sa_mask[0]=11111111011111111101111111111110, sa_flags=SA_RESTART|SA_SIGINFO
SIGILL: [libjvm.so+0x84cf60], sa_mask[0]=11111111011111111101111111111110, sa_flags=SA_RESTART|SA_SIGINFO
SIGUSR1: SIG_DFL, sa_mask[0]=00000000000000000000000000000000, sa_flags=none
SIGUSR2: [libjvm.so+0x84ce30], sa_mask[0]=00100000000000000000000000000000, sa_flags=SA_RESTART|SA_SIGINFO
SIGHUP: SIG_IGN, sa_mask[0]=00000000000000000000000000000000, sa_flags=none
SIGINT: [libjvm.so+0x84d020], sa_mask[0]=11111111011111111101111111111110, sa_flags=SA_RESTART|SA_SIGINFO
SIGTERM: [libjvm.so+0x84d020], sa_mask[0]=11111111011111111101111111111110, sa_flags=SA_RESTART|SA_SIGINFO
SIGQUIT: [libjvm.so+0x84d020], sa_mask[0]=11111111011111111101111111111110, sa_flags=SA_RESTART|SA_SIGINFO


---------------  S Y S T E M  ---------------

OS:DISTRIB_ID=Ubuntu
DISTRIB_RELEASE=16.04
DISTRIB_CODENAME=xenial
DISTRIB_DESCRIPTION="Ubuntu 16.04.7 LTS"

uname:Linux 4.15.0-112-generic #113~16.04.1-Ubuntu SMP Fri Jul 10 04:37:08 UTC 2020 x86_64
libc:glibc 2.23 NPTL 2.23 
rlimit: STACK 8192k, CORE 0k, NPROC 15448, NOFILE 1048576, AS infinity
load average:10.52 6.96 4.65

/proc/meminfo:
MemTotal:        4015908 kB
MemFree:           96244 kB
MemAvailable:          0 kB
Buffers:             416 kB
Cached:            13316 kB
SwapCached:          268 kB
Active:          2670552 kB
Inactive:         540692 kB
Active(anon):    2666040 kB
Inactive(anon):   533720 kB
Active(file):       4512 kB
Inactive(file):     6972 kB
Unevictable:          48 kB
Mlocked:              48 kB
SwapTotal:        998396 kB
SwapFree:              0 kB
Dirty:               168 kB
Writeback:           108 kB
AnonPages:       3197396 kB
Mapped:             9676 kB
Shmem:              2120 kB
Slab:             101260 kB
SReclaimable:      36300 kB
SUnreclaim:        64960 kB
KernelStack:       14560 kB
PageTables:        45104 kB
NFS_Unstable:          0 kB
Bounce:                0 kB
WritebackTmp:          0 kB
CommitLimit:     3006348 kB
Committed_AS:    9754372 kB
VmallocTotal:   34359738367 kB
VmallocUsed:           0 kB
VmallocChunk:          0 kB
HardwareCorrupted:     0 kB
AnonHugePages:   1118208 kB
ShmemHugePages:        0 kB
ShmemPmdMapped:        0 kB
CmaTotal:              0 kB
CmaFree:               0 kB
HugePages_Total:       0
HugePages_Free:        0
HugePages_Rsvd:        0
HugePages_Surp:        0
Hugepagesize:       2048 kB
DirectMap4k:      112448 kB
DirectMap2M:     4081664 kB
DirectMap1G:     2097152 kB


CPU:total 2 (initial active 2) (1 cores per cpu, 1 threads per core) family 6 model 151 stepping 2, cmov, cx8, fxsr, mmx, sse, sse2, sse3, ssse3, sse4.1, sse4.2, popcnt, avx, avx2, aes, clmul, erms, 3dnowpref, lzcnt, tsc, tscinvbit, bmi1, bmi2, adx

/proc/cpuinfo:
processor	: 0
vendor_id	: GenuineIntel
cpu family	: 6
model		: 151
model name	: 12th Gen Intel(R) Core(TM) i5-12490F
stepping	: 2
microcode	: 0x25
cpu MHz		: 2995.202
cache size	: 20480 KB
physical id	: 0
siblings	: 1
core id		: 0
cpu cores	: 1
apicid		: 0
initial apicid	: 0
fpu		: yes
fpu_exception	: yes
cpuid level	: 32
wp		: yes
flags		: fpu vme de pse tsc msr pae mce cx8 apic sep mtrr pge mca cmov pat pse36 clflush mmx fxsr sse sse2 ss syscall nx pdpe1gb rdtscp lm constant_tsc arch_perfmon rep_good nopl xtopology tsc_reliable nonstop_tsc cpuid pni pclmulqdq vmx ssse3 fma cx16 pcid sse4_1 sse4_2 x2apic movbe popcnt tsc_deadline_timer aes xsave avx f16c rdrand hypervisor lahf_lm abm 3dnowprefetch invpcid_single ssbd ibrs ibpb stibp ibrs_enhanced tpr_shadow vnmi ept vpid fsgsbase tsc_adjust bmi1 avx2 smep bmi2 erms invpcid rdseed adx smap clflushopt clwb sha_ni xsaveopt xsavec xgetbv1 xsaves arat umip pku ospke gfni vaes vpclmulqdq rdpid md_clear flush_l1d arch_capabilities
bugs		: spectre_v1 spectre_v2 spec_store_bypass swapgs itlb_multihit
bogomips	: 5990.40
clflush size	: 64
cache_alignment	: 64
address sizes	: 45 bits physical, 48 bits virtual
power management:

processor	: 1
vendor_id	: GenuineIntel
cpu family	: 6
model		: 151
model name	: 12th Gen Intel(R) Core(TM) i5-12490F
stepping	: 2
microcode	: 0x25
cpu MHz		: 2995.202
cache size	: 20480 KB
physical id	: 2
siblings	: 1
core id		: 0
cpu cores	: 1
apicid		: 2
initial apicid	: 2
fpu		: yes
fpu_exception	: yes
cpuid level	: 32
wp		: yes
flags		: fpu vme de pse tsc msr pae mce cx8 apic sep mtrr pge mca cmov pat pse36 clflush mmx fxsr sse sse2 ss syscall nx pdpe1gb rdtscp lm constant_tsc arch_perfmon rep_good nopl xtopology tsc_reliable nonstop_tsc cpuid pni pclmulqdq vmx ssse3 fma cx16 pcid sse4_1 sse4_2 x2apic movbe popcnt tsc_deadline_timer aes xsave avx f16c rdrand hypervisor lahf_lm abm 3dnowprefetch invpcid_single ssbd ibrs ibpb stibp ibrs_enhanced tpr_shadow vnmi ept vpid fsgsbase tsc_adjust bmi1 avx2 smep bmi2 erms invpcid rdseed adx smap clflushopt clwb sha_ni xsaveopt xsavec xgetbv1 xsaves arat umip pku ospke gfni vaes vpclmulqdq rdpid md_clear flush_l1d arch_capabilities
bugs		: spectre_v1 spectre_v2 spec_store_bypass swapgs itlb_multihit
bogomips	: 5990.40
clflush size	: 64
cache_alignment	: 64
address sizes	: 45 bits physical, 48 bits virtual
power management:



Memory: 4k page, physical 4015908k(96244k free), swap 998396k(0k free)

vm_info: OpenJDK 64-Bit Server VM (25.152-b01) for linux-amd64 JRE (1.8.0_152-release-915-b01), built by "builder" with gcc 4.8.4

time: Sat Dec 21 09:29:26 2024
elapsed time: 240 seconds (0d 0h 4m 0s)

