#
# There is insufficient memory for the Java Runtime Environment to continue.
# Native memory allocation (mmap) failed to map 96468992 bytes for committing reserved memory.
# Possible reasons:
#   The system is out of physical RAM or swap space
#   In 32 bit mode, the process size limit was hit
# Possible solutions:
#   Reduce memory load on the system
#   Increase physical memory or swap space
#   Check if swap backing store is full
#   Use 64 bit Java on a 64 bit OS
#   Decrease Java heap size (-Xmx/-Xms)
#   Decrease number of Java threads
#   Decrease Java thread stack sizes (-Xss)
#   Set larger code cache with -XX:ReservedCodeCacheSize=
# This output file may be truncated or incomplete.
#
#  Out of Memory Error (os_linux.cpp:2640), pid=9802, tid=0x00007f57c1afa700
#
# JRE version: OpenJDK Runtime Environment (8.0_152-b01) (build 1.8.0_152-release-915-b01)
# Java VM: OpenJDK 64-Bit Server VM (25.152-b01 mixed mode linux-amd64 compressed oops)
# Failed to write core dump. Core dumps have been disabled. To enable core dumping, try "ulimit -c unlimited" before starting Java again
#

---------------  T H R E A D  ---------------

Current thread (0x00007f57d4074000):  VMThread [stack: 0x00007f57c19fa000,0x00007f57c1afb000] [id=9808]

Stack: [0x00007f57c19fa000,0x00007f57c1afb000],  sp=0x00007f57c1af94a0,  free space=1021k
Native frames: (J=compiled Java code, j=interpreted, Vv=VM code, C=native code)
V  [libjvm.so+0x9eb15d]  VMError::report_and_die()+0x15d
V  [libjvm.so+0x4b8eaa]  report_vm_out_of_memory(char const*, int, unsigned long, VMErrorType, char const*)+0x8a
V  [libjvm.so+0x851370]  os::pd_commit_memory(char*, unsigned long, unsigned long, bool)+0xf0
V  [libjvm.so+0x84be8f]  os::commit_memory(char*, unsigned long, unsigned long, bool)+0x1f
V  [libjvm.so+0x8c261b]  PSVirtualSpace::expand_by(unsigned long)+0x5b
V  [libjvm.so+0x8c3290]  PSYoungGen::resize_generation(unsigned long, unsigned long)+0xb0
V  [libjvm.so+0x8c35ab]  PSYoungGen::resize(unsigned long, unsigned long)+0x1b
V  [libjvm.so+0x8bfc9c]  PSScavenge::invoke_no_policy()+0xdac
V  [libjvm.so+0x8b97a0]  PSParallelCompact::invoke(bool)+0x40
V  [libjvm.so+0x448a93]  CollectedHeap::collect_as_vm_thread(GCCause::Cause)+0x143
V  [libjvm.so+0x9ec5a1]  VM_CollectForMetadataAllocation::doit()+0x141
V  [libjvm.so+0x9f1197]  VM_Operation::evaluate()+0x47
V  [libjvm.so+0x9efb78]  VMThread::evaluate_operation(VM_Operation*)+0x2c8
V  [libjvm.so+0x9efff9]  VMThread::loop()+0x219
V  [libjvm.so+0x9f0442]  VMThread::run()+0x72
V  [libjvm.so+0x84e792]  java_start(Thread*)+0xf2

VM_Operation (0x00007f5787df5e00): CollectForMetadataAllocation, mode: safepoint, requested by thread 0x00007f578c007000


---------------  P R O C E S S  ---------------

Java Threads: ( => current thread )
  0x00007f57bc046000 JavaThread "process reaper" daemon [_thread_blocked, id=9843, stack(0x00007f57847b8000,0x00007f57847f1000)]
  0x00007f57b4034000 JavaThread "process reaper" daemon [_thread_blocked, id=9842, stack(0x00007f57847f1000,0x00007f578482a000)]
  0x00007f5780e6e800 JavaThread "Memory manager" [_thread_blocked, id=9832, stack(0x00007f5785a43000,0x00007f5785b44000)]
  0x00007f578061a000 JavaThread "build operations Thread 2" [_thread_blocked, id=9831, stack(0x00007f5786420000,0x00007f5786521000)]
  0x00007f5780617800 JavaThread "build operations" [_thread_blocked, id=9830, stack(0x00007f5786521000,0x00007f5786622000)]
  0x00007f5780aad000 JavaThread "Cache worker for Artifact transforms cache (/home/yx/.gradle/caches/transforms-1)" [_thread_blocked, id=9829, stack(0x00007f5786622000,0x00007f5786723000)]
  0x00007f5780269800 JavaThread "Cache worker for file hash cache (/home/yx/cse586/GroupMessenger2/.gradle/4.1/fileHashes)" [_thread_blocked, id=9828, stack(0x00007f57875f8000,0x00007f57876f9000)]
  0x00007f578017e800 JavaThread "File lock request listener" [_thread_in_native, id=9827, stack(0x00007f57876f9000,0x00007f57877fa000)]
  0x00007f5780182000 JavaThread "Cache worker for file hash cache (/home/yx/.gradle/caches/4.1/fileHashes)" [_thread_blocked, id=9826, stack(0x00007f57877fa000,0x00007f57878fb000)]
  0x00007f578002f800 JavaThread "Stdin handler" [_thread_blocked, id=9825, stack(0x00007f5787afb000,0x00007f5787bfc000)]
  0x00007f5780032000 JavaThread "Asynchronous log dispatcher for DefaultDaemonConnection: socket connection from /127.0.0.1:45039 to /127.0.0.1:33106" [_thread_blocked, id=9824, stack(0x00007f5787bfc000,0x00007f5787cfd000)]
  0x00007f578c007000 JavaThread "Daemon worker" [_thread_blocked, id=9821, stack(0x00007f5787cfd000,0x00007f5787dfe000)]
  0x00007f578c004000 JavaThread "Cancel handler" [_thread_blocked, id=9820, stack(0x00007f5787dfe000,0x00007f5787eff000)]
  0x00007f578c005800 JavaThread "Handler for socket connection from /127.0.0.1:45039 to /127.0.0.1:33106" [_thread_in_native, id=9819, stack(0x00007f5787eff000,0x00007f5788000000)]
  0x00007f5790044000 JavaThread "Daemon" [_thread_blocked, id=9818, stack(0x00007f57980bd000,0x00007f57981be000)]
  0x00007f57d4cda000 JavaThread "Daemon periodic checks" [_thread_blocked, id=9817, stack(0x00007f57981be000,0x00007f57982bf000)]
  0x00007f57d4cba800 JavaThread "Incoming local TCP Connector on port 45039" [_thread_in_native, id=9816, stack(0x00007f57982c6000,0x00007f57983c7000)]
  0x00007f57d40ba800 JavaThread "Service Thread" daemon [_thread_blocked, id=9814, stack(0x00007f57c0a35000,0x00007f57c0b36000)]
  0x00007f57d40b7800 JavaThread "C1 CompilerThread1" daemon [_thread_blocked, id=9813, stack(0x00007f57c0b36000,0x00007f57c0c37000)]
  0x00007f57d40b4800 JavaThread "C2 CompilerThread0" daemon [_thread_blocked, id=9812, stack(0x00007f57c0c37000,0x00007f57c0d38000)]
  0x00007f57d40b3800 JavaThread "Signal Dispatcher" daemon [_thread_blocked, id=9811, stack(0x00007f57c0d38000,0x00007f57c0e39000)]
  0x00007f57d4080000 JavaThread "Finalizer" daemon [_thread_blocked, id=9810, stack(0x00007f57c17f8000,0x00007f57c18f9000)]
  0x00007f57d407b800 JavaThread "Reference Handler" daemon [_thread_blocked, id=9809, stack(0x00007f57c18f9000,0x00007f57c19fa000)]
  0x00007f57d400a800 JavaThread "main" [_thread_blocked, id=9805, stack(0x00007f57dcaa4000,0x00007f57dcba5000)]

Other Threads:
=>0x00007f57d4074000 VMThread [stack: 0x00007f57c19fa000,0x00007f57c1afb000] [id=9808]
  0x00007f57d40bd000 WatcherThread [stack: 0x00007f57c0934000,0x00007f57c0a35000] [id=9815]

VM state:at safepoint (normal execution)

VM Mutex/Monitor currently owned by a thread:  ([mutex/lock_event])
[0x00007f57d4006e40] Threads_lock - owner thread: 0x00007f57d4074000
[0x00007f57d4007340] Heap_lock - owner thread: 0x00007f578c007000

Heap:
 PSYoungGen      total 195584K, used 13802K [0x00000000e0000000, 0x00000000ecc80000, 0x0000000100000000)
  eden space 181760K, 0% used [0x00000000e0000000,0x00000000e0000000,0x00000000eb180000)
  from space 13824K, 99% used [0x00000000eb180000,0x00000000ebefaa38,0x00000000ebf00000)
  to   space 11264K, 0% used [0x00000000ec080000,0x00000000ec080000,0x00000000ecb80000)
 ParOldGen       total 41984K, used 30026K [0x00000000a0000000, 0x00000000a2900000, 0x00000000e0000000)
  object space 41984K, 71% used [0x00000000a0000000,0x00000000a1d52a48,0x00000000a2900000)
 Metaspace       used 56952K, capacity 58892K, committed 59028K, reserved 1099776K
  class space    used 7642K, capacity 8078K, committed 8192K, reserved 1048576K

Card table byte_map: [0x00007f57d9629000,0x00007f57d992a000] byte_map_base: 0x00007f57d9129000

Marking Bits: (ParMarkBitMap*) 0x00007f57dbf6d3e0
 Begin Bits: [0x00007f57c2000000, 0x00007f57c3800000)
 End Bits:   [0x00007f57c3800000, 0x00007f57c5000000)

Polling page: 0x00007f57dcbc1000

CodeCache: size=245760Kb used=16324Kb max_used=16336Kb free=229435Kb
 bounds [0x00007f57c5000000, 0x00007f57c6010000, 0x00007f57d4000000]
 total_blobs=6438 nmethods=5652 adapters=699
 compilation: enabled

Compilation events (10 events):
Event: 36.081 Thread 0x00007f57d40b7800 nmethod 6540 0x00007f57c5fe8a50 code [0x00007f57c5fe8bc0, 0x00007f57c5fe8e48]
Event: 36.081 Thread 0x00007f57d40b7800 6545       3       java.lang.Long::toString (8 bytes)
Event: 36.081 Thread 0x00007f57d40b7800 nmethod 6545 0x00007f57c5ff5c50 code [0x00007f57c5ff5dc0, 0x00007f57c5ff5f48]
Event: 36.113 Thread 0x00007f57d40b4800 nmethod 6534 0x00007f57c5ffee90 code [0x00007f57c5fff120, 0x00007f57c6000790]
Event: 36.117 Thread 0x00007f57d40b4800 6533       4       java.lang.AbstractStringBuilder::append (54 bytes)
Event: 36.131 Thread 0x00007f57d40b4800 nmethod 6533 0x00007f57c5ffc310 code [0x00007f57c5ffc4e0, 0x00007f57c5ffcae8]
Event: 36.131 Thread 0x00007f57d40b4800 6544       4       java.io.Writer::write (11 bytes)
Event: 36.163 Thread 0x00007f57d40b4800 nmethod 6544 0x00007f57c5ffe150 code [0x00007f57c5ffe2e0, 0x00007f57c5ffe9a8]
Event: 36.163 Thread 0x00007f57d40b4800 6546   !   4       java.util.zip.ZipFile$ZipFileInflaterInputStream::close (67 bytes)
Event: 36.177 Thread 0x00007f57d40b4800 nmethod 6546 0x00007f57c5ffd290 code [0x00007f57c5ffd460, 0x00007f57c5ffdb40]

GC Heap History (10 events):
Event: 3.972 GC heap after
Heap after GC invocations=8 (full 1):
 PSYoungGen      total 71168K, used 0K [0x00000000e0000000, 0x00000000e8b00000, 0x0000000100000000)
  eden space 62464K, 0% used [0x00000000e0000000,0x00000000e0000000,0x00000000e3d00000)
  from space 8704K, 0% used [0x00000000e3d00000,0x00000000e3d00000,0x00000000e4580000)
  to   space 8704K, 0% used [0x00000000e8280000,0x00000000e8280000,0x00000000e8b00000)
 ParOldGen       total 31232K, used 9890K [0x00000000a0000000, 0x00000000a1e80000, 0x00000000e0000000)
  object space 31232K, 31% used [0x00000000a0000000,0x00000000a09a8a70,0x00000000a1e80000)
 Metaspace       used 20759K, capacity 21090K, committed 21248K, reserved 1067008K
  class space    used 2862K, capacity 3016K, committed 3072K, reserved 1048576K
}
Event: 4.868 GC heap before
{Heap before GC invocations=9 (full 1):
 PSYoungGen      total 71168K, used 62464K [0x00000000e0000000, 0x00000000e8b00000, 0x0000000100000000)
  eden space 62464K, 100% used [0x00000000e0000000,0x00000000e3d00000,0x00000000e3d00000)
  from space 8704K, 0% used [0x00000000e3d00000,0x00000000e3d00000,0x00000000e4580000)
  to   space 8704K, 0% used [0x00000000e8280000,0x00000000e8280000,0x00000000e8b00000)
 ParOldGen       total 31232K, used 9890K [0x00000000a0000000, 0x00000000a1e80000, 0x00000000e0000000)
  object space 31232K, 31% used [0x00000000a0000000,0x00000000a09a8a70,0x00000000a1e80000)
 Metaspace       used 25779K, capacity 26276K, committed 26496K, reserved 1073152K
  class space    used 3526K, capacity 3689K, committed 3712K, reserved 1048576K
Event: 4.884 GC heap after
Heap after GC invocations=9 (full 1):
 PSYoungGen      total 127488K, used 6697K [0x00000000e0000000, 0x00000000e8980000, 0x0000000100000000)
  eden space 120320K, 0% used [0x00000000e0000000,0x00000000e0000000,0x00000000e7580000)
  from space 7168K, 93% used [0x00000000e8280000,0x00000000e890a658,0x00000000e8980000)
  to   space 9216K, 0% used [0x00000000e7780000,0x00000000e7780000,0x00000000e8080000)
 ParOldGen       total 31232K, used 9890K [0x00000000a0000000, 0x00000000a1e80000, 0x00000000e0000000)
  object space 31232K, 31% used [0x00000000a0000000,0x00000000a09a8a70,0x00000000a1e80000)
 Metaspace       used 25779K, capacity 26276K, committed 26496K, reserved 1073152K
  class space    used 3526K, capacity 3689K, committed 3712K, reserved 1048576K
}
Event: 7.573 GC heap before
{Heap before GC invocations=10 (full 1):
 PSYoungGen      total 127488K, used 121762K [0x00000000e0000000, 0x00000000e8980000, 0x0000000100000000)
  eden space 120320K, 95% used [0x00000000e0000000,0x00000000e705e2b0,0x00000000e7580000)
  from space 7168K, 93% used [0x00000000e8280000,0x00000000e890a658,0x00000000e8980000)
  to   space 9216K, 0% used [0x00000000e7780000,0x00000000e7780000,0x00000000e8080000)
 ParOldGen       total 31232K, used 9890K [0x00000000a0000000, 0x00000000a1e80000, 0x00000000e0000000)
  object space 31232K, 31% used [0x00000000a0000000,0x00000000a09a8a70,0x00000000a1e80000)
 Metaspace       used 34626K, capacity 35206K, committed 35416K, reserved 1079296K
  class space    used 4689K, capacity 4906K, committed 4992K, reserved 1048576K
Event: 7.591 GC heap after
Heap after GC invocations=10 (full 1):
 PSYoungGen      total 131584K, used 9199K [0x00000000e0000000, 0x00000000ecb80000, 0x0000000100000000)
  eden space 122368K, 0% used [0x00000000e0000000,0x00000000e0000000,0x00000000e7780000)
  from space 9216K, 99% used [0x00000000e7780000,0x00000000e807bc50,0x00000000e8080000)
  to   space 11264K, 0% used [0x00000000ec080000,0x00000000ec080000,0x00000000ecb80000)
 ParOldGen       total 31232K, used 12286K [0x00000000a0000000, 0x00000000a1e80000, 0x00000000e0000000)
  object space 31232K, 39% used [0x00000000a0000000,0x00000000a0bff9c0,0x00000000a1e80000)
 Metaspace       used 34626K, capacity 35206K, committed 35416K, reserved 1079296K
  class space    used 4689K, capacity 4906K, committed 4992K, reserved 1048576K
}
Event: 7.591 GC heap before
{Heap before GC invocations=11 (full 2):
 PSYoungGen      total 131584K, used 9199K [0x00000000e0000000, 0x00000000ecb80000, 0x0000000100000000)
  eden space 122368K, 0% used [0x00000000e0000000,0x00000000e0000000,0x00000000e7780000)
  from space 9216K, 99% used [0x00000000e7780000,0x00000000e807bc50,0x00000000e8080000)
  to   space 11264K, 0% used [0x00000000ec080000,0x00000000ec080000,0x00000000ecb80000)
 ParOldGen       total 31232K, used 12286K [0x00000000a0000000, 0x00000000a1e80000, 0x00000000e0000000)
  object space 31232K, 39% used [0x00000000a0000000,0x00000000a0bff9c0,0x00000000a1e80000)
 Metaspace       used 34626K, capacity 35206K, committed 35416K, reserved 1079296K
  class space    used 4689K, capacity 4906K, committed 4992K, reserved 1048576K
Event: 7.702 GC heap after
Heap after GC invocations=11 (full 2):
 PSYoungGen      total 131584K, used 0K [0x00000000e0000000, 0x00000000ecb80000, 0x0000000100000000)
  eden space 122368K, 0% used [0x00000000e0000000,0x00000000e0000000,0x00000000e7780000)
  from space 9216K, 0% used [0x00000000e7780000,0x00000000e7780000,0x00000000e8080000)
  to   space 11264K, 0% used [0x00000000ec080000,0x00000000ec080000,0x00000000ecb80000)
 ParOldGen       total 41984K, used 17830K [0x00000000a0000000, 0x00000000a2900000, 0x00000000e0000000)
  object space 41984K, 42% used [0x00000000a0000000,0x00000000a1169860,0x00000000a2900000)
 Metaspace       used 34626K, capacity 35206K, committed 35416K, reserved 1079296K
  class space    used 4689K, capacity 4906K, committed 4992K, reserved 1048576K
}
Event: 15.646 GC heap before
{Heap before GC invocations=12 (full 2):
 PSYoungGen      total 131584K, used 122368K [0x00000000e0000000, 0x00000000ecb80000, 0x0000000100000000)
  eden space 122368K, 100% used [0x00000000e0000000,0x00000000e7780000,0x00000000e7780000)
  from space 9216K, 0% used [0x00000000e7780000,0x00000000e7780000,0x00000000e8080000)
  to   space 11264K, 0% used [0x00000000ec080000,0x00000000ec080000,0x00000000ecb80000)
 ParOldGen       total 41984K, used 17830K [0x00000000a0000000, 0x00000000a2900000, 0x00000000e0000000)
  object space 41984K, 42% used [0x00000000a0000000,0x00000000a1169860,0x00000000a2900000)
 Metaspace       used 45426K, capacity 46242K, committed 46552K, reserved 1089536K
  class space    used 6089K, capacity 6371K, committed 6400K, reserved 1048576K
Event: 15.703 GC heap after
Heap after GC invocations=12 (full 2):
 PSYoungGen      total 193024K, used 11242K [0x00000000e0000000, 0x00000000ecc80000, 0x0000000100000000)
  eden space 181760K, 0% used [0x00000000e0000000,0x00000000e0000000,0x00000000eb180000)
  from space 11264K, 99% used [0x00000000ec080000,0x00000000ecb7aa48,0x00000000ecb80000)
  to   space 13824K, 0% used [0x00000000eb180000,0x00000000eb180000,0x00000000ebf00000)
 ParOldGen       total 41984K, used 20329K [0x00000000a0000000, 0x00000000a2900000, 0x00000000e0000000)
  object space 41984K, 48% used [0x00000000a0000000,0x00000000a13da698,0x00000000a2900000)
 Metaspace       used 45426K, capacity 46242K, committed 46552K, reserved 1089536K
  class space    used 6089K, capacity 6371K, committed 6400K, reserved 1048576K
}
Event: 36.179 GC heap before
{Heap before GC invocations=13 (full 2):
 PSYoungGen      total 193024K, used 161833K [0x00000000e0000000, 0x00000000ecc80000, 0x0000000100000000)
  eden space 181760K, 82% used [0x00000000e0000000,0x00000000e930fda0,0x00000000eb180000)
  from space 11264K, 99% used [0x00000000ec080000,0x00000000ecb7aa48,0x00000000ecb80000)
  to   space 13824K, 0% used [0x00000000eb180000,0x00000000eb180000,0x00000000ebf00000)
 ParOldGen       total 41984K, used 20329K [0x00000000a0000000, 0x00000000a2900000, 0x00000000e0000000)
  object space 41984K, 48% used [0x00000000a0000000,0x00000000a13da698,0x00000000a2900000)
 Metaspace       used 56952K, capacity 58892K, committed 59028K, reserved 1099776K
  class space    used 7642K, capacity 8078K, committed 8192K, reserved 1048576K

Deoptimization events (10 events):
Event: 30.351 Thread 0x00007f5780a5d000 Uncommon trap: reason=class_check action=maybe_recompile pc=0x00007f57c59a4724 method=java.io.ObjectOutputStream$BlockDataOutputStream.drain()V @ 36
Event: 30.351 Thread 0x00007f5780a5d000 Uncommon trap: reason=class_check action=maybe_recompile pc=0x00007f57c59a4724 method=java.io.ObjectOutputStream$BlockDataOutputStream.drain()V @ 36
Event: 33.130 Thread 0x00007f5780a5d000 Uncommon trap: reason=class_check action=maybe_recompile pc=0x00007f57c5cbe0a8 method=java.lang.AbstractStringBuilder.append(Ljava/lang/CharSequence;II)Ljava/lang/AbstractStringBuilder; @ 18
Event: 33.343 Thread 0x00007f578c007000 Uncommon trap: reason=unstable_if action=reinterpret pc=0x00007f57c5ee78d8 method=java.lang.Integer.getChars(II[C)V @ 7
Event: 34.608 Thread 0x00007f578c007000 Uncommon trap: reason=class_check action=maybe_recompile pc=0x00007f57c5cbe0a8 method=java.lang.AbstractStringBuilder.append(Ljava/lang/CharSequence;II)Ljava/lang/AbstractStringBuilder; @ 18
Event: 34.863 Thread 0x00007f578c007000 Uncommon trap: reason=bimorphic action=maybe_recompile pc=0x00007f57c5132b2c method=java.io.ObjectOutputStream$BlockDataOutputStream.drain()V @ 36
Event: 34.863 Thread 0x00007f578c007000 Uncommon trap: reason=bimorphic action=maybe_recompile pc=0x00007f57c5132b2c method=java.io.ObjectOutputStream$BlockDataOutputStream.drain()V @ 36
Event: 34.928 Thread 0x00007f578010e800 Uncommon trap: reason=class_check action=maybe_recompile pc=0x00007f57c59c4e58 method=java.util.concurrent.locks.ReentrantLock.lock()V @ 4
Event: 35.750 Thread 0x00007f578c007000 Uncommon trap: reason=unstable_if action=reinterpret pc=0x00007f57c5848cd8 method=sun.nio.cs.UTF_8$Encoder.encodeArrayLoop(Ljava/nio/CharBuffer;Ljava/nio/ByteBuffer;)Ljava/nio/charset/CoderResult; @ 113
Event: 36.081 Thread 0x00007f578c007000 Uncommon trap: reason=unstable_if action=reinterpret pc=0x00007f57c5867544 method=java.nio.Buffer.limit(I)Ljava/nio/Buffer; @ 33

Classes redefined (0 events):
No events

Internal exceptions (10 events):
Event: 30.999 Thread 0x00007f57b80a0800 Exception <a 'java/lang/NoSuchMethodError': java.lang.Object.lambda$negate$1(Ljava/lang/Object;)Z> (0x00000000e7555820) thrown at [/ssd/Android/AOSP-openjdk-git/jdk8u/hotspot/src/share/vm/interpreter/linkResolver.cpp, line 584]
Event: 32.866 Thread 0x00007f578c007000 Exception <a 'sun/nio/fs/UnixException'> (0x00000000e5c2ff00) thrown at [/ssd/Android/AOSP-openjdk-git/jdk8u/hotspot/src/share/vm/prims/jni.cpp, line 709]
Event: 32.866 Thread 0x00007f578c007000 Exception <a 'sun/nio/fs/UnixException'> (0x00000000e5c316a0) thrown at [/ssd/Android/AOSP-openjdk-git/jdk8u/hotspot/src/share/vm/prims/jni.cpp, line 709]
Event: 33.079 Thread 0x00007f5780e6e800 Exception <a 'java/io/IOException'> (0x00000000e23a8560) thrown at [/ssd/Android/AOSP-openjdk-git/jdk8u/hotspot/src/share/vm/prims/jni.cpp, line 709]
Event: 33.230 Thread 0x00007f578c007000 Exception <a 'sun/nio/fs/UnixException'> (0x00000000e5c68a10) thrown at [/ssd/Android/AOSP-openjdk-git/jdk8u/hotspot/src/share/vm/prims/jni.cpp, line 709]
Event: 33.230 Thread 0x00007f578c007000 Exception <a 'sun/nio/fs/UnixException'> (0x00000000e5c6a1b8) thrown at [/ssd/Android/AOSP-openjdk-git/jdk8u/hotspot/src/share/vm/prims/jni.cpp, line 709]
Event: 33.230 Thread 0x00007f578c007000 Exception <a 'sun/nio/fs/UnixException'> (0x00000000e5c6b990) thrown at [/ssd/Android/AOSP-openjdk-git/jdk8u/hotspot/src/share/vm/prims/jni.cpp, line 709]
Event: 33.230 Thread 0x00007f578c007000 Exception <a 'sun/nio/fs/UnixException'> (0x00000000e5c6ce70) thrown at [/ssd/Android/AOSP-openjdk-git/jdk8u/hotspot/src/share/vm/prims/jni.cpp, line 709]
Event: 34.651 Thread 0x00007f578c007000 Exception <a 'sun/nio/fs/UnixException'> (0x00000000e7ec5ec0) thrown at [/ssd/Android/AOSP-openjdk-git/jdk8u/hotspot/src/share/vm/prims/jni.cpp, line 709]
Event: 35.099 Thread 0x00007f578c007000 Exception <a 'sun/nio/fs/UnixException'> (0x00000000e86b29d8) thrown at [/ssd/Android/AOSP-openjdk-git/jdk8u/hotspot/src/share/vm/prims/jni.cpp, line 709]

Events (10 events):
Event: 36.144 loading class com/google/wireless/android/sdk/stats/MetaMetrics done
Event: 36.148 loading class com/google/wireless/android/sdk/stats/EmulatorDetails
Event: 36.148 loading class com/google/wireless/android/sdk/stats/EmulatorDetails done
Event: 36.167 loading class com/google/wireless/android/sdk/stats/TestRun
Event: 36.167 loading class com/google/wireless/android/sdk/stats/TestRun done
Event: 36.169 loading class com/google/wireless/android/sdk/stats/EmulatorUiEvent
Event: 36.169 loading class com/google/wireless/android/sdk/stats/EmulatorUiEvent done
Event: 36.176 loading class com/google/wireless/android/sdk/stats/Hypervisor
Event: 36.176 loading class com/google/wireless/android/sdk/stats/Hypervisor done
Event: 36.179 Executing VM operation: CollectForMetadataAllocation


Dynamic libraries:
00400000-00401000 r-xp 00000000 08:01 4981087                            /home/yx/android-studio/jre/bin/java
00600000-00601000 r--p 00000000 08:01 4981087                            /home/yx/android-studio/jre/bin/java
00601000-00602000 rw-p 00001000 08:01 4981087                            /home/yx/android-studio/jre/bin/java
008d7000-008f8000 rw-p 00000000 00:00 0                                  [heap]
a0000000-a2900000 rw-p 00000000 00:00 0 
a2900000-e0000000 ---p 00000000 00:00 0 
e0000000-ecc80000 rw-p 00000000 00:00 0 
f2880000-100000000 ---p 00000000 00:00 0 
100000000-100800000 rw-p 00000000 00:00 0 
100800000-140000000 ---p 00000000 00:00 0 
7f577fcff000-7f577feae000 rw-p 00000000 00:00 0 
7f577feae000-7f577ff02000 ---p 00000000 00:00 0 
7f577ff02000-7f5780000000 rw-p 00000000 00:00 0 
7f5780000000-7f57811e6000 rw-p 00000000 00:00 0 
7f57811e6000-7f5784000000 ---p 00000000 00:00 0 
7f57840b3000-7f57842b3000 rw-p 00000000 00:00 0 
7f57842b3000-7f57842b6000 ---p 00000000 00:00 0 
7f57842b6000-7f57843b4000 rw-p 00000000 00:00 0 
7f57843b4000-7f57843b7000 ---p 00000000 00:00 0 
7f57843b7000-7f57844b5000 rw-p 00000000 00:00 0 
7f57844b5000-7f57844b8000 ---p 00000000 00:00 0 
7f57844b8000-7f57845b6000 rw-p 00000000 00:00 0 
7f57845b6000-7f57845b9000 ---p 00000000 00:00 0 
7f57845b9000-7f57846b7000 rw-p 00000000 00:00 0 
7f57846b7000-7f57846ba000 ---p 00000000 00:00 0 
7f57846ba000-7f57847b8000 rw-p 00000000 00:00 0 
7f57847b8000-7f57847bb000 ---p 00000000 00:00 0 
7f57847bb000-7f57847f1000 rw-p 00000000 00:00 0 
7f57847f1000-7f57847f4000 ---p 00000000 00:00 0 
7f57847f4000-7f578482a000 rw-p 00000000 00:00 0 
7f578482a000-7f578482d000 ---p 00000000 00:00 0 
7f578482d000-7f578492b000 rw-p 00000000 00:00 0 
7f578492b000-7f578492e000 ---p 00000000 00:00 0 
7f578492e000-7f5784a2c000 rw-p 00000000 00:00 0 
7f5784a2c000-7f5784a2f000 ---p 00000000 00:00 0 
7f5784a2f000-7f5784b2d000 rw-p 00000000 00:00 0 
7f5784b2d000-7f5784b30000 ---p 00000000 00:00 0 
7f5784b30000-7f5784e2e000 rw-p 00000000 00:00 0 
7f5784e2e000-7f578502e000 rw-p 00000000 00:00 0 
7f578502e000-7f578522e000 rw-p 00000000 00:00 0 
7f578522e000-7f578542e000 rw-p 00000000 00:00 0 
7f578542e000-7f5785440000 r--s 00345000 08:01 4981015                    /home/yx/android-studio/jre/jre/lib/resources.jar
7f5785440000-7f5785640000 rw-p 00000000 00:00 0 
7f5785640000-7f5785840000 rw-p 00000000 00:00 0 
7f5785840000-7f5785843000 r--s 00015000 08:01 4980937                    /home/yx/android-studio/jre/jre/lib/jce.jar
7f5785843000-7f5785a43000 rw-p 00000000 00:00 0 
7f5785a43000-7f5785a46000 ---p 00000000 00:00 0 
7f5785a46000-7f5785d44000 rw-p 00000000 00:00 0 
7f5785d44000-7f5785f3a000 rw-p 00000000 00:00 0 
7f5785f3a000-7f5785f44000 ---p 00000000 00:00 0 
7f5785f44000-7f5785f4f000 r--s 00081000 08:01 2362796                    /home/yx/.gradle/caches/jars-3/fc6e889a0f45cc9752787eb60f920103/trove4j-20160824.jar
7f5785f4f000-7f5785fd2000 r--s 00758000 08:01 267711                     /home/yx/.gradle/caches/modules-2/files-2.1/com.android.tools.external.com-intellij/intellij-core/26.0.1/a373ed549821cb9a932b87c79792790f6d018727/intellij-core-26.0.1.jar
7f5785fd2000-7f5785fd8000 r--s 00033000 08:01 2362794                    /home/yx/.gradle/caches/jars-3/f96c897d327ea500d64fe3af2833bd50/commons-codec-1.6.jar
7f5785fd8000-7f5785fda000 r--s 0000d000 08:01 2234438                    /home/yx/.gradle/caches/jars-3/ccc849edcf9fccd61ed937bf93ffe896/commons-logging-1.1.1.jar
7f5785fda000-7f5785fe0000 r--s 00032000 08:01 2234436                    /home/yx/.gradle/caches/jars-3/72e344059d1923829968d0d38b0c3c72/httpcore-4.2.5.jar
7f5785fe0000-7f5785fe1000 r--s 00004000 08:01 2234434                    /home/yx/.gradle/caches/jars-3/3a4299d1ce3e273e7c03a9ccf5a1e333/annotations-12.0.jar
7f5785fe1000-7f5785fe2000 r--s 00000000 08:01 2234432                    /home/yx/.gradle/caches/jars-3/0e2fbc3b8c56d2975eca90c524790c13/animal-sniffer-annotations-1.14.jar
7f5785fe2000-7f5785fe4000 r--s 00001000 08:01 2234430                    /home/yx/.gradle/caches/jars-3/ad41f8f3ac67c0323ce9eb1c20c8dc3f/j2objc-annotations-1.1.jar
7f5785fe4000-7f5785fe5000 r--s 00002000 08:01 2234428                    /home/yx/.gradle/caches/jars-3/9edb0f46b907c34c4718edabde6c791c/error_prone_annotations-2.0.18.jar
7f5785fe5000-7f5785fe8000 r--s 00006000 08:01 2234426                    /home/yx/.gradle/caches/jars-3/b58a9bc3bbba42132e4abc0bacae8da1/jsr305-1.3.9.jar
7f5785fe8000-7f5785fe9000 r--s 0000a000 08:01 2234424                    /home/yx/.gradle/caches/jars-3/5b8b36ed61fe92731031cca3c9b3a0b3/kxml2-2.3.0.jar
7f5785fe9000-7f5785feb000 r--s 00005000 08:01 2234422                    /home/yx/.gradle/caches/jars-3/f10e1e1978816198f2eb1189c974b440/httpmime-4.1.jar
7f5785feb000-7f5785ff5000 r--s 00061000 08:01 2234420                    /home/yx/.gradle/caches/jars-3/bc4b2527f35dc983f759e8f85f3f8d52/httpclient-4.2.6.jar
7f5785ff5000-7f5785ffe000 r--s 00064000 08:01 2234418                    /home/yx/.gradle/caches/jars-3/fc37c717528c2a0d27f3e3621835f781/commons-compress-1.12.jar
7f5785ffe000-7f5786003000 r--s 0002e000 08:01 2234416                    /home/yx/.gradle/caches/jars-3/c5bcda7f6f4809e9c92270f99e51f154/gson-2.3.jar
7f5786003000-7f5786013000 r--s 000d6000 08:01 2234414                    /home/yx/.gradle/caches/jars-3/dbdb8caed2514263a34702cc763c6785/proguard-base-5.3.3.jar
7f5786013000-7f5786015000 r--s 00003000 08:01 2234412                    /home/yx/.gradle/caches/jars-3/01ab8600ebbfdcaf9b89b45c2b992e82/annotations-13.0.jar
7f5786015000-7f5786016000 r--s 00001000 08:01 267710                     /home/yx/.gradle/caches/modules-2/files-2.1/com.android.tools/annotations/26.0.1/29012758503f56c7dc0714eda494f7f140fd3db8/annotations-26.0.1.jar
7f5786016000-7f5786019000 r--s 00033000 08:01 2234410                    /home/yx/.gradle/caches/jars-3/0ce03714647bf7bd3c78634c20ddbf38/juniversalchardet-1.0.3.jar
7f5786019000-7f578601d000 r--s 0002a000 08:01 2234408                    /home/yx/.gradle/caches/jars-3/9849af6d4b0409ba64061601342f385d/commons-io-2.4.jar
7f578601d000-7f5786034000 r--s 00154000 08:01 2234406                    /home/yx/.gradle/caches/jars-3/57adf9abd30c921d4ea1dfdcfe7b9efd/antlr4-4.5.3.jar
7f5786034000-7f5786035000 r--s 00003000 08:01 267709                     /home/yx/.gradle/caches/modules-2/files-2.1/com.android.databinding/baseLibrary/3.0.1/cc0483d84342e82c261aeb5fd0ef2f876b587489/baseLibrary-3.0.1.jar
7f5786035000-7f5786065000 r--s 00245000 08:01 2234404                    /home/yx/.gradle/caches/jars-3/8e27cdebb49ba2f804f9403d90aaaac5/guava-22.0.jar
7f5786065000-7f578606d000 r--s 000a8000 08:01 2234402                    /home/yx/.gradle/caches/jars-3/6cc57ce9ec0d90186f781694264d61bc/lombok-ast-0.2.3.jar
7f578606d000-7f5786071000 r--s 0002f000 08:01 2234400                    /home/yx/.gradle/caches/jars-3/505fcc8c47da308b2f1262f0ff3c65f1/jimfs-1.1.jar
7f5786071000-7f5786084000 r--s 00241000 08:01 2234398                    /home/yx/.gradle/caches/jars-3/d8dc71eb6d91c966c45f7b594129e14a/ecj-4.6.1.jar
7f5786084000-7f57861a9000 r--s 00f5d000 08:01 2234394                    /home/yx/.gradle/caches/jars-3/dfd566a90e18a0aa75879c33e0731ab8/fastutil-7.2.0.jar
7f57861a9000-7f57861f4000 r--s 002ff000 08:01 2234392                    /home/yx/.gradle/caches/jars-3/d3d44e9a7fcb4a86fb40775c385dd3d0/bcprov-jdk15on-1.56.jar
7f57861f4000-7f5786205000 r--s 00097000 08:01 2234390                    /home/yx/.gradle/caches/jars-3/59ebb77d99c5ca0e24bb23272e0329dd/bcpkix-jdk15on-1.56.jar
7f5786205000-7f5786207000 r--s 00002000 08:01 2234388                    /home/yx/.gradle/caches/jars-3/f268e5e8fc83bb846ac355d6a16b1f30/javawriter-2.5.0.jar
7f5786207000-7f578620c000 r--s 0003b000 08:01 267708                     /home/yx/.gradle/caches/modules-2/files-2.1/com.android.tools.build/apksig/3.0.1/535b9323a1bd47e3a9c860d11f4e11a80db13f2b/apksig-3.0.1.jar
7f578620c000-7f578620f000 r--s 00024000 08:01 267707                     /home/yx/.gradle/caches/modules-2/files-2.1/com.android.tools/common/26.0.1/38e362a43a905b6745d609bea37faddb0c5bffab/common-26.0.1.jar
7f578620f000-7f5786211000 r--s 00006000 08:01 267706                     /home/yx/.gradle/caches/modules-2/files-2.1/com.android.tools/dvlib/26.0.1/46f3eeaf812811374b4ea2c49ad52687a7ff6a87/dvlib-26.0.1.jar
7f5786211000-7f5786220000 r--s 00130000 08:01 2234386                    /home/yx/.gradle/caches/jars-3/72ba1443c6adcea1f6ba21e12f0bb0fc/protobuf-java-3.0.0.jar
7f5786220000-7f5786420000 rw-p 00000000 00:00 0 
7f5786420000-7f5786423000 ---p 00000000 00:00 0 
7f5786423000-7f5786521000 rw-p 00000000 00:00 0 
7f5786521000-7f5786524000 ---p 00000000 00:00 0 
7f5786524000-7f5786622000 rw-p 00000000 00:00 0 
7f5786622000-7f5786625000 ---p 00000000 00:00 0 
7f5786625000-7f5786723000 rw-p 00000000 00:00 0 
7f5786723000-7f5786724000 r--s 00003000 08:01 2234396                    /home/yx/.gradle/caches/jars-3/fdb8f5ebd6a086c4818336712b830716/json-simple-1.1.jar
7f5786724000-7f5786727000 r--s 00014000 08:01 267704                     /home/yx/.gradle/caches/modules-2/files-2.1/com.android.tools.layoutlib/layoutlib-api/26.0.1/4eb1f46803873ff996f2457d1dd64c5c305818d8/layoutlib-api-26.0.1.jar
7f5786727000-7f578672c000 r--s 0004d000 08:01 267705                     /home/yx/.gradle/caches/modules-2/files-2.1/com.android.tools.ddms/ddmlib/26.0.1/d4bcdb3a578812688ccc34f1359702601fea955d/ddmlib-26.0.1.jar
7f578672c000-7f578672d000 r--s 00003000 08:01 267701                     /home/yx/.gradle/caches/modules-2/files-2.1/com.android.tools.build/builder-test-api/3.0.1/5f084a2888a7f638c4c89c3278760345b1fb4c8/builder-test-api-3.0.1.jar
7f578672d000-7f5786730000 r--s 00007000 08:01 267702                     /home/yx/.gradle/caches/modules-2/files-2.1/com.android.tools.build/builder-model/3.0.1/e9de7e34339a8eb90fda30ac6bf580d5f2c4f282/builder-model-3.0.1.jar
7f5786730000-7f5786743000 r--s 001a8000 08:01 267700                     /home/yx/.gradle/caches/modules-2/files-2.1/com.android.tools.analytics-library/protos/26.0.1/7719e7ed7498e25ec555bdfcb7a4de0e88a47ea/protos-26.0.1.jar
7f5786743000-7f5786744000 r--s 00005000 08:01 267699                     /home/yx/.gradle/caches/modules-2/files-2.1/com.android.tools.analytics-library/shared/26.0.1/5cfc3811c2fd6cddfce2ec1bb5fbbec87e0fc462/shared-26.0.1.jar
7f5786744000-7f5786746000 r--s 00004000 08:01 267698                     /home/yx/.gradle/caches/modules-2/files-2.1/com.android.tools.analytics-library/tracker/26.0.1/15f0c0560c8a97700651d2dd5219937baa80c166/tracker-26.0.1.jar
7f5786746000-7f5786748000 r--s 00002000 08:01 2234384                    /home/yx/.gradle/caches/jars-3/e91624d2ed1c3b55eec9fd768ed13c1d/proguard-gradle-5.3.3.jar
7f5786748000-7f578674a000 r--s 0000f000 08:01 2234382                    /home/yx/.gradle/caches/jars-3/96760c32d36a5d7066e3ccf088bfd362/jopt-simple-4.9.jar
7f578674a000-7f578674e000 r--s 0001e000 08:01 2234380                    /home/yx/.gradle/caches/jars-3/0d3e95aba631209a078aeec58a76633d/org.jacoco.core-0.7.4.201502262128.jar
7f578674e000-7f5786751000 r--s 00020000 08:01 2234378                    /home/yx/.gradle/caches/jars-3/c72fc284d34f39eab57a4e3ba83405e9/org.jacoco.report-0.7.4.201502262128.jar
7f5786751000-7f5786753000 r--s 0000c000 08:01 4990626                    /home/yx/.gradle/caches/jars-3/9b0a36633c92c6e87e62c81734593183/asm-5.1.jar
7f5786753000-7f5786755000 r--s 00006000 08:01 4990624                    /home/yx/.gradle/caches/jars-3/50c8a7da333c41693b2b7ce95b6d9d89/asm-tree-5.1.jar
7f5786755000-7f5786756000 r--s 0000a000 08:01 4854402                    /home/yx/.gradle/caches/jars-3/c4f1f1d5a624f981d35a78d181e2c418/asm-util-5.1.jar
7f5786756000-7f5786758000 r--s 0000a000 08:01 4854400                    /home/yx/.gradle/caches/jars-3/d37aa405961c464c627b1efe5def81b8/asm-commons-5.1.jar
7f5786758000-7f5786767000 r--s 000c8000 08:01 4854394                    /home/yx/.gradle/caches/jars-3/af931fae44e009148423077fa09abbd1/kotlin-stdlib-1.1.3-2.jar
7f5786767000-7f5786799000 r--s 0021b000 08:01 4854392                    /home/yx/.gradle/caches/jars-3/24b2127528a18b338af82ff7ea236d45/kotlin-reflect-1.1.3-2.jar
7f5786799000-7f578679f000 r--s 00030000 08:01 267697                     /home/yx/.gradle/caches/modules-2/files-2.1/com.android.tools/repository/26.0.1/bc0dfe02af8d075f6b7ad63a202ed4c63a6a647d/repository-26.0.1.jar
7f578679f000-7f57867aa000 r--s 0009b000 08:01 267696                     /home/yx/.gradle/caches/modules-2/files-2.1/com.android.tools/sdklib/26.0.1/bdb4723f8e3791f1d3911b1f191acf25840f352a/sdklib-26.0.1.jar
7f57867aa000-7f57867b9000 r--s 000da000 08:01 267695                     /home/yx/.gradle/caches/modules-2/files-2.1/com.android.tools/sdk-common/26.0.1/9ddd2fa552e7b49548c421c0be4e65dc9a245f69/sdk-common-26.0.1.jar
7f57867b9000-7f57867c8000 r--s 000cb000 08:01 267691                     /home/yx/.gradle/caches/modules-2/files-2.1/com.android.tools.external.org-jetbrains/uast/26.0.1/663906c592ce867fa2e9bcbffbe2130397078132/uast-26.0.1.jar
7f57867c8000-7f57867f8000 r--s 01983000 08:01 267686                     /home/yx/.gradle/caches/modules-2/files-2.1/com.android.tools.build/builder/3.0.1/1f896967507729bb35ac727c03d3b9306fe87b7d/builder-3.0.1.jar
7f57867f8000-7f57869f8000 rw-p 00000000 00:00 0 
7f57869f8000-7f5786bf8000 rw-p 00000000 00:00 0 
7f5786bf8000-7f5786df8000 rw-p 00000000 00:00 0 
7f5786df8000-7f5786ff8000 rw-p 00000000 00:00 0 
7f5786ff8000-7f57871f8000 rw-p 00000000 00:00 0 
7f57871f8000-7f57873f8000 rw-p 00000000 00:00 0 
7f57873f8000-7f57875f8000 rw-p 00000000 00:00 0 
7f57875f8000-7f57875fb000 ---p 00000000 00:00 0 
7f57875fb000-7f57876f9000 rw-p 00000000 00:00 0 
7f57876f9000-7f57876fc000 ---p 00000000 00:00 0 
7f57876fc000-7f57877fa000 rw-p 00000000 00:00 0 
7f57877fa000-7f57877fd000 ---p 00000000 00:00 0 
7f57877fd000-7f5787afb000 rw-p 00000000 00:00 0 
7f5787afb000-7f5787afe000 ---p 00000000 00:00 0 
7f5787afe000-7f5787bfc000 rw-p 00000000 00:00 0 
7f5787bfc000-7f5787bff000 ---p 00000000 00:00 0 
7f5787bff000-7f5787cfd000 rw-p 00000000 00:00 0 
7f5787cfd000-7f5787d00000 ---p 00000000 00:00 0 
7f5787d00000-7f5787dfe000 rw-p 00000000 00:00 0 
7f5787dfe000-7f5787e01000 ---p 00000000 00:00 0 
7f5787e01000-7f5787eff000 rw-p 00000000 00:00 0 
7f5787eff000-7f5787f02000 ---p 00000000 00:00 0 
7f5787f02000-7f5788000000 rw-p 00000000 00:00 0 
7f5788000000-7f5788021000 rw-p 00000000 00:00 0 
7f5788021000-7f578c000000 ---p 00000000 00:00 0 
7f578c000000-7f578c288000 rw-p 00000000 00:00 0 
7f578c288000-7f5790000000 ---p 00000000 00:00 0 
7f5790000000-7f57900e9000 rw-p 00000000 00:00 0 
7f57900e9000-7f5794000000 ---p 00000000 00:00 0 
7f5794000000-7f5794021000 rw-p 00000000 00:00 0 
7f5794021000-7f5798000000 ---p 00000000 00:00 0 
7f5798000000-7f5798001000 r--s 00004000 08:01 4854398                    /home/yx/.gradle/caches/jars-3/2b2689d10a4425b1cb2d0654db2ea088/asm-analysis-5.1.jar
7f5798001000-7f5798002000 r--s 00000000 08:01 4854396                    /home/yx/.gradle/caches/jars-3/5206138fb8a6b2ffbd31e140916c2100/transform-api-2.0.0-deprecated-use-gradle-api.jar
7f5798002000-7f5798006000 r--s 00023000 08:01 267694                     /home/yx/.gradle/caches/modules-2/files-2.1/com.android.tools.build/manifest-merger/26.0.1/700cbb1ed4066f48d4970f5669c44a51bd03142/manifest-merger-26.0.1.jar
7f5798006000-7f579800a000 r--s 0002e000 08:01 267693                     /home/yx/.gradle/caches/modules-2/files-2.1/com.android.databinding/compilerCommon/3.0.1/7f51b3e1636063e491131a0b0436512131cb1bdc/compilerCommon-3.0.1.jar
7f579800a000-7f579800c000 r--s 00003000 08:01 267692                     /home/yx/.gradle/caches/modules-2/files-2.1/com.android.tools.build/gradle-api/3.0.1/92640ae3c543aa3faee7b954ce641d03949d4401/gradle-api-3.0.1.jar
7f579800c000-7f5798013000 r--s 0007f000 08:01 267690                     /home/yx/.gradle/caches/modules-2/files-2.1/com.android.tools.lint/lint-api/26.0.1/2d4dd9f4676fbb152e4baf6f6f4cbbb868521832/lint-api-26.0.1.jar
7f5798013000-7f579801c000 r--s 000ff000 08:01 267689                     /home/yx/.gradle/caches/modules-2/files-2.1/com.android.tools.lint/lint-checks/26.0.1/a5df32c64598e190808accaa03820fb9db9f8201/lint-checks-26.0.1.jar
7f579801c000-7f579801f000 r--s 00039000 08:01 267687                     /home/yx/.gradle/caches/modules-2/files-2.1/com.android.tools.lint/lint/26.0.1/541bfb082a95a3b55d0158d69b067f1d7c623122/lint-26.0.1.jar
7f579801f000-7f5798042000 r--s 0020b000 08:01 267685                     /home/yx/.gradle/caches/modules-2/files-2.1/com.android.tools.build/gradle-core/3.0.1/c2945119335b491ca56e4042f7c8c55dccf5c9c2/gradle-core-3.0.1.jar
7f5798042000-7f5798044000 r--s 0000f000 08:01 267684                     /home/yx/.gradle/caches/modules-2/files-2.1/com.android.tools.build/gradle/3.0.1/cfa107d4db0c11c11f445a11e768adf61c72ce06/gradle-3.0.1.jar
7f5798044000-7f57980bd000 r--s 010fd000 08:01 4981103                    /home/yx/android-studio/jre/lib/tools.jar
7f57980bd000-7f57980c0000 ---p 00000000 00:00 0 
7f57980c0000-7f57981be000 rw-p 00000000 00:00 0 
7f57981be000-7f57981c1000 ---p 00000000 00:00 0 
7f57981c1000-7f57982bf000 rw-p 00000000 00:00 0 
7f57982bf000-7f57982c6000 r--s 00000000 08:01 662316                     /usr/lib/x86_64-linux-gnu/gconv/gconv-modules.cache
7f57982c6000-7f57982c9000 ---p 00000000 00:00 0 
7f57982c9000-7f57983c7000 rw-p 00000000 00:00 0 
7f57983c7000-7f57983cc000 r--s 0009a000 08:01 4981040                    /home/yx/android-studio/jre/jre/lib/jsse.jar
7f57983cc000-7f57985cc000 rw-p 00000000 00:00 0 
7f57985cc000-7f57985d5000 r-xp 00000000 08:01 4980978                    /home/yx/android-studio/jre/jre/lib/amd64/libmanagement.so
7f57985d5000-7f57987d4000 ---p 00009000 08:01 4980978                    /home/yx/android-studio/jre/jre/lib/amd64/libmanagement.so
7f57987d4000-7f57987d5000 r--p 00008000 08:01 4980978                    /home/yx/android-studio/jre/jre/lib/amd64/libmanagement.so
7f57987d5000-7f57987d6000 rw-p 00009000 08:01 4980978                    /home/yx/android-studio/jre/jre/lib/amd64/libmanagement.so
7f57987d6000-7f57987d8000 r--s 00007000 08:01 4854064                    /home/yx/.gradle/wrapper/dists/gradle-4.1-all/bzyivzo6n839fup2jbap0tjew/gradle-4.1/lib/plugins/gradle-tooling-api-builders-4.1.jar
7f57987d8000-7f57987db000 r--s 00009000 08:01 4854074                    /home/yx/.gradle/wrapper/dists/gradle-4.1-all/bzyivzo6n839fup2jbap0tjew/gradle-4.1/lib/plugins/gradle-testing-native-4.1.jar
7f57987db000-7f57987dd000 r--s 00009000 08:01 4854147                    /home/yx/.gradle/wrapper/dists/gradle-4.1-all/bzyivzo6n839fup2jbap0tjew/gradle-4.1/lib/plugins/hamcrest-core-1.3.jar
7f57987dd000-7f57987e2000 r--s 00040000 08:01 4854142                    /home/yx/.gradle/wrapper/dists/gradle-4.1-all/bzyivzo6n839fup2jbap0tjew/gradle-4.1/lib/plugins/bsh-2.0b4.jar
7f57987e2000-7f57987e4000 r--s 00006000 08:01 4854143                    /home/yx/.gradle/wrapper/dists/gradle-4.1-all/bzyivzo6n839fup2jbap0tjew/gradle-4.1/lib/plugins/jcommander-1.12.jar
7f57987e4000-7f57987ea000 r--s 00033000 08:01 4854144                    /home/yx/.gradle/wrapper/dists/gradle-4.1-all/bzyivzo6n839fup2jbap0tjew/gradle-4.1/lib/plugins/snakeyaml-1.6.jar
7f57987ea000-7f57987f3000 r--s 00089000 08:01 4854102                    /home/yx/.gradle/wrapper/dists/gradle-4.1-all/bzyivzo6n839fup2jbap0tjew/gradle-4.1/lib/plugins/testng-6.3.1.jar
7f57987f3000-7f57987fb000 r--s 00045000 08:01 4854103                    /home/yx/.gradle/wrapper/dists/gradle-4.1-all/bzyivzo6n839fup2jbap0tjew/gradle-4.1/lib/plugins/junit-4.12.jar
7f57987fb000-7f5798801000 r--s 0002e000 08:01 4854070                    /home/yx/.gradle/wrapper/dists/gradle-4.1-all/bzyivzo6n839fup2jbap0tjew/gradle-4.1/lib/plugins/gradle-testing-jvm-4.1.jar
7f5798801000-7f5798805000 r--s 00017000 08:01 4854078                    /home/yx/.gradle/wrapper/dists/gradle-4.1-all/bzyivzo6n839fup2jbap0tjew/gradle-4.1/lib/plugins/gradle-testing-base-4.1.jar
7f5798805000-7f579880c000 r--s 00038000 08:01 4854098                    /home/yx/.gradle/wrapper/dists/gradle-4.1-all/bzyivzo6n839fup2jbap0tjew/gradle-4.1/lib/plugins/bcpg-jdk15on-1.51.jar
7f579880c000-7f579880e000 r--s 0000c000 08:01 4854049                    /home/yx/.gradle/wrapper/dists/gradle-4.1-all/bzyivzo6n839fup2jbap0tjew/gradle-4.1/lib/plugins/gradle-signing-4.1.jar
7f579880e000-7f5798810000 r--s 00007000 08:01 4854055                    /home/yx/.gradle/wrapper/dists/gradle-4.1-all/bzyivzo6n839fup2jbap0tjew/gradle-4.1/lib/plugins/gradle-scala-4.1.jar
7f5798810000-7f5798820000 r--s 00088000 08:01 4854115                    /home/yx/.gradle/wrapper/dists/gradle-4.1-all/bzyivzo6n839fup2jbap0tjew/gradle-4.1/lib/plugins/joda-time-2.8.2.jar
7f5798820000-7f5798831000 r--s 0010d000 08:01 4854114                    /home/yx/.gradle/wrapper/dists/gradle-4.1-all/bzyivzo6n839fup2jbap0tjew/gradle-4.1/lib/plugins/jackson-databind-2.6.6.jar
7f5798831000-7f5798834000 r--s 00009000 08:01 4854113                    /home/yx/.gradle/wrapper/dists/gradle-4.1-all/bzyivzo6n839fup2jbap0tjew/gradle-4.1/lib/plugins/jackson-annotations-2.6.6.jar
7f5798834000-7f5798838000 r--s 0003c000 08:01 4854112                    /home/yx/.gradle/wrapper/dists/gradle-4.1-all/bzyivzo6n839fup2jbap0tjew/gradle-4.1/lib/plugins/jackson-core-2.6.6.jar
7f5798838000-7f5798846000 r--s 00087000 08:01 4854111                    /home/yx/.gradle/wrapper/dists/gradle-4.1-all/bzyivzo6n839fup2jbap0tjew/gradle-4.1/lib/plugins/aws-java-sdk-core-1.11.6.jar
7f5798846000-7f579884d000 r--s 00057000 08:01 4854110                    /home/yx/.gradle/wrapper/dists/gradle-4.1-all/bzyivzo6n839fup2jbap0tjew/gradle-4.1/lib/plugins/aws-java-sdk-kms-1.11.6.jar
7f579884d000-7f579885a000 r--s 0008e000 08:01 4854109                    /home/yx/.gradle/wrapper/dists/gradle-4.1-all/bzyivzo6n839fup2jbap0tjew/gradle-4.1/lib/plugins/aws-java-sdk-s3-1.11.6.jar
7f579885a000-7f579885c000 r--s 00004000 08:01 4854083                    /home/yx/.gradle/wrapper/dists/gradle-4.1-all/bzyivzo6n839fup2jbap0tjew/gradle-4.1/lib/plugins/gradle-resources-s3-4.1.jar
7f579885c000-7f579885e000 r--s 00010000 08:01 4854079                    /home/yx/.gradle/wrapper/dists/gradle-4.1-all/bzyivzo6n839fup2jbap0tjew/gradle-4.1/lib/plugins/gradle-reporting-4.1.jar
7f579885e000-7f5798860000 r--s 00002000 08:01 4854080                    /home/yx/.gradle/wrapper/dists/gradle-4.1-all/bzyivzo6n839fup2jbap0tjew/gradle-4.1/lib/plugins/gradle-publish-4.1.jar
7f5798860000-7f5798862000 r--s 00009000 08:01 4854091                    /home/yx/.gradle/wrapper/dists/gradle-4.1-all/bzyivzo6n839fup2jbap0tjew/gradle-4.1/lib/plugins/commons-cli-1.2.jar
7f5798862000-7f5798878000 r-xp 00000000 08:01 1315853                    /lib/x86_64-linux-gnu/libgcc_s.so.1
7f5798878000-7f5798a77000 ---p 00016000 08:01 1315853                    /lib/x86_64-linux-gnu/libgcc_s.so.1
7f5798a77000-7f5798a78000 rw-p 00015000 08:01 1315853                    /lib/x86_64-linux-gnu/libgcc_s.so.1
7f5798a78000-7f5798bea000 r-xp 00000000 08:01 403606                     /usr/lib/x86_64-linux-gnu/libstdc++.so.6.0.21
7f5798bea000-7f5798dea000 ---p 00172000 08:01 403606                     /usr/lib/x86_64-linux-gnu/libstdc++.so.6.0.21
7f5798dea000-7f5798df4000 r--p 00172000 08:01 403606                     /usr/lib/x86_64-linux-gnu/libstdc++.so.6.0.21
7f5798df4000-7f5798df6000 rw-p 0017c000 08:01 403606                     /usr/lib/x86_64-linux-gnu/libstdc++.so.6.0.21
7f5798df6000-7f5798dfa000 rw-p 00000000 00:00 0 
7f5798dfa000-7f5798dff000 r-xp 00000000 08:01 4854153                    /home/yx/.gradle/native/25/linux-amd64/libnative-platform.so
7f5798dff000-7f5798ffe000 ---p 00005000 08:01 4854153                    /home/yx/.gradle/native/25/linux-amd64/libnative-platform.so
7f5798ffe000-7f5798fff000 rw-p 00004000 08:01 4854153                    /home/yx/.gradle/native/25/linux-amd64/libnative-platform.so
7f5798fff000-7f579c000000 rw-p 00000000 00:00 0 
7f579c000000-7f579cd4a000 rw-p 00000000 00:00 0 
7f579cd4a000-7f57a0000000 ---p 00000000 00:00 0 
7f57a0000000-7f57a0021000 rw-p 00000000 00:00 0 
7f57a0021000-7f57a4000000 ---p 00000000 00:00 0 
7f57a4000000-7f57a4021000 rw-p 00000000 00:00 0 
7f57a4021000-7f57a8000000 ---p 00000000 00:00 0 
7f57a8000000-7f57a9dee000 rw-p 00000000 00:00 0 
7f57a9dee000-7f57ac000000 ---p 00000000 00:00 0 
7f57ac000000-7f57ac021000 rw-p 00000000 00:00 0 
7f57ac021000-7f57b0000000 ---p 00000000 00:00 0 
7f57b0000000-7f57b0021000 rw-p 00000000 00:00 0 
7f57b0021000-7f57b4000000 ---p 00000000 00:00 0 
7f57b4000000-7f57b403c000 rw-p 00000000 00:00 0 
7f57b403c000-7f57b8000000 ---p 00000000 00:00 0 
7f57b8000000-7f57b8372000 rw-p 00000000 00:00 0 
7f57b8372000-7f57bc000000 ---p 00000000 00:00 0 
7f57bc000000-7f57bc059000 rw-p 00000000 00:00 0 
7f57bc059000-7f57c0000000 ---p 00000000 00:00 0 
7f57c0000000-7f57c0001000 r--s 00004000 08:01 4854086                    /home/yx/.gradle/wrapper/dists/gradle-4.1-all/bzyivzo6n839fup2jbap0tjew/gradle-4.1/lib/plugins/gradle-resources-sftp-4.1.jar
7f57c0001000-7f57c0007000 r--s 00036000 08:01 4854063                    /home/yx/.gradle/wrapper/dists/gradle-4.1-all/bzyivzo6n839fup2jbap0tjew/gradle-4.1/lib/plugins/gradle-plugins-4.1.jar
7f57c0007000-7f57c0009000 r--s 00009000 08:01 4854050                    /home/yx/.gradle/wrapper/dists/gradle-4.1-all/bzyivzo6n839fup2jbap0tjew/gradle-4.1/lib/plugins/gradle-plugin-development-4.1.jar
7f57c0009000-7f57c000f000 r--s 0002b000 08:01 4854058                    /home/yx/.gradle/wrapper/dists/gradle-4.1-all/bzyivzo6n839fup2jbap0tjew/gradle-4.1/lib/plugins/gradle-platform-play-4.1.jar
7f57c000f000-7f57c001e000 r--s 0005b000 08:01 4854076                    /home/yx/.gradle/wrapper/dists/gradle-4.1-all/bzyivzo6n839fup2jbap0tjew/gradle-4.1/lib/plugins/gradle-platform-native-4.1.jar
7f57c001e000-7f57c0022000 r--s 0001b000 08:01 4854073                    /home/yx/.gradle/wrapper/dists/gradle-4.1-all/bzyivzo6n839fup2jbap0tjew/gradle-4.1/lib/plugins/gradle-platform-jvm-4.1.jar
7f57c0022000-7f57c002a000 r--s 00027000 08:01 4854081                    /home/yx/.gradle/wrapper/dists/gradle-4.1-all/bzyivzo6n839fup2jbap0tjew/gradle-4.1/lib/plugins/gradle-platform-base-4.1.jar
7f57c002a000-7f57c0052000 r--s 0021c000 08:01 4854092                    /home/yx/.gradle/wrapper/dists/gradle-4.1-all/bzyivzo6n839fup2jbap0tjew/gradle-4.1/lib/plugins/biz.aQute.bndlib-3.2.0.jar
7f57c0052000-7f57c0053000 r--s 00004000 08:01 4854048                    /home/yx/.gradle/wrapper/dists/gradle-4.1-all/bzyivzo6n839fup2jbap0tjew/gradle-4.1/lib/plugins/gradle-osgi-4.1.jar
7f57c0053000-7f57c0056000 r--s 0000c000 08:01 4854095                    /home/yx/.gradle/wrapper/dists/gradle-4.1-all/bzyivzo6n839fup2jbap0tjew/gradle-4.1/lib/plugins/pmaven-groovy-0.8-20100325.jar
7f57c0056000-7f57c0057000 r--s 00004000 08:01 4854094                    /home/yx/.gradle/wrapper/dists/gradle-4.1-all/bzyivzo6n839fup2jbap0tjew/gradle-4.1/lib/plugins/pmaven-common-0.8-20100325.jar
7f57c0057000-7f57c005d000 r--s 00023000 08:01 4854051                    /home/yx/.gradle/wrapper/dists/gradle-4.1-all/bzyivzo6n839fup2jbap0tjew/gradle-4.1/lib/plugins/gradle-maven-4.1.jar
7f57c005d000-7f57c0060000 r--s 0000b000 08:01 4854069                    /home/yx/.gradle/wrapper/dists/gradle-4.1-all/bzyivzo6n839fup2jbap0tjew/gradle-4.1/lib/plugins/gradle-language-scala-4.1.jar
7f57c0060000-7f57c0067000 r--s 00020000 08:01 4854075                    /home/yx/.gradle/wrapper/dists/gradle-4.1-all/bzyivzo6n839fup2jbap0tjew/gradle-4.1/lib/plugins/gradle-language-native-4.1.jar
7f57c0067000-7f57c0069000 r--s 00005000 08:01 4854072                    /home/yx/.gradle/wrapper/dists/gradle-4.1-all/bzyivzo6n839fup2jbap0tjew/gradle-4.1/lib/plugins/gradle-language-jvm-4.1.jar
7f57c0069000-7f57c0070000 r--s 0002f000 08:01 4854071                    /home/yx/.gradle/wrapper/dists/gradle-4.1-all/bzyivzo6n839fup2jbap0tjew/gradle-4.1/lib/plugins/gradle-language-java-4.1.jar
7f57c0070000-7f57c0073000 r--s 0000a000 08:01 4854068                    /home/yx/.gradle/wrapper/dists/gradle-4.1-all/bzyivzo6n839fup2jbap0tjew/gradle-4.1/lib/plugins/gradle-language-groovy-4.1.jar
7f57c0073000-7f57c007a000 r--s 00035000 08:01 4854101                    /home/yx/.gradle/wrapper/dists/gradle-4.1-all/bzyivzo6n839fup2jbap0tjew/gradle-4.1/lib/plugins/simple-4.1.21.jar
7f57c007a000-7f57c0086000 r--s 00100000 08:01 4854099                    /home/yx/.gradle/wrapper/dists/gradle-4.1-all/bzyivzo6n839fup2jbap0tjew/gradle-4.1/lib/plugins/rhino-1.7R3.jar
7f57c0086000-7f57c008a000 r--s 00012000 08:01 4854059                    /home/yx/.gradle/wrapper/dists/gradle-4.1-all/bzyivzo6n839fup2jbap0tjew/gradle-4.1/lib/plugins/gradle-javascript-4.1.jar
7f57c008a000-7f57c008d000 r--s 00011000 08:01 4854061                    /home/yx/.gradle/wrapper/dists/gradle-4.1-all/bzyivzo6n839fup2jbap0tjew/gradle-4.1/lib/plugins/gradle-jacoco-4.1.jar
7f57c008d000-7f57c0090000 r--s 0000e000 08:01 4854060                    /home/yx/.gradle/wrapper/dists/gradle-4.1-all/bzyivzo6n839fup2jbap0tjew/gradle-4.1/lib/plugins/gradle-ivy-4.1.jar
7f57c0090000-7f57c0091000 r--s 00002000 08:01 4854052                    /home/yx/.gradle/wrapper/dists/gradle-4.1-all/bzyivzo6n839fup2jbap0tjew/gradle-4.1/lib/plugins/gradle-ide-play-4.1.jar
7f57c0091000-7f57c0094000 r--s 00013000 08:01 4854053                    /home/yx/.gradle/wrapper/dists/gradle-4.1-all/bzyivzo6n839fup2jbap0tjew/gradle-4.1/lib/plugins/gradle-ide-native-4.1.jar
7f57c0094000-7f57c009e000 r--s 00054000 08:01 4854054                    /home/yx/.gradle/wrapper/dists/gradle-4.1-all/bzyivzo6n839fup2jbap0tjew/gradle-4.1/lib/plugins/gradle-ide-4.1.jar
7f57c009e000-7f57c00a0000 r--s 00007000 08:01 4854057                    /home/yx/.gradle/wrapper/dists/gradle-4.1-all/bzyivzo6n839fup2jbap0tjew/gradle-4.1/lib/plugins/gradle-ear-4.1.jar
7f57c00a0000-7f57c00a2000 r--s 00005000 08:01 4854089                    /home/yx/.gradle/wrapper/dists/gradle-4.1-all/bzyivzo6n839fup2jbap0tjew/gradle-4.1/lib/plugins/jatl-0.2.2.jar
7f57c00a2000-7f57c00a9000 r--s 00038000 08:01 4854077                    /home/yx/.gradle/wrapper/dists/gradle-4.1-all/bzyivzo6n839fup2jbap0tjew/gradle-4.1/lib/plugins/gradle-diagnostics-4.1.jar
7f57c00a9000-7f57c00ab000 r--s 0000b000 08:01 4854066                    /home/yx/.gradle/wrapper/dists/gradle-4.1-all/bzyivzo6n839fup2jbap0tjew/gradle-4.1/lib/plugins/gradle-composite-builds-4.1.jar
7f57c00ab000-7f57c00b0000 r--s 00025000 08:01 4854046                    /home/yx/.gradle/wrapper/dists/gradle-4.1-all/bzyivzo6n839fup2jbap0tjew/gradle-4.1/lib/plugins/gradle-code-quality-4.1.jar
7f57c00b0000-7f57c00b5000 r--s 00022000 08:01 4854062                    /home/yx/.gradle/wrapper/dists/gradle-4.1-all/bzyivzo6n839fup2jbap0tjew/gradle-4.1/lib/plugins/gradle-build-init-4.1.jar
7f57c00b5000-7f57c00bb000 r--s 0008e000 08:01 4854056                    /home/yx/.gradle/wrapper/dists/gradle-4.1-all/bzyivzo6n839fup2jbap0tjew/gradle-4.1/lib/plugins/gradle-build-comparison-4.1.jar
7f57c00bb000-7f57c00bc000 r--s 00002000 08:01 4854084                    /home/yx/.gradle/wrapper/dists/gradle-4.1-all/bzyivzo6n839fup2jbap0tjew/gradle-4.1/lib/plugins/gradle-build-cache-http-4.1.jar
7f57c00bc000-7f57c00be000 r--s 00008000 08:01 4854047                    /home/yx/.gradle/wrapper/dists/gradle-4.1-all/bzyivzo6n839fup2jbap0tjew/gradle-4.1/lib/plugins/gradle-antlr-4.1.jar
7f57c00be000-7f57c00c0000 r--s 00004000 08:01 4854067                    /home/yx/.gradle/wrapper/dists/gradle-4.1-all/bzyivzo6n839fup2jbap0tjew/gradle-4.1/lib/plugins/gradle-announce-4.1.jar
7f57c00c0000-7f57c00c2000 r--s 00008000 08:01 4853987                    /home/yx/.gradle/wrapper/dists/gradle-4.1-all/bzyivzo6n839fup2jbap0tjew/gradle-4.1/lib/gradle-kotlin-dsl-tooling-builders-0.10.3.jar
7f57c00c2000-7f57c00c5000 r--s 0001c000 08:01 4854105                    /home/yx/.gradle/wrapper/dists/gradle-4.1-all/bzyivzo6n839fup2jbap0tjew/gradle-4.1/lib/plugins/nekohtml-1.9.14.jar
7f57c00c5000-7f57c00cd000 r--s 00028000 08:01 4854146                    /home/yx/.gradle/wrapper/dists/gradle-4.1-all/bzyivzo6n839fup2jbap0tjew/gradle-4.1/lib/plugins/xml-apis-1.3.04.jar
7f57c00cd000-7f57c00e5000 r--s 00115000 08:01 4854106                    /home/yx/.gradle/wrapper/dists/gradle-4.1-all/bzyivzo6n839fup2jbap0tjew/gradle-4.1/lib/plugins/xercesImpl-2.9.1.jar
7f57c00e5000-7f57c00eb000 r--s 0005b000 08:01 4854104                    /home/yx/.gradle/wrapper/dists/gradle-4.1-all/bzyivzo6n839fup2jbap0tjew/gradle-4.1/lib/plugins/jcifs-1.3.17.jar
7f57c00eb000-7f57c00f2000 r--s 00049000 08:01 4854145                    /home/yx/.gradle/wrapper/dists/gradle-4.1-all/bzyivzo6n839fup2jbap0tjew/gradle-4.1/lib/plugins/httpcore-4.4.4.jar
7f57c00f2000-7f57c00f8000 r--s 00033000 08:01 4854097                    /home/yx/.gradle/wrapper/dists/gradle-4.1-all/bzyivzo6n839fup2jbap0tjew/gradle-4.1/lib/plugins/commons-codec-1.6.jar
7f57c00f8000-7f57c0105000 r--s 000a4000 08:01 4854090                    /home/yx/.gradle/wrapper/dists/gradle-4.1-all/bzyivzo6n839fup2jbap0tjew/gradle-4.1/lib/plugins/httpclient-4.4.1.jar
7f57c0105000-7f57c0107000 r--s 0000b000 08:01 4854085                    /home/yx/.gradle/wrapper/dists/gradle-4.1-all/bzyivzo6n839fup2jbap0tjew/gradle-4.1/lib/plugins/gradle-resources-http-4.1.jar
7f57c0107000-7f57c010b000 r--s 00017000 08:01 4854082                    /home/yx/.gradle/wrapper/dists/gradle-4.1-all/bzyivzo6n839fup2jbap0tjew/gradle-4.1/lib/plugins/gradle-plugin-use-4.1.jar
7f57c010b000-7f57c010c000 r--s 00000000 08:01 4853993                    /home/yx/.gradle/wrapper/dists/gradle-4.1-all/bzyivzo6n839fup2jbap0tjew/gradle-4.1/lib/gradle-runtime-api-info-4.1.jar
7f57c010c000-7f57c010d000 r--s 00000000 08:01 4853996                    /home/yx/.gradle/wrapper/dists/gradle-4.1-all/bzyivzo6n839fup2jbap0tjew/gradle-4.1/lib/gradle-installation-beacon-4.1.jar
7f57c010d000-7f57c014d000 r--s 00277000 08:01 4854117                    /home/yx/.gradle/wrapper/dists/gradle-4.1-all/bzyivzo6n839fup2jbap0tjew/gradle-4.1/lib/plugins/bcprov-jdk15on-1.51.jar
7f57c014d000-7f57c0151000 r--s 0001d000 08:01 4854116                    /home/yx/.gradle/wrapper/dists/gradle-4.1-all/bzyivzo6n839fup2jbap0tjew/gradle-4.1/lib/plugins/xbean-reflect-3.4.jar
7f57c0151000-7f57c0153000 r--s 0000a000 08:01 4854118                    /home/yx/.gradle/wrapper/dists/gradle-4.1-all/bzyivzo6n839fup2jbap0tjew/gradle-4.1/lib/plugins/maven-settings-3.0.4.jar
7f57c0153000-7f57c0156000 r--s 00008000 08:01 4854119                    /home/yx/.gradle/wrapper/dists/gradle-4.1-all/bzyivzo6n839fup2jbap0tjew/gradle-4.1/lib/plugins/maven-settings-builder-3.0.4.jar
7f57c0156000-7f57c015a000 r--s 00033000 08:01 4854120                    /home/yx/.gradle/wrapper/dists/gradle-4.1-all/bzyivzo6n839fup2jbap0tjew/gradle-4.1/lib/plugins/plexus-utils-2.0.6.jar
7f57c015a000-7f57c015c000 r--s 0000d000 08:01 4854121                    /home/yx/.gradle/wrapper/dists/gradle-4.1-all/bzyivzo6n839fup2jbap0tjew/gradle-4.1/lib/plugins/plexus-interpolation-1.14.jar
7f57c015c000-7f57c015e000 r--s 00000000 08:01 4854096                    /home/yx/.gradle/wrapper/dists/gradle-4.1-all/bzyivzo6n839fup2jbap0tjew/gradle-4.1/lib/plugins/plexus-component-annotations-1.5.5.jar
7f57c015e000-7f57c0165000 r--s 0002e000 08:01 4854122                    /home/yx/.gradle/wrapper/dists/gradle-4.1-all/bzyivzo6n839fup2jbap0tjew/gradle-4.1/lib/plugins/plexus-container-default-1.5.5.jar
7f57c0165000-7f57c0167000 r--s 0000a000 08:01 4854123                    /home/yx/.gradle/wrapper/dists/gradle-4.1-all/bzyivzo6n839fup2jbap0tjew/gradle-4.1/lib/plugins/plexus-classworlds-2.4.jar
7f57c0167000-7f57c0169000 r--s 00002000 08:01 4854124                    /home/yx/.gradle/wrapper/dists/gradle-4.1-all/bzyivzo6n839fup2jbap0tjew/gradle-4.1/lib/plugins/plexus-cipher-1.7.jar
7f57c0169000-7f57c016a000 r--s 00006000 08:01 4854125                    /home/yx/.gradle/wrapper/dists/gradle-4.1-all/bzyivzo6n839fup2jbap0tjew/gradle-4.1/lib/plugins/plexus-sec-dispatcher-1.3.jar
7f57c016a000-7f57c0170000 r--s 0003f000 08:01 4854126                    /home/yx/.gradle/wrapper/dists/gradle-4.1-all/bzyivzo6n839fup2jbap0tjew/gradle-4.1/lib/plugins/maven-compat-3.0.4.jar
7f57c0170000-7f57c0174000 r--s 00021000 08:01 4854127                    /home/yx/.gradle/wrapper/dists/gradle-4.1-all/bzyivzo6n839fup2jbap0tjew/gradle-4.1/lib/plugins/maven-model-builder-3.0.4.jar
7f57c0174000-7f57c0176000 r--s 00026000 08:01 4854128                    /home/yx/.gradle/wrapper/dists/gradle-4.1-all/bzyivzo6n839fup2jbap0tjew/gradle-4.1/lib/plugins/maven-model-3.0.4.jar
7f57c0176000-7f57c0178000 r--s 0000b000 08:01 4854129                    /home/yx/.gradle/wrapper/dists/gradle-4.1-all/bzyivzo6n839fup2jbap0tjew/gradle-4.1/lib/plugins/maven-artifact-3.0.4.jar
7f57c0178000-7f57c017a000 r--s 00006000 08:01 4854130                    /home/yx/.gradle/wrapper/dists/gradle-4.1-all/bzyivzo6n839fup2jbap0tjew/gradle-4.1/lib/plugins/maven-repository-metadata-3.0.4.jar
7f57c017a000-7f57c017c000 r--s 0000b000 08:01 4854131                    /home/yx/.gradle/wrapper/dists/gradle-4.1-all/bzyivzo6n839fup2jbap0tjew/gradle-4.1/lib/plugins/maven-plugin-api-3.0.4.jar
7f57c017c000-7f57c017e000 r--s 0000c000 08:01 4854132                    /home/yx/.gradle/wrapper/dists/gradle-4.1-all/bzyivzo6n839fup2jbap0tjew/gradle-4.1/lib/plugins/maven-aether-provider-3.0.4.jar
7f57c017e000-7f57c017f000 r--s 00002000 08:01 4854133                    /home/yx/.gradle/wrapper/dists/gradle-4.1-all/bzyivzo6n839fup2jbap0tjew/gradle-4.1/lib/plugins/wagon-file-2.4.jar
7f57c017f000-7f57c0180000 r--s 00002000 08:01 4854134                    /home/yx/.gradle/wrapper/dists/gradle-4.1-all/bzyivzo6n839fup2jbap0tjew/gradle-4.1/lib/plugins/wagon-http-2.4.jar
7f57c0180000-7f57c0182000 r--s 0000b000 08:01 4854135                    /home/yx/.gradle/wrapper/dists/gradle-4.1-all/bzyivzo6n839fup2jbap0tjew/gradle-4.1/lib/plugins/wagon-provider-api-2.4.jar
7f57c0182000-7f57c0183000 r--s 00007000 08:01 4854136                    /home/yx/.gradle/wrapper/dists/gradle-4.1-all/bzyivzo6n839fup2jbap0tjew/gradle-4.1/lib/plugins/wagon-http-shared4-2.4.jar
7f57c0183000-7f57c0186000 r--s 00013000 08:01 4854137                    /home/yx/.gradle/wrapper/dists/gradle-4.1-all/bzyivzo6n839fup2jbap0tjew/gradle-4.1/lib/plugins/aether-api-1.13.1.jar
7f57c0186000-7f57c0189000 r--s 0001d000 08:01 4854138                    /home/yx/.gradle/wrapper/dists/gradle-4.1-all/bzyivzo6n839fup2jbap0tjew/gradle-4.1/lib/plugins/aether-impl-1.13.1.jar
7f57c0189000-7f57c018a000 r--s 00003000 08:01 4854139                    /home/yx/.gradle/wrapper/dists/gradle-4.1-all/bzyivzo6n839fup2jbap0tjew/gradle-4.1/lib/plugins/aether-spi-1.13.1.jar
7f57c018a000-7f57c018e000 r--s 0001c000 08:01 4854140                    /home/yx/.gradle/wrapper/dists/gradle-4.1-all/bzyivzo6n839fup2jbap0tjew/gradle-4.1/lib/plugins/aether-util-1.13.1.jar
7f57c018e000-7f57c0190000 r--s 00006000 08:01 4854141                    /home/yx/.gradle/wrapper/dists/gradle-4.1-all/bzyivzo6n839fup2jbap0tjew/gradle-4.1/lib/plugins/aether-connector-wagon-1.13.1.jar
7f57c0190000-7f57c019c000 r--s 0007d000 08:01 4854093                    /home/yx/.gradle/wrapper/dists/gradle-4.1-all/bzyivzo6n839fup2jbap0tjew/gradle-4.1/lib/plugins/maven-core-3.0.4.jar
7f57c019c000-7f57c01a1000 r--s 00034000 08:01 4854100                    /home/yx/.gradle/wrapper/dists/gradle-4.1-all/bzyivzo6n839fup2jbap0tjew/gradle-4.1/lib/plugins/gson-2.7.jar
7f57c01a1000-7f57c01a6000 r--s 00040000 08:01 4854108                    /home/yx/.gradle/wrapper/dists/gradle-4.1-all/bzyivzo6n839fup2jbap0tjew/gradle-4.1/lib/plugins/jsch-0.1.54.jar
7f57c01a6000-7f57c01b5000 r--s 000d9000 08:01 4854107                    /home/yx/.gradle/wrapper/dists/gradle-4.1-all/bzyivzo6n839fup2jbap0tjew/gradle-4.1/lib/plugins/ivy-2.2.0.jar
7f57c01b5000-7f57c01d9000 r--s 0011a000 08:01 4854088                    /home/yx/.gradle/wrapper/dists/gradle-4.1-all/bzyivzo6n839fup2jbap0tjew/gradle-4.1/lib/plugins/gradle-dependency-management-4.1.jar
7f57c01d9000-7f57c01dc000 r--s 0000d000 08:01 4854087                    /home/yx/.gradle/wrapper/dists/gradle-4.1-all/bzyivzo6n839fup2jbap0tjew/gradle-4.1/lib/plugins/gradle-workers-4.1.jar
7f57c01dc000-7f57c01ed000 r-xp 00000000 08:01 4980962                    /home/yx/android-studio/jre/jre/lib/amd64/libnio.so
7f57c01ed000-7f57c03ec000 ---p 00011000 08:01 4980962                    /home/yx/android-studio/jre/jre/lib/amd64/libnio.so
7f57c03ec000-7f57c03ed000 r--p 00010000 08:01 4980962                    /home/yx/android-studio/jre/jre/lib/amd64/libnio.so
7f57c03ed000-7f57c03ee000 rw-p 00011000 08:01 4980962                    /home/yx/android-studio/jre/jre/lib/amd64/libnio.so
7f57c03ee000-7f57c0404000 r-xp 00000000 08:01 4980977                    /home/yx/android-studio/jre/jre/lib/amd64/libnet.so
7f57c0404000-7f57c0604000 ---p 00016000 08:01 4980977                    /home/yx/android-studio/jre/jre/lib/amd64/libnet.so
7f57c0604000-7f57c0605000 r--p 00016000 08:01 4980977                    /home/yx/android-studio/jre/jre/lib/amd64/libnet.so
7f57c0605000-7f57c0606000 rw-p 00017000 08:01 4980977                    /home/yx/android-studio/jre/jre/lib/amd64/libnet.so
7f57c0606000-7f57c0607000 r--s 00006000 08:01 4853995                    /home/yx/.gradle/wrapper/dists/gradle-4.1-all/bzyivzo6n839fup2jbap0tjew/gradle-4.1/lib/gradle-wrapper-4.1.jar
7f57c0607000-7f57c0614000 r--s 00043000 08:01 4853994                    /home/yx/.gradle/wrapper/dists/gradle-4.1-all/bzyivzo6n839fup2jbap0tjew/gradle-4.1/lib/gradle-tooling-api-4.1.jar
7f57c0614000-7f57c0623000 r--s 000c8000 08:01 4853991                    /home/yx/.gradle/wrapper/dists/gradle-4.1-all/bzyivzo6n839fup2jbap0tjew/gradle-4.1/lib/kotlin-stdlib-1.1.3-2.jar
7f57c0623000-7f57c0655000 r--s 0021b000 08:01 4853990                    /home/yx/.gradle/wrapper/dists/gradle-4.1-all/bzyivzo6n839fup2jbap0tjew/gradle-4.1/lib/kotlin-reflect-1.1.3-2.jar
7f57c0655000-7f57c080c000 r--s 01786000 08:01 4853989                    /home/yx/.gradle/wrapper/dists/gradle-4.1-all/bzyivzo6n839fup2jbap0tjew/gradle-4.1/lib/kotlin-compiler-embeddable-1.1.3-2.jar
7f57c080c000-7f57c080d000 r--s 00000000 08:01 4853988                    /home/yx/.gradle/wrapper/dists/gradle-4.1-all/bzyivzo6n839fup2jbap0tjew/gradle-4.1/lib/gradle-kotlin-dsl-tooling-models-0.10.3.jar
7f57c080d000-7f57c080e000 r--s 00001000 08:01 4853986                    /home/yx/.gradle/wrapper/dists/gradle-4.1-all/bzyivzo6n839fup2jbap0tjew/gradle-4.1/lib/gradle-kotlin-dsl-compiler-plugin-0.10.3.jar
7f57c080e000-7f57c0810000 r--s 00003000 08:01 4853984                    /home/yx/.gradle/wrapper/dists/gradle-4.1-all/bzyivzo6n839fup2jbap0tjew/gradle-4.1/lib/annotations-13.0.jar
7f57c0810000-7f57c081a000 r--s 00073000 08:01 4853985                    /home/yx/.gradle/wrapper/dists/gradle-4.1-all/bzyivzo6n839fup2jbap0tjew/gradle-4.1/lib/gradle-kotlin-dsl-0.10.3.jar
7f57c081a000-7f57c081f000 r--s 00013000 08:01 4854001                    /home/yx/.gradle/wrapper/dists/gradle-4.1-all/bzyivzo6n839fup2jbap0tjew/gradle-4.1/lib/gradle-resources-4.1.jar
7f57c081f000-7f57c0821000 r--s 00005000 08:01 4854008                    /home/yx/.gradle/wrapper/dists/gradle-4.1-all/bzyivzo6n839fup2jbap0tjew/gradle-4.1/lib/gradle-cli-4.1.jar
7f57c0821000-7f57c0823000 r--s 00003000 08:01 4854015                    /home/yx/.gradle/wrapper/dists/gradle-4.1-all/bzyivzo6n839fup2jbap0tjew/gradle-4.1/lib/jcl-over-slf4j-1.7.10.jar
7f57c0823000-7f57c0824000 r--s 00005000 08:01 4854014                    /home/yx/.gradle/wrapper/dists/gradle-4.1-all/bzyivzo6n839fup2jbap0tjew/gradle-4.1/lib/log4j-over-slf4j-1.7.10.jar
7f57c0824000-7f57c0826000 r--s 00000000 08:01 4854013                    /home/yx/.gradle/wrapper/dists/gradle-4.1-all/bzyivzo6n839fup2jbap0tjew/gradle-4.1/lib/jul-to-slf4j-1.7.10.jar
7f57c0826000-7f57c082d000 r--s 0002c000 08:01 4853999                    /home/yx/.gradle/wrapper/dists/gradle-4.1-all/bzyivzo6n839fup2jbap0tjew/gradle-4.1/lib/gradle-logging-4.1.jar
7f57c082d000-7f57c083d000 r--s 00082000 08:01 4854004                    /home/yx/.gradle/wrapper/dists/gradle-4.1-all/bzyivzo6n839fup2jbap0tjew/gradle-4.1/lib/gradle-model-core-4.1.jar
7f57c083d000-7f57c083f000 r--s 00006000 08:01 4854005                    /home/yx/.gradle/wrapper/dists/gradle-4.1-all/bzyivzo6n839fup2jbap0tjew/gradle-4.1/lib/gradle-base-services-groovy-4.1.jar
7f57c083f000-7f57c0841000 r--s 00007000 08:01 4854003                    /home/yx/.gradle/wrapper/dists/gradle-4.1-all/bzyivzo6n839fup2jbap0tjew/gradle-4.1/lib/gradle-model-groovy-4.1.jar
7f57c0841000-7f57c0842000 r--s 00002000 08:01 4854026                    /home/yx/.gradle/wrapper/dists/gradle-4.1-all/bzyivzo6n839fup2jbap0tjew/gradle-4.1/lib/gradle-docs-4.1.jar
7f57c0842000-7f57c084f000 r--s 00083000 08:01 4854024                    /home/yx/.gradle/wrapper/dists/gradle-4.1-all/bzyivzo6n839fup2jbap0tjew/gradle-4.1/lib/commons-collections-3.2.2.jar
7f57c084f000-7f57c0850000 r--s 00000000 08:01 4854023                    /home/yx/.gradle/wrapper/dists/gradle-4.1-all/bzyivzo6n839fup2jbap0tjew/gradle-4.1/lib/javax.inject-1.jar
7f57c0850000-7f57c08c0000 r--s 00645000 08:01 4854021                    /home/yx/.gradle/wrapper/dists/gradle-4.1-all/bzyivzo6n839fup2jbap0tjew/gradle-4.1/lib/groovy-all-2.4.11.jar
7f57c08c0000-7f57c08c3000 r--s 00023000 08:01 4854027                    /home/yx/.gradle/wrapper/dists/gradle-4.1-all/bzyivzo6n839fup2jbap0tjew/gradle-4.1/lib/jansi-1.14.jar
7f57c08c3000-7f57c08c4000 r--s 00004000 08:01 4854029                    /home/yx/.gradle/wrapper/dists/gradle-4.1-all/bzyivzo6n839fup2jbap0tjew/gradle-4.1/lib/native-platform-freebsd-amd64-libcpp-0.14.jar
7f57c08c4000-7f57c08c5000 r--s 00004000 08:01 4854030                    /home/yx/.gradle/wrapper/dists/gradle-4.1-all/bzyivzo6n839fup2jbap0tjew/gradle-4.1/lib/native-platform-freebsd-amd64-libstdcpp-0.14.jar
7f57c08c5000-7f57c08c6000 r--s 00004000 08:01 4854031                    /home/yx/.gradle/wrapper/dists/gradle-4.1-all/bzyivzo6n839fup2jbap0tjew/gradle-4.1/lib/native-platform-freebsd-i386-libcpp-0.14.jar
7f57c08c6000-7f57c08c7000 r--s 00003000 08:01 4854032                    /home/yx/.gradle/wrapper/dists/gradle-4.1-all/bzyivzo6n839fup2jbap0tjew/gradle-4.1/lib/native-platform-freebsd-i386-libstdcpp-0.14.jar
7f57c08c7000-7f57c08c8000 r--s 00002000 08:01 4854033                    /home/yx/.gradle/wrapper/dists/gradle-4.1-all/bzyivzo6n839fup2jbap0tjew/gradle-4.1/lib/native-platform-linux-amd64-0.14.jar
7f57c08c8000-7f57c08c9000 r--s 00002000 08:01 4854034                    /home/yx/.gradle/wrapper/dists/gradle-4.1-all/bzyivzo6n839fup2jbap0tjew/gradle-4.1/lib/native-platform-linux-i386-0.14.jar
7f57c08c9000-7f57c08cb000 r--s 00002000 08:01 4854035                    /home/yx/.gradle/wrapper/dists/gradle-4.1-all/bzyivzo6n839fup2jbap0tjew/gradle-4.1/lib/native-platform-osx-amd64-0.14.jar
7f57c08cb000-7f57c08cc000 r--s 00003000 08:01 4854036                    /home/yx/.gradle/wrapper/dists/gradle-4.1-all/bzyivzo6n839fup2jbap0tjew/gradle-4.1/lib/native-platform-osx-i386-0.14.jar
7f57c08cc000-7f57c08ce000 r--s 0000b000 08:01 4854037                    /home/yx/.gradle/wrapper/dists/gradle-4.1-all/bzyivzo6n839fup2jbap0tjew/gradle-4.1/lib/native-platform-windows-amd64-0.14.jar
7f57c08ce000-7f57c08cf000 r--s 0000b000 08:01 4854038                    /home/yx/.gradle/wrapper/dists/gradle-4.1-all/bzyivzo6n839fup2jbap0tjew/gradle-4.1/lib/native-platform-windows-i386-0.14.jar
7f57c08cf000-7f57c08d0000 r--s 00001000 08:01 4854039                    /home/yx/.gradle/wrapper/dists/gradle-4.1-all/bzyivzo6n839fup2jbap0tjew/gradle-4.1/lib/native-platform-linux-amd64-ncurses5-0.14.jar
7f57c08d0000-7f57c08d1000 r--s 00001000 08:01 4854040                    /home/yx/.gradle/wrapper/dists/gradle-4.1-all/bzyivzo6n839fup2jbap0tjew/gradle-4.1/lib/native-platform-linux-amd64-ncurses6-0.14.jar
7f57c08d1000-7f57c08d5000 r--s 00012000 08:01 4854025                    /home/yx/.gradle/wrapper/dists/gradle-4.1-all/bzyivzo6n839fup2jbap0tjew/gradle-4.1/lib/native-platform-0.14.jar
7f57c08d5000-7f57c08d8000 r--s 0000c000 08:01 4854002                    /home/yx/.gradle/wrapper/dists/gradle-4.1-all/bzyivzo6n839fup2jbap0tjew/gradle-4.1/lib/gradle-native-4.1.jar
7f57c08d8000-7f57c08da000 r--s 0000f000 08:01 4854010                    /home/yx/.gradle/wrapper/dists/gradle-4.1-all/bzyivzo6n839fup2jbap0tjew/gradle-4.1/lib/reflectasm-1.07-shaded.jar
7f57c08da000-7f57c08dc000 r--s 00000000 08:01 4854043                    /home/yx/.gradle/wrapper/dists/gradle-4.1-all/bzyivzo6n839fup2jbap0tjew/gradle-4.1/lib/minlog-1.2.jar
7f57c08dc000-7f57c08de000 r--s 00007000 08:01 4854044                    /home/yx/.gradle/wrapper/dists/gradle-4.1-all/bzyivzo6n839fup2jbap0tjew/gradle-4.1/lib/objenesis-1.2.jar
7f57c08de000-7f57c08e2000 r--s 00026000 08:01 4854009                    /home/yx/.gradle/wrapper/dists/gradle-4.1-all/bzyivzo6n839fup2jbap0tjew/gradle-4.1/lib/kryo-2.20.jar
7f57c08e2000-7f57c08e8000 r--s 0002b000 08:01 4854006                    /home/yx/.gradle/wrapper/dists/gradle-4.1-all/bzyivzo6n839fup2jbap0tjew/gradle-4.1/lib/gradle-messaging-4.1.jar
7f57c08e8000-7f57c08ed000 r--s 00041000 08:01 4854019                    /home/yx/.gradle/wrapper/dists/gradle-4.1-all/bzyivzo6n839fup2jbap0tjew/gradle-4.1/lib/commons-lang-2.6.jar
7f57c08ed000-7f57c0915000 r--s 001cf000 08:01 4854017                    /home/yx/.gradle/wrapper/dists/gradle-4.1-all/bzyivzo6n839fup2jbap0tjew/gradle-4.1/lib/guava-jdk5-17.0.jar
7f57c0915000-7f57c0934000 r--s 001d1000 08:01 4854022                    /home/yx/.gradle/wrapper/dists/gradle-4.1-all/bzyivzo6n839fup2jbap0tjew/gradle-4.1/lib/ant-1.9.6.jar
7f57c0934000-7f57c0935000 ---p 00000000 00:00 0 
7f57c0935000-7f57c0a35000 rw-p 00000000 00:00 0 
7f57c0a35000-7f57c0a38000 ---p 00000000 00:00 0 
7f57c0a38000-7f57c0b36000 rw-p 00000000 00:00 0 
7f57c0b36000-7f57c0b39000 ---p 00000000 00:00 0 
7f57c0b39000-7f57c0c37000 rw-p 00000000 00:00 0 
7f57c0c37000-7f57c0c3a000 ---p 00000000 00:00 0 
7f57c0c3a000-7f57c0d38000 rw-p 00000000 00:00 0 
7f57c0d38000-7f57c0d3b000 ---p 00000000 00:00 0 
7f57c0d3b000-7f57c0e39000 rw-p 00000000 00:00 0 
7f57c0e39000-7f57c17f8000 r--p 00000000 08:01 401147                     /usr/lib/locale/locale-archive
7f57c17f8000-7f57c17fb000 ---p 00000000 00:00 0 
7f57c17fb000-7f57c18f9000 rw-p 00000000 00:00 0 
7f57c18f9000-7f57c18fc000 ---p 00000000 00:00 0 
7f57c18fc000-7f57c19fa000 rw-p 00000000 00:00 0 
7f57c19fa000-7f57c19fb000 ---p 00000000 00:00 0 
7f57c19fb000-7f57c5000000 rw-p 00000000 00:00 0 
7f57c5000000-7f57c6010000 rwxp 00000000 00:00 0 
7f57c6010000-7f57d4000000 ---p 00000000 00:00 0 
7f57d4000000-7f57d4cea000 rw-p 00000000 00:00 0 
7f57d4cea000-7f57d8000000 ---p 00000000 00:00 0 
7f57d8000000-7f57d8001000 r--s 00001000 08:01 4854041                    /home/yx/.gradle/wrapper/dists/gradle-4.1-all/bzyivzo6n839fup2jbap0tjew/gradle-4.1/lib/native-platform-linux-i386-ncurses5-0.14.jar
7f57d8001000-7f57d8003000 r--s 00006000 08:01 4854000                    /home/yx/.gradle/wrapper/dists/gradle-4.1-all/bzyivzo6n839fup2jbap0tjew/gradle-4.1/lib/gradle-process-services-4.1.jar
7f57d8003000-7f57d804d000 r--s 00253000 08:01 4853997                    /home/yx/.gradle/wrapper/dists/gradle-4.1-all/bzyivzo6n839fup2jbap0tjew/gradle-4.1/lib/gradle-core-4.1.jar
7f57d804d000-7f57d84e1000 rw-p 00000000 00:00 0 
7f57d84e1000-7f57d86b1000 r--s 03c46000 08:01 4980938                    /home/yx/android-studio/jre/jre/lib/rt.jar
7f57d86b1000-7f57d9227000 rw-p 00000000 00:00 0 
7f57d9227000-7f57d9228000 ---p 00000000 00:00 0 
7f57d9228000-7f57d9328000 rw-p 00000000 00:00 0 
7f57d9328000-7f57d9329000 ---p 00000000 00:00 0 
7f57d9329000-7f57d943e000 rw-p 00000000 00:00 0 
7f57d943e000-7f57d9629000 ---p 00000000 00:00 0 
7f57d9629000-7f57d963e000 rw-p 00000000 00:00 0 
7f57d963e000-7f57d9829000 ---p 00000000 00:00 0 
7f57d9829000-7f57d9890000 rw-p 00000000 00:00 0 
7f57d9890000-7f57d9929000 ---p 00000000 00:00 0 
7f57d9929000-7f57d996b000 rw-p 00000000 00:00 0 
7f57d996b000-7f57d9cea000 ---p 00000000 00:00 0 
7f57d9cea000-7f57d9d04000 r-xp 00000000 08:01 4980965                    /home/yx/android-studio/jre/jre/lib/amd64/libzip.so
7f57d9d04000-7f57d9f04000 ---p 0001a000 08:01 4980965                    /home/yx/android-studio/jre/jre/lib/amd64/libzip.so
7f57d9f04000-7f57d9f05000 r--p 0001a000 08:01 4980965                    /home/yx/android-studio/jre/jre/lib/amd64/libzip.so
7f57d9f05000-7f57d9f06000 rw-p 0001b000 08:01 4980965                    /home/yx/android-studio/jre/jre/lib/amd64/libzip.so
7f57d9f06000-7f57d9f11000 r-xp 00000000 08:01 1316670                    /lib/x86_64-linux-gnu/libnss_files-2.23.so
7f57d9f11000-7f57da110000 ---p 0000b000 08:01 1316670                    /lib/x86_64-linux-gnu/libnss_files-2.23.so
7f57da110000-7f57da111000 r--p 0000a000 08:01 1316670                    /lib/x86_64-linux-gnu/libnss_files-2.23.so
7f57da111000-7f57da112000 rw-p 0000b000 08:01 1316670                    /lib/x86_64-linux-gnu/libnss_files-2.23.so
7f57da112000-7f57da118000 rw-p 00000000 00:00 0 
7f57da118000-7f57da123000 r-xp 00000000 08:01 1316677                    /lib/x86_64-linux-gnu/libnss_nis-2.23.so
7f57da123000-7f57da322000 ---p 0000b000 08:01 1316677                    /lib/x86_64-linux-gnu/libnss_nis-2.23.so
7f57da322000-7f57da323000 r--p 0000a000 08:01 1316677                    /lib/x86_64-linux-gnu/libnss_nis-2.23.so
7f57da323000-7f57da324000 rw-p 0000b000 08:01 1316677                    /lib/x86_64-linux-gnu/libnss_nis-2.23.so
7f57da324000-7f57da33a000 r-xp 00000000 08:01 1316678                    /lib/x86_64-linux-gnu/libnsl-2.23.so
7f57da33a000-7f57da539000 ---p 00016000 08:01 1316678                    /lib/x86_64-linux-gnu/libnsl-2.23.so
7f57da539000-7f57da53a000 r--p 00015000 08:01 1316678                    /lib/x86_64-linux-gnu/libnsl-2.23.so
7f57da53a000-7f57da53b000 rw-p 00016000 08:01 1316678                    /lib/x86_64-linux-gnu/libnsl-2.23.so
7f57da53b000-7f57da53d000 rw-p 00000000 00:00 0 
7f57da53d000-7f57da545000 r-xp 00000000 08:01 1316680                    /lib/x86_64-linux-gnu/libnss_compat-2.23.so
7f57da545000-7f57da744000 ---p 00008000 08:01 1316680                    /lib/x86_64-linux-gnu/libnss_compat-2.23.so
7f57da744000-7f57da745000 r--p 00007000 08:01 1316680                    /lib/x86_64-linux-gnu/libnss_compat-2.23.so
7f57da745000-7f57da746000 rw-p 00008000 08:01 1316680                    /lib/x86_64-linux-gnu/libnss_compat-2.23.so
7f57da746000-7f57da773000 r-xp 00000000 08:01 4980950                    /home/yx/android-studio/jre/jre/lib/amd64/libjava.so
7f57da773000-7f57da972000 ---p 0002d000 08:01 4980950                    /home/yx/android-studio/jre/jre/lib/amd64/libjava.so
7f57da972000-7f57da973000 r--p 0002c000 08:01 4980950                    /home/yx/android-studio/jre/jre/lib/amd64/libjava.so
7f57da973000-7f57da975000 rw-p 0002d000 08:01 4980950                    /home/yx/android-studio/jre/jre/lib/amd64/libjava.so
7f57da975000-7f57da985000 r-xp 00000000 08:01 4980980                    /home/yx/android-studio/jre/jre/lib/amd64/libverify.so
7f57da985000-7f57dab84000 ---p 00010000 08:01 4980980                    /home/yx/android-studio/jre/jre/lib/amd64/libverify.so
7f57dab84000-7f57dab86000 r--p 0000f000 08:01 4980980                    /home/yx/android-studio/jre/jre/lib/amd64/libverify.so
7f57dab86000-7f57dab87000 rw-p 00011000 08:01 4980980                    /home/yx/android-studio/jre/jre/lib/amd64/libverify.so
7f57dab87000-7f57dab8e000 r-xp 00000000 08:01 1316669                    /lib/x86_64-linux-gnu/librt-2.23.so
7f57dab8e000-7f57dad8d000 ---p 00007000 08:01 1316669                    /lib/x86_64-linux-gnu/librt-2.23.so
7f57dad8d000-7f57dad8e000 r--p 00006000 08:01 1316669                    /lib/x86_64-linux-gnu/librt-2.23.so
7f57dad8e000-7f57dad8f000 rw-p 00007000 08:01 1316669                    /lib/x86_64-linux-gnu/librt-2.23.so
7f57dad8f000-7f57dae97000 r-xp 00000000 08:01 1316674                    /lib/x86_64-linux-gnu/libm-2.23.so
7f57dae97000-7f57db096000 ---p 00108000 08:01 1316674                    /lib/x86_64-linux-gnu/libm-2.23.so
7f57db096000-7f57db097000 r--p 00107000 08:01 1316674                    /lib/x86_64-linux-gnu/libm-2.23.so
7f57db097000-7f57db098000 rw-p 00108000 08:01 1316674                    /lib/x86_64-linux-gnu/libm-2.23.so
7f57db098000-7f57dbc90000 r-xp 00000000 08:01 4980975                    /home/yx/android-studio/jre/jre/lib/amd64/server/libjvm.so
7f57dbc90000-7f57dbe90000 ---p 00bf8000 08:01 4980975                    /home/yx/android-studio/jre/jre/lib/amd64/server/libjvm.so
7f57dbe90000-7f57dbf2f000 r--p 00bf8000 08:01 4980975                    /home/yx/android-studio/jre/jre/lib/amd64/server/libjvm.so
7f57dbf2f000-7f57dbf58000 rw-p 00c97000 08:01 4980975                    /home/yx/android-studio/jre/jre/lib/amd64/server/libjvm.so
7f57dbf58000-7f57dbf9c000 rw-p 00000000 00:00 0 
7f57dbf9c000-7f57dbfb4000 r-xp 00000000 08:01 1312594                    /lib/x86_64-linux-gnu/libpthread-2.23.so
7f57dbfb4000-7f57dc1b3000 ---p 00018000 08:01 1312594                    /lib/x86_64-linux-gnu/libpthread-2.23.so
7f57dc1b3000-7f57dc1b4000 r--p 00017000 08:01 1312594                    /lib/x86_64-linux-gnu/libpthread-2.23.so
7f57dc1b4000-7f57dc1b5000 rw-p 00018000 08:01 1312594                    /lib/x86_64-linux-gnu/libpthread-2.23.so
7f57dc1b5000-7f57dc1b9000 rw-p 00000000 00:00 0 
7f57dc1b9000-7f57dc1bc000 r-xp 00000000 08:01 1316666                    /lib/x86_64-linux-gnu/libdl-2.23.so
7f57dc1bc000-7f57dc3bb000 ---p 00003000 08:01 1316666                    /lib/x86_64-linux-gnu/libdl-2.23.so
7f57dc3bb000-7f57dc3bc000 r--p 00002000 08:01 1316666                    /lib/x86_64-linux-gnu/libdl-2.23.so
7f57dc3bc000-7f57dc3bd000 rw-p 00003000 08:01 1316666                    /lib/x86_64-linux-gnu/libdl-2.23.so
7f57dc3bd000-7f57dc57d000 r-xp 00000000 08:01 1316679                    /lib/x86_64-linux-gnu/libc-2.23.so
7f57dc57d000-7f57dc77d000 ---p 001c0000 08:01 1316679                    /lib/x86_64-linux-gnu/libc-2.23.so
7f57dc77d000-7f57dc781000 r--p 001c0000 08:01 1316679                    /lib/x86_64-linux-gnu/libc-2.23.so
7f57dc781000-7f57dc783000 rw-p 001c4000 08:01 1316679                    /lib/x86_64-linux-gnu/libc-2.23.so
7f57dc783000-7f57dc787000 rw-p 00000000 00:00 0 
7f57dc787000-7f57dc79d000 r-xp 00000000 08:01 4981102                    /home/yx/android-studio/jre/lib/amd64/jli/libjli.so
7f57dc79d000-7f57dc99c000 ---p 00016000 08:01 4981102                    /home/yx/android-studio/jre/lib/amd64/jli/libjli.so
7f57dc99c000-7f57dc99d000 r--p 00015000 08:01 4981102                    /home/yx/android-studio/jre/lib/amd64/jli/libjli.so
7f57dc99d000-7f57dc99e000 rw-p 00016000 08:01 4981102                    /home/yx/android-studio/jre/lib/amd64/jli/libjli.so
7f57dc99e000-7f57dc9c4000 r-xp 00000000 08:01 1316671                    /lib/x86_64-linux-gnu/ld-2.23.so
7f57dc9c4000-7f57dc9c5000 r--s 00001000 08:01 4854042                    /home/yx/.gradle/wrapper/dists/gradle-4.1-all/bzyivzo6n839fup2jbap0tjew/gradle-4.1/lib/native-platform-linux-i386-ncurses6-0.14.jar
7f57dc9c5000-7f57dc9c7000 r--s 00000000 08:01 4853998                    /home/yx/.gradle/wrapper/dists/gradle-4.1-all/bzyivzo6n839fup2jbap0tjew/gradle-4.1/lib/gradle-jvm-services-4.1.jar
7f57dc9c7000-7f57dc9ca000 r--s 00006000 08:01 4854018                    /home/yx/.gradle/wrapper/dists/gradle-4.1-all/bzyivzo6n839fup2jbap0tjew/gradle-4.1/lib/jsr305-1.3.9.jar
7f57dc9ca000-7f57dc9ce000 r--s 00027000 08:01 4854012                    /home/yx/.gradle/wrapper/dists/gradle-4.1-all/bzyivzo6n839fup2jbap0tjew/gradle-4.1/lib/commons-io-2.2.jar
7f57dc9ce000-7f57dc9d6000 r--s 000bd000 08:01 4854011                    /home/yx/.gradle/wrapper/dists/gradle-4.1-all/bzyivzo6n839fup2jbap0tjew/gradle-4.1/lib/asm-debug-all-6.0_ALPHA.jar
7f57dc9d6000-7f57dc9e2000 r--s 00053000 08:01 4854007                    /home/yx/.gradle/wrapper/dists/gradle-4.1-all/bzyivzo6n839fup2jbap0tjew/gradle-4.1/lib/gradle-base-services-4.1.jar
7f57dc9e2000-7f57dcaa4000 rw-p 00000000 00:00 0 
7f57dcaa4000-7f57dcaa7000 ---p 00000000 00:00 0 
7f57dcaa7000-7f57dcba9000 rw-p 00000000 00:00 0 
7f57dcba9000-7f57dcbaa000 r--s 00000000 08:01 4854020                    /home/yx/.gradle/wrapper/dists/gradle-4.1-all/bzyivzo6n839fup2jbap0tjew/gradle-4.1/lib/jcip-annotations-1.0.jar
7f57dcbaa000-7f57dcbab000 r--s 00007000 08:01 4854016                    /home/yx/.gradle/wrapper/dists/gradle-4.1-all/bzyivzo6n839fup2jbap0tjew/gradle-4.1/lib/slf4j-api-1.7.10.jar
7f57dcbab000-7f57dcbac000 r--s 00004000 08:01 4854028                    /home/yx/.gradle/wrapper/dists/gradle-4.1-all/bzyivzo6n839fup2jbap0tjew/gradle-4.1/lib/ant-launcher-1.9.6.jar
7f57dcbac000-7f57dcbb8000 r--s 0005c000 08:01 4853992                    /home/yx/.gradle/wrapper/dists/gradle-4.1-all/bzyivzo6n839fup2jbap0tjew/gradle-4.1/lib/gradle-launcher-4.1.jar
7f57dcbb8000-7f57dcbc0000 rw-s 00000000 08:01 267852                     /tmp/hsperfdata_yx/9802
7f57dcbc0000-7f57dcbc1000 rw-p 00000000 00:00 0 
7f57dcbc1000-7f57dcbc2000 ---p 00000000 00:00 0 
7f57dcbc2000-7f57dcbc3000 rw-p 00000000 00:00 0 
7f57dcbc3000-7f57dcbc4000 r--p 00025000 08:01 1316671                    /lib/x86_64-linux-gnu/ld-2.23.so
7f57dcbc4000-7f57dcbc5000 rw-p 00026000 08:01 1316671                    /lib/x86_64-linux-gnu/ld-2.23.so
7f57dcbc5000-7f57dcbc6000 rw-p 00000000 00:00 0 
7ffe8f7a0000-7ffe8f7c1000 rw-p 00000000 00:00 0                          [stack]
7ffe8f7cc000-7ffe8f7cf000 r--p 00000000 00:00 0                          [vvar]
7ffe8f7cf000-7ffe8f7d1000 r-xp 00000000 00:00 0                          [vdso]
ffffffffff600000-ffffffffff601000 r-xp 00000000 00:00 0                  [vsyscall]

VM Arguments:
jvm_args: -Xmx1536m -Dfile.encoding=UTF-8 -Duser.country=US -Duser.language=en -Duser.variant 
java_command: org.gradle.launcher.daemon.bootstrap.GradleDaemon 4.1
java_class_path (initial): /home/yx/.gradle/wrapper/dists/gradle-4.1-all/bzyivzo6n839fup2jbap0tjew/gradle-4.1/lib/gradle-launcher-4.1.jar
Launcher Type: SUN_STANDARD

Environment Variables:
PATH=/home/yx/Android/Sdk/emulator:/home/yx/Android/Sdk/platform-tools:/home/yx/Android/Sdk/tools/bin:/home/yx/bin:/home/yx/.local/bin:/usr/local/sbin:/usr/local/bin:/usr/sbin:/usr/bin:/sbin:/bin:/usr/games:/usr/local/games:/snap/bin
LD_LIBRARY_PATH=.:
SHELL=/bin/bash
DISPLAY=:0

Signal Handlers:
SIGSEGV: [libjvm.so+0x9ebc60], sa_mask[0]=11111111011111111101111111111110, sa_flags=SA_RESTART|SA_SIGINFO
SIGBUS: [libjvm.so+0x9ebc60], sa_mask[0]=11111111011111111101111111111110, sa_flags=SA_RESTART|SA_SIGINFO
SIGFPE: [libjvm.so+0x84cf60], sa_mask[0]=11111111011111111101111111111110, sa_flags=SA_RESTART|SA_SIGINFO
SIGPIPE: [libjvm.so+0x84cf60], sa_mask[0]=11111111011111111101111111111110, sa_flags=SA_RESTART|SA_SIGINFO
SIGXFSZ: [libjvm.so+0x84cf60], sa_mask[0]=11111111011111111101111111111110, sa_flags=SA_RESTART|SA_SIGINFO
SIGILL: [libjvm.so+0x84cf60], sa_mask[0]=11111111011111111101111111111110, sa_flags=SA_RESTART|SA_SIGINFO
SIGUSR1: SIG_DFL, sa_mask[0]=00000000000000000000000000000000, sa_flags=none
SIGUSR2: [libjvm.so+0x84ce30], sa_mask[0]=00100000000000000000000000000000, sa_flags=SA_RESTART|SA_SIGINFO
SIGHUP: [libjvm.so+0x84d020], sa_mask[0]=11111111011111111101111111111110, sa_flags=SA_RESTART|SA_SIGINFO
SIGINT: [libjvm.so+0x84d020], sa_mask[0]=11111111011111111101111111111110, sa_flags=SA_RESTART|SA_SIGINFO
SIGTERM: [libjvm.so+0x84d020], sa_mask[0]=11111111011111111101111111111110, sa_flags=SA_RESTART|SA_SIGINFO
SIGQUIT: [libjvm.so+0x84d020], sa_mask[0]=11111111011111111101111111111110, sa_flags=SA_RESTART|SA_SIGINFO


---------------  S Y S T E M  ---------------

OS:DISTRIB_ID=Ubuntu
DISTRIB_RELEASE=16.04
DISTRIB_CODENAME=xenial
DISTRIB_DESCRIPTION="Ubuntu 16.04.7 LTS"

uname:Linux 4.15.0-112-generic #113~16.04.1-Ubuntu SMP Fri Jul 10 04:37:08 UTC 2020 x86_64
libc:glibc 2.23 NPTL 2.23 
rlimit: STACK 8192k, CORE 0k, NPROC 15448, NOFILE 1048576, AS infinity
load average:11.08 13.21 10.09

/proc/meminfo:
MemTotal:        4015908 kB
MemFree:          111016 kB
MemAvailable:      16252 kB
Buffers:             792 kB
Cached:            22180 kB
SwapCached:         1620 kB
Active:          2620856 kB
Inactive:         576192 kB
Active(anon):    2614360 kB
Inactive(anon):   566716 kB
Active(file):       6496 kB
Inactive(file):     9476 kB
Unevictable:          48 kB
Mlocked:              48 kB
SwapTotal:        998396 kB
SwapFree:              0 kB
Dirty:                88 kB
Writeback:             0 kB
AnonPages:       3172728 kB
Mapped:            13680 kB
Shmem:              6808 kB
Slab:              99944 kB
SReclaimable:      35412 kB
SUnreclaim:        64532 kB
KernelStack:       13792 kB
PageTables:        44612 kB
NFS_Unstable:          0 kB
Bounce:                0 kB
WritebackTmp:          0 kB
CommitLimit:     3006348 kB
Committed_AS:    8902252 kB
VmallocTotal:   34359738367 kB
VmallocUsed:           0 kB
VmallocChunk:          0 kB
HardwareCorrupted:     0 kB
AnonHugePages:   1017856 kB
ShmemHugePages:        0 kB
ShmemPmdMapped:        0 kB
CmaTotal:              0 kB
CmaFree:               0 kB
HugePages_Total:       0
HugePages_Free:        0
HugePages_Rsvd:        0
HugePages_Surp:        0
Hugepagesize:       2048 kB
DirectMap4k:      112448 kB
DirectMap2M:     4081664 kB
DirectMap1G:     2097152 kB


CPU:total 2 (initial active 2) (1 cores per cpu, 1 threads per core) family 6 model 151 stepping 2, cmov, cx8, fxsr, mmx, sse, sse2, sse3, ssse3, sse4.1, sse4.2, popcnt, avx, avx2, aes, clmul, erms, 3dnowpref, lzcnt, tsc, tscinvbit, bmi1, bmi2, adx

/proc/cpuinfo:
processor	: 0
vendor_id	: GenuineIntel
cpu family	: 6
model		: 151
model name	: 12th Gen Intel(R) Core(TM) i5-12490F
stepping	: 2
microcode	: 0x25
cpu MHz		: 2995.202
cache size	: 20480 KB
physical id	: 0
siblings	: 1
core id		: 0
cpu cores	: 1
apicid		: 0
initial apicid	: 0
fpu		: yes
fpu_exception	: yes
cpuid level	: 32
wp		: yes
flags		: fpu vme de pse tsc msr pae mce cx8 apic sep mtrr pge mca cmov pat pse36 clflush mmx fxsr sse sse2 ss syscall nx pdpe1gb rdtscp lm constant_tsc arch_perfmon rep_good nopl xtopology tsc_reliable nonstop_tsc cpuid pni pclmulqdq vmx ssse3 fma cx16 pcid sse4_1 sse4_2 x2apic movbe popcnt tsc_deadline_timer aes xsave avx f16c rdrand hypervisor lahf_lm abm 3dnowprefetch invpcid_single ssbd ibrs ibpb stibp ibrs_enhanced tpr_shadow vnmi ept vpid fsgsbase tsc_adjust bmi1 avx2 smep bmi2 erms invpcid rdseed adx smap clflushopt clwb sha_ni xsaveopt xsavec xgetbv1 xsaves arat umip pku ospke gfni vaes vpclmulqdq rdpid md_clear flush_l1d arch_capabilities
bugs		: spectre_v1 spectre_v2 spec_store_bypass swapgs itlb_multihit
bogomips	: 5990.40
clflush size	: 64
cache_alignment	: 64
address sizes	: 45 bits physical, 48 bits virtual
power management:

processor	: 1
vendor_id	: GenuineIntel
cpu family	: 6
model		: 151
model name	: 12th Gen Intel(R) Core(TM) i5-12490F
stepping	: 2
microcode	: 0x25
cpu MHz		: 2995.202
cache size	: 20480 KB
physical id	: 2
siblings	: 1
core id		: 0
cpu cores	: 1
apicid		: 2
initial apicid	: 2
fpu		: yes
fpu_exception	: yes
cpuid level	: 32
wp		: yes
flags		: fpu vme de pse tsc msr pae mce cx8 apic sep mtrr pge mca cmov pat pse36 clflush mmx fxsr sse sse2 ss syscall nx pdpe1gb rdtscp lm constant_tsc arch_perfmon rep_good nopl xtopology tsc_reliable nonstop_tsc cpuid pni pclmulqdq vmx ssse3 fma cx16 pcid sse4_1 sse4_2 x2apic movbe popcnt tsc_deadline_timer aes xsave avx f16c rdrand hypervisor lahf_lm abm 3dnowprefetch invpcid_single ssbd ibrs ibpb stibp ibrs_enhanced tpr_shadow vnmi ept vpid fsgsbase tsc_adjust bmi1 avx2 smep bmi2 erms invpcid rdseed adx smap clflushopt clwb sha_ni xsaveopt xsavec xgetbv1 xsaves arat umip pku ospke gfni vaes vpclmulqdq rdpid md_clear flush_l1d arch_capabilities
bugs		: spectre_v1 spectre_v2 spec_store_bypass swapgs itlb_multihit
bogomips	: 5990.40
clflush size	: 64
cache_alignment	: 64
address sizes	: 45 bits physical, 48 bits virtual
power management:



Memory: 4k page, physical 4015908k(111520k free), swap 998396k(0k free)

vm_info: OpenJDK 64-Bit Server VM (25.152-b01) for linux-amd64 JRE (1.8.0_152-release-915-b01), built by "builder" with gcc 4.8.4

time: Sat Dec 21 08:28:16 2024
elapsed time: 36 seconds (0d 0h 0m 36s)

